<?xml version="1.0" encoding="UTF-8"?>
<testsuite name="org.springframework.http.client.MultipartBodyBuilderTests" tests="2" skipped="0" failures="0" errors="0" timestamp="2023-09-21T20:31:17" hostname="DESKTOP" time="0.087">
  <properties/>
  <testcase name="publisherEntityAcceptedAsInput()" classname="org.springframework.http.client.MultipartBodyBuilderTests" time="0.085"/>
  <testcase name="builder()" classname="org.springframework.http.client.MultipartBodyBuilderTests" time="0.002"/>
  <system-out><![CDATA[]]></system-out>
  <system-err><![CDATA[]]></system-err>
</testsuite>
