<?xml version="1.0" encoding="UTF-8"?>
<testsuite name="org.springframework.web.context.request.async.WebAsyncManagerTimeoutTests" tests="10" skipped="0" failures="0" errors="0" timestamp="2023-09-21T20:31:58" hostname="DESKTOP" time="0.014">
  <properties/>
  <testcase name="startCallableProcessingTimeoutAndResumeThroughInterceptor()" classname="org.springframework.web.context.request.async.WebAsyncManagerTimeoutTests" time="0.001"/>
  <testcase name="startCallableProcessingAfterTimeoutException()" classname="org.springframework.web.context.request.async.WebAsyncManagerTimeoutTests" time="0.001"/>
  <testcase name="startDeferredResultProcessingTimeoutAndResumeThroughCallback()" classname="org.springframework.web.context.request.async.WebAsyncManagerTimeoutTests" time="0.0"/>
  <testcase name="startCallableProcessingTimeoutAndResumeThroughCallback()" classname="org.springframework.web.context.request.async.WebAsyncManagerTimeoutTests" time="0.001"/>
  <testcase name="startCallableProcessingTimeoutAndComplete()" classname="org.springframework.web.context.request.async.WebAsyncManagerTimeoutTests" time="0.001"/>
  <testcase name="startDeferredResultProcessingAfterTimeoutException()" classname="org.springframework.web.context.request.async.WebAsyncManagerTimeoutTests" time="0.001"/>
  <testcase name="startDeferredResultProcessingTimeoutAndResumeThroughInterceptor()" classname="org.springframework.web.context.request.async.WebAsyncManagerTimeoutTests" time="0.0"/>
  <testcase name="startDeferredResultProcessingTimeoutAndComplete()" classname="org.springframework.web.context.request.async.WebAsyncManagerTimeoutTests" time="0.001"/>
  <testcase name="startCallableProcessingTimeoutAndCheckThreadInterrupted()" classname="org.springframework.web.context.request.async.WebAsyncManagerTimeoutTests" time="0.006"/>
  <testcase name="startDeferredResultProcessingTimeoutAndResumeWithDefaultResult()" classname="org.springframework.web.context.request.async.WebAsyncManagerTimeoutTests" time="0.0"/>
  <system-out><![CDATA[]]></system-out>
  <system-err><![CDATA[]]></system-err>
</testsuite>
