<?xml version="1.0" encoding="UTF-8"?>
<testsuite name="org.springframework.http.codec.multipart.SynchronossPartHttpMessageReaderTests" tests="9" skipped="0" failures="0" errors="0" timestamp="2023-09-21T20:31:29" hostname="DESKTOP" time="0.018">
  <properties/>
  <testcase name="transferTo()" classname="org.springframework.http.codec.multipart.SynchronossPartHttpMessageReaderTests" time="0.007"/>
  <testcase name="readPartsWithoutDemand()" classname="org.springframework.http.codec.multipart.SynchronossPartHttpMessageReaderTests" time="0.001"/>
  <testcase name="readPartHeadersTooBig()" classname="org.springframework.http.codec.multipart.SynchronossPartHttpMessageReaderTests" time="0.002"/>
  <testcase name="readFilePartTooBig()" classname="org.springframework.http.codec.multipart.SynchronossPartHttpMessageReaderTests" time="0.002"/>
  <testcase name="gh23768()" classname="org.springframework.http.codec.multipart.SynchronossPartHttpMessageReaderTests" time="0.001"/>
  <testcase name="resolveParts()" classname="org.springframework.http.codec.multipart.SynchronossPartHttpMessageReaderTests" time="0.002"/>
  <testcase name="canRead()" classname="org.springframework.http.codec.multipart.SynchronossPartHttpMessageReaderTests" time="0.0"/>
  <testcase name="readTooManyParts()" classname="org.springframework.http.codec.multipart.SynchronossPartHttpMessageReaderTests" time="0.002"/>
  <testcase name="bodyError()" classname="org.springframework.http.codec.multipart.SynchronossPartHttpMessageReaderTests" time="0.0"/>
  <system-out><![CDATA[]]></system-out>
  <system-err><![CDATA[]]></system-err>
</testsuite>
