<?xml version="1.0" encoding="UTF-8"?>
<testsuite name="org.springframework.http.client.StreamingSimpleClientHttpRequestFactoryTests" tests="8" skipped="1" failures="0" errors="0" timestamp="2023-09-21T20:31:23" hostname="DESKTOP" time="0.026">
  <properties/>
  <testcase name="headersAfterExecute()" classname="org.springframework.http.client.StreamingSimpleClientHttpRequestFactoryTests" time="0.002"/>
  <testcase name="status()" classname="org.springframework.http.client.StreamingSimpleClientHttpRequestFactoryTests" time="0.002"/>
  <testcase name="echo()" classname="org.springframework.http.client.StreamingSimpleClientHttpRequestFactoryTests" time="0.001"/>
  <testcase name="multipleWrites()" classname="org.springframework.http.client.StreamingSimpleClientHttpRequestFactoryTests" time="0.002"/>
  <testcase name="queryParameters()" classname="org.springframework.http.client.StreamingSimpleClientHttpRequestFactoryTests" time="0.001"/>
  <testcase name="httpMethods()" classname="org.springframework.http.client.StreamingSimpleClientHttpRequestFactoryTests" time="0.014"/>
  <testcase name="largeFileUpload()" classname="org.springframework.http.client.StreamingSimpleClientHttpRequestFactoryTests" time="0.001">
    <skipped/>
  </testcase>
  <testcase name="interceptor()" classname="org.springframework.http.client.StreamingSimpleClientHttpRequestFactoryTests" time="0.002"/>
  <system-out><![CDATA[]]></system-out>
  <system-err><![CDATA[Sep 21, 2023 4:31:23 PM okhttp3.mockwebserver.MockWebServer$3 execute
INFO: MockWebServer[57073] starting to accept connections
Sep 21, 2023 4:31:23 PM okhttp3.mockwebserver.MockWebServer$4 processOneRequest
INFO: MockWebServer[57073] received request: POST /status/ok HTTP/1.1 and responded: HTTP/1.1 200 OK
Sep 21, 2023 4:31:23 PM okhttp3.mockwebserver.MockWebServer$3 acceptConnections
INFO: MockWebServer[57073] done accepting connections: socket closed
Sep 21, 2023 4:31:23 PM okhttp3.mockwebserver.MockWebServer$3 execute
INFO: MockWebServer[57075] starting to accept connections
Sep 21, 2023 4:31:23 PM okhttp3.mockwebserver.MockWebServer$4 processOneRequest
INFO: MockWebServer[57075] received request: GET /status/notfound HTTP/1.1 and responded: HTTP/1.1 404 Client Error
Sep 21, 2023 4:31:23 PM okhttp3.mockwebserver.MockWebServer$3 acceptConnections
INFO: MockWebServer[57075] done accepting connections: socket closed
Sep 21, 2023 4:31:23 PM okhttp3.mockwebserver.MockWebServer$3 execute
INFO: MockWebServer[57077] starting to accept connections
Sep 21, 2023 4:31:23 PM okhttp3.mockwebserver.MockWebServer$4 processOneRequest
INFO: MockWebServer[57077] received request: PUT /echo HTTP/1.1 and responded: HTTP/1.1 200 OK
Sep 21, 2023 4:31:23 PM okhttp3.mockwebserver.MockWebServer$3 acceptConnections
INFO: MockWebServer[57077] done accepting connections: socket closed
Sep 21, 2023 4:31:23 PM okhttp3.mockwebserver.MockWebServer$3 execute
INFO: MockWebServer[57079] starting to accept connections
Sep 21, 2023 4:31:23 PM okhttp3.mockwebserver.MockWebServer$3 acceptConnections
INFO: MockWebServer[57079] done accepting connections: socket closed
Sep 21, 2023 4:31:23 PM okhttp3.mockwebserver.MockWebServer$4 execute
INFO: MockWebServer[57079] connection from /127.0.0.1 failed: java.net.SocketException: Socket closed
Sep 21, 2023 4:31:23 PM okhttp3.mockwebserver.MockWebServer$3 execute
INFO: MockWebServer[57081] starting to accept connections
Sep 21, 2023 4:31:23 PM okhttp3.mockwebserver.MockWebServer$4 processOneRequest
INFO: MockWebServer[57081] received request: GET /params?param1=value&param2=value1&param2=value2 HTTP/1.1 and responded: HTTP/1.1 200 OK
Sep 21, 2023 4:31:23 PM okhttp3.mockwebserver.MockWebServer$3 acceptConnections
INFO: MockWebServer[57081] done accepting connections: socket closed
Sep 21, 2023 4:31:23 PM okhttp3.mockwebserver.MockWebServer$3 execute
INFO: MockWebServer[57083] starting to accept connections
Sep 21, 2023 4:31:23 PM okhttp3.mockwebserver.MockWebServer$4 processOneRequest
INFO: MockWebServer[57083] received request: GET /methods/get HTTP/1.1 and responded: HTTP/1.1 200 OK
Sep 21, 2023 4:31:23 PM okhttp3.mockwebserver.MockWebServer$4 processOneRequest
INFO: MockWebServer[57083] received request: HEAD /methods/head HTTP/1.1 and responded: HTTP/1.1 200 OK
Sep 21, 2023 4:31:23 PM okhttp3.mockwebserver.MockWebServer$4 processOneRequest
INFO: MockWebServer[57083] received request: POST /methods/post HTTP/1.1 and responded: HTTP/1.1 200 OK
Sep 21, 2023 4:31:23 PM okhttp3.mockwebserver.MockWebServer$4 processOneRequest
INFO: MockWebServer[57083] received request: PUT /methods/put HTTP/1.1 and responded: HTTP/1.1 200 OK
Sep 21, 2023 4:31:23 PM okhttp3.mockwebserver.MockWebServer$4 processOneRequest
INFO: MockWebServer[57083] received request: OPTIONS /methods/options HTTP/1.1 and responded: HTTP/1.1 200 OK
Sep 21, 2023 4:31:23 PM okhttp3.mockwebserver.MockWebServer$4 processOneRequest
INFO: MockWebServer[57083] received request: DELETE /methods/delete HTTP/1.1 and responded: HTTP/1.1 200 OK
Sep 21, 2023 4:31:23 PM okhttp3.mockwebserver.MockWebServer$3 acceptConnections
INFO: MockWebServer[57083] done accepting connections: socket closed
Sep 21, 2023 4:31:23 PM okhttp3.mockwebserver.MockWebServer$3 execute
INFO: MockWebServer[57085] starting to accept connections
Sep 21, 2023 4:31:23 PM okhttp3.mockwebserver.MockWebServer$4 processOneRequest
INFO: MockWebServer[57085] received request: GET /echo HTTP/1.1 and responded: HTTP/1.1 200 OK
Sep 21, 2023 4:31:23 PM okhttp3.mockwebserver.MockWebServer$3 acceptConnections
INFO: MockWebServer[57085] done accepting connections: socket closed
]]></system-err>
</testsuite>
