<?xml version="1.0" encoding="UTF-8"?>
<testsuite name="org.springframework.http.HttpStatusTests" tests="3" skipped="0" failures="0" errors="0" timestamp="2023-09-21T20:31:11" hostname="DESKTOP" time="0.004">
  <properties/>
  <testcase name="fromEnumToMap()" classname="org.springframework.http.HttpStatusTests" time="0.002"/>
  <testcase name="fromMapToEnum()" classname="org.springframework.http.HttpStatusTests" time="0.001"/>
  <testcase name="allStatusSeriesShouldMatchExpectations()" classname="org.springframework.http.HttpStatusTests" time="0.001"/>
  <system-out><![CDATA[]]></system-out>
  <system-err><![CDATA[]]></system-err>
</testsuite>
