<?xml version="1.0" encoding="UTF-8"?>
<testsuite name="org.springframework.http.server.reactive.CookieIntegrationTests" tests="4" skipped="0" failures="0" errors="0" timestamp="2023-09-21T20:31:36" hostname="DESKTOP" time="0.619">
  <properties/>
  <testcase name="[1] Jetty" classname="org.springframework.http.server.reactive.CookieIntegrationTests" time="0.032"/>
  <testcase name="[2] Reactor Netty" classname="org.springframework.http.server.reactive.CookieIntegrationTests" time="0.011"/>
  <testcase name="[3] Tomcat" classname="org.springframework.http.server.reactive.CookieIntegrationTests" time="0.519"/>
  <testcase name="[4] Undertow" classname="org.springframework.http.server.reactive.CookieIntegrationTests" time="0.056"/>
  <system-out><![CDATA[]]></system-out>
  <system-err><![CDATA[Sep 21, 2023 4:31:36 PM org.apache.catalina.core.StandardService startInternal
INFO: Starting service [Tomcat]
Sep 21, 2023 4:31:36 PM org.apache.catalina.core.StandardEngine startInternal
INFO: Starting Servlet engine: [Apache Tomcat/9.0.78]
Sep 21, 2023 4:31:36 PM org.apache.coyote.AbstractProtocol init
INFO: Initializing ProtocolHandler ["http-nio-auto-2"]
Sep 21, 2023 4:31:36 PM org.apache.coyote.AbstractProtocol start
INFO: Starting ProtocolHandler ["http-nio-auto-2-57693"]
Sep 21, 2023 4:31:36 PM org.apache.coyote.AbstractProtocol pause
INFO: Pausing ProtocolHandler ["http-nio-auto-2-57693"]
Sep 21, 2023 4:31:37 PM org.apache.catalina.core.StandardService stopInternal
INFO: Stopping service [Tomcat]
Sep 21, 2023 4:31:37 PM org.apache.coyote.AbstractProtocol stop
INFO: Stopping ProtocolHandler ["http-nio-auto-2-57693"]
Sep 21, 2023 4:31:37 PM org.apache.coyote.AbstractProtocol destroy
INFO: Destroying ProtocolHandler ["http-nio-auto-2-57693"]
]]></system-err>
</testsuite>
