<?xml version="1.0" encoding="UTF-8"?>
<testsuite name="org.springframework.web.filter.reactive.ServerWebExchangeContextFilterTests" tests="1" skipped="0" failures="0" errors="0" timestamp="2023-09-21T20:31:58" hostname="DESKTOP" time="0.007">
  <properties/>
  <testcase name="extractServerWebExchangeFromContext()" classname="org.springframework.web.filter.reactive.ServerWebExchangeContextFilterTests" time="0.007"/>
  <system-out><![CDATA[]]></system-out>
  <system-err><![CDATA[]]></system-err>
</testsuite>
