<?xml version="1.0" encoding="UTF-8"?>
<testsuite name="org.springframework.http.converter.BufferedImageHttpMessageConverterTests" tests="5" skipped="0" failures="0" errors="0" timestamp="2023-09-21T20:31:29" hostname="DESKTOP" time="2.044">
  <properties/>
  <testcase name="canWrite()" classname="org.springframework.http.converter.BufferedImageHttpMessageConverterTests" time="0.0"/>
  <testcase name="read()" classname="org.springframework.http.converter.BufferedImageHttpMessageConverterTests" time="1.9"/>
  <testcase name="write()" classname="org.springframework.http.converter.BufferedImageHttpMessageConverterTests" time="0.083"/>
  <testcase name="canRead()" classname="org.springframework.http.converter.BufferedImageHttpMessageConverterTests" time="0.0"/>
  <testcase name="writeDefaultContentType()" classname="org.springframework.http.converter.BufferedImageHttpMessageConverterTests" time="0.06"/>
  <system-out><![CDATA[]]></system-out>
  <system-err><![CDATA[]]></system-err>
</testsuite>
