<?xml version="1.0" encoding="UTF-8"?>
<testsuite name="org.springframework.http.codec.FormHttpMessageReaderTests" tests="4" skipped="0" failures="0" errors="0" timestamp="2023-09-21T20:31:27" hostname="DESKTOP" time="0.009">
  <properties/>
  <testcase name="readFormError()" classname="org.springframework.http.codec.FormHttpMessageReaderTests" time="0.006"/>
  <testcase name="readFormAsFlux()" classname="org.springframework.http.codec.FormHttpMessageReaderTests" time="0.001"/>
  <testcase name="readFormAsMono()" classname="org.springframework.http.codec.FormHttpMessageReaderTests" time="0.001"/>
  <testcase name="canRead()" classname="org.springframework.http.codec.FormHttpMessageReaderTests" time="0.001"/>
  <system-out><![CDATA[]]></system-out>
  <system-err><![CDATA[]]></system-err>
</testsuite>
