<?xml version="1.0" encoding="UTF-8"?>
<testsuite name="org.springframework.web.filter.RelativeRedirectFilterTests" tests="5" skipped="0" failures="0" errors="0" timestamp="2023-09-21T20:31:58" hostname="DESKTOP" time="0.007">
  <properties/>
  <testcase name="sendRedirectHttpStatusWhenNot3xxThenIllegalArgumentException()" classname="org.springframework.web.filter.RelativeRedirectFilterTests" time="0.001"/>
  <testcase name="wrapOnceOnly()" classname="org.springframework.web.filter.RelativeRedirectFilterTests" time="0.0"/>
  <testcase name="doFilterSendRedirectWhenCustomSendRedirectHttpStatusThenLocationAnd301()" classname="org.springframework.web.filter.RelativeRedirectFilterTests" time="0.005"/>
  <testcase name="sendRedirectHttpStatusWhenNullThenIllegalArgumentException()" classname="org.springframework.web.filter.RelativeRedirectFilterTests" time="0.0"/>
  <testcase name="doFilterSendRedirectWhenDefaultsThenLocationAnd303()" classname="org.springframework.web.filter.RelativeRedirectFilterTests" time="0.001"/>
  <system-out><![CDATA[]]></system-out>
  <system-err><![CDATA[]]></system-err>
</testsuite>
