<?xml version="1.0" encoding="UTF-8"?>
<testsuite name="org.springframework.web.server.session.InMemoryWebSessionStoreTests" tests="8" skipped="0" failures="0" errors="0" timestamp="2023-09-21T20:31:59" hostname="DESKTOP" time="0.44">
  <properties/>
  <testcase name="startsSessionExplicitly()" classname="org.springframework.web.server.session.InMemoryWebSessionStoreTests" time="0.002"/>
  <testcase name="createSessionDoesNotBlock()" classname="org.springframework.web.server.session.InMemoryWebSessionStoreTests" time="0.0"/>
  <testcase name="maxSessions()" classname="org.springframework.web.server.session.InMemoryWebSessionStoreTests" time="0.429"/>
  <testcase name="sessionInvalidatedBeforeSave()" classname="org.springframework.web.server.session.InMemoryWebSessionStoreTests" time="0.0"/>
  <testcase name="startsSessionImplicitly()" classname="org.springframework.web.server.session.InMemoryWebSessionStoreTests" time="0.0"/>
  <testcase name="retrieveExpiredSession()" classname="org.springframework.web.server.session.InMemoryWebSessionStoreTests" time="0.002"/>
  <testcase name="expirationCheckPeriod()" classname="org.springframework.web.server.session.InMemoryWebSessionStoreTests" time="0.005"/>
  <testcase name="lastAccessTimeIsUpdatedOnRetrieve()" classname="org.springframework.web.server.session.InMemoryWebSessionStoreTests" time="0.0"/>
  <system-out><![CDATA[]]></system-out>
  <system-err><![CDATA[]]></system-err>
</testsuite>
