<?xml version="1.0" encoding="UTF-8"?>
<testsuite name="org.springframework.http.converter.xml.Jaxb2CollectionHttpMessageConverterTests" tests="8" skipped="0" failures="0" errors="0" timestamp="2023-09-21T20:31:32" hostname="DESKTOP" time="0.04">
  <properties/>
  <testcase name="readXmlRootElementSet()" classname="org.springframework.http.converter.xml.Jaxb2CollectionHttpMessageConverterTests" time="0.009"/>
  <testcase name="readXmlRootElementExternalEntityDisabled()" classname="org.springframework.http.converter.xml.Jaxb2CollectionHttpMessageConverterTests" time="0.012"/>
  <testcase name="readXmlRootElementExternalEntityEnabled()" classname="org.springframework.http.converter.xml.Jaxb2CollectionHttpMessageConverterTests" time="0.009"/>
  <testcase name="readXmlTypeSet()" classname="org.springframework.http.converter.xml.Jaxb2CollectionHttpMessageConverterTests" time="0.002"/>
  <testcase name="readXmlTypeList()" classname="org.springframework.http.converter.xml.Jaxb2CollectionHttpMessageConverterTests" time="0.001"/>
  <testcase name="canRead()" classname="org.springframework.http.converter.xml.Jaxb2CollectionHttpMessageConverterTests" time="0.0"/>
  <testcase name="readXmlRootElementList()" classname="org.springframework.http.converter.xml.Jaxb2CollectionHttpMessageConverterTests" time="0.002"/>
  <testcase name="testXmlBomb()" classname="org.springframework.http.converter.xml.Jaxb2CollectionHttpMessageConverterTests" time="0.003"/>
  <system-out><![CDATA[]]></system-out>
  <system-err><![CDATA[]]></system-err>
</testsuite>
