<?xml version="1.0" encoding="UTF-8"?>
<testsuite name="org.springframework.http.client.StreamingHttpComponentsClientHttpRequestFactoryTests" tests="6" skipped="0" failures="0" errors="0" timestamp="2023-09-21T20:31:23" hostname="DESKTOP" time="0.015">
  <properties/>
  <testcase name="headersAfterExecute()" classname="org.springframework.http.client.StreamingHttpComponentsClientHttpRequestFactoryTests" time="0.002"/>
  <testcase name="status()" classname="org.springframework.http.client.StreamingHttpComponentsClientHttpRequestFactoryTests" time="0.002"/>
  <testcase name="echo()" classname="org.springframework.http.client.StreamingHttpComponentsClientHttpRequestFactoryTests" time="0.003"/>
  <testcase name="multipleWrites()" classname="org.springframework.http.client.StreamingHttpComponentsClientHttpRequestFactoryTests" time="0.004"/>
  <testcase name="queryParameters()" classname="org.springframework.http.client.StreamingHttpComponentsClientHttpRequestFactoryTests" time="0.002"/>
  <testcase name="httpMethods()" classname="org.springframework.http.client.StreamingHttpComponentsClientHttpRequestFactoryTests" time="0.002"/>
  <system-out><![CDATA[]]></system-out>
  <system-err><![CDATA[Sep 21, 2023 4:31:23 PM okhttp3.mockwebserver.MockWebServer$3 execute
INFO: MockWebServer[57062] starting to accept connections
Sep 21, 2023 4:31:23 PM okhttp3.mockwebserver.MockWebServer$3 acceptConnections
INFO: MockWebServer[57062] done accepting connections: socket closed
Sep 21, 2023 4:31:23 PM okhttp3.mockwebserver.MockWebServer$3 execute
INFO: MockWebServer[57063] starting to accept connections
Sep 21, 2023 4:31:23 PM okhttp3.mockwebserver.MockWebServer$4 processOneRequest
INFO: MockWebServer[57063] received request: GET /status/notfound HTTP/1.1 and responded: HTTP/1.1 404 Client Error
Sep 21, 2023 4:31:23 PM okhttp3.mockwebserver.MockWebServer$3 acceptConnections
INFO: MockWebServer[57063] done accepting connections: socket closed
Sep 21, 2023 4:31:23 PM okhttp3.mockwebserver.MockWebServer$3 execute
INFO: MockWebServer[57065] starting to accept connections
Sep 21, 2023 4:31:23 PM okhttp3.mockwebserver.MockWebServer$4 processOneRequest
INFO: MockWebServer[57065] received request: PUT /echo HTTP/1.1 and responded: HTTP/1.1 200 OK
Sep 21, 2023 4:31:23 PM okhttp3.mockwebserver.MockWebServer$3 acceptConnections
INFO: MockWebServer[57065] done accepting connections: socket closed
Sep 21, 2023 4:31:23 PM okhttp3.mockwebserver.MockWebServer$3 execute
INFO: MockWebServer[57067] starting to accept connections
Sep 21, 2023 4:31:23 PM okhttp3.mockwebserver.MockWebServer$4 processOneRequest
INFO: MockWebServer[57067] received request: POST /echo HTTP/1.1 and responded: HTTP/1.1 200 OK
Sep 21, 2023 4:31:23 PM okhttp3.mockwebserver.MockWebServer$3 acceptConnections
INFO: MockWebServer[57067] done accepting connections: socket closed
Sep 21, 2023 4:31:23 PM okhttp3.mockwebserver.MockWebServer$3 execute
INFO: MockWebServer[57069] starting to accept connections
Sep 21, 2023 4:31:23 PM okhttp3.mockwebserver.MockWebServer$4 processOneRequest
INFO: MockWebServer[57069] received request: GET /params?param1=value&param2=value1&param2=value2 HTTP/1.1 and responded: HTTP/1.1 200 OK
Sep 21, 2023 4:31:23 PM okhttp3.mockwebserver.MockWebServer$3 acceptConnections
INFO: MockWebServer[57069] done accepting connections: socket closed
Sep 21, 2023 4:31:23 PM okhttp3.mockwebserver.MockWebServer$3 execute
INFO: MockWebServer[57071] starting to accept connections
Sep 21, 2023 4:31:23 PM okhttp3.mockwebserver.MockWebServer$4 processOneRequest
INFO: MockWebServer[57071] received request: PATCH /methods/patch HTTP/1.1 and responded: HTTP/1.1 200 OK
Sep 21, 2023 4:31:23 PM okhttp3.mockwebserver.MockWebServer$3 acceptConnections
INFO: MockWebServer[57071] done accepting connections: socket closed
]]></system-err>
</testsuite>
