<?xml version="1.0" encoding="UTF-8"?>
<testsuite name="org.springframework.http.client.support.BasicAuthorizationInterceptorTests" tests="4" skipped="0" failures="0" errors="0" timestamp="2023-09-21T20:31:26" hostname="DESKTOP" time="0.014">
  <properties/>
  <testcase name="createWhenUsernameContainsColonShouldThrowException()" classname="org.springframework.http.client.support.BasicAuthorizationInterceptorTests" time="0.0"/>
  <testcase name="createWhenUsernameIsNullShouldUseEmptyUsername()" classname="org.springframework.http.client.support.BasicAuthorizationInterceptorTests" time="0.007"/>
  <testcase name="createWhenPasswordIsNullShouldUseEmptyPassword()" classname="org.springframework.http.client.support.BasicAuthorizationInterceptorTests" time="0.0"/>
  <testcase name="interceptShouldAddHeader()" classname="org.springframework.http.client.support.BasicAuthorizationInterceptorTests" time="0.006"/>
  <system-out><![CDATA[]]></system-out>
  <system-err><![CDATA[]]></system-err>
</testsuite>
