<?xml version="1.0" encoding="UTF-8"?>
<testsuite name="org.springframework.http.client.HttpComponentsClientHttpRequestFactoryTests" tests="11" skipped="0" failures="0" errors="0" timestamp="2023-09-21T20:31:17" hostname="DESKTOP" time="0.088">
  <properties/>
  <testcase name="headersAfterExecute()" classname="org.springframework.http.client.HttpComponentsClientHttpRequestFactoryTests" time="0.004"/>
  <testcase name="status()" classname="org.springframework.http.client.HttpComponentsClientHttpRequestFactoryTests" time="0.007"/>
  <testcase name="echo()" classname="org.springframework.http.client.HttpComponentsClientHttpRequestFactoryTests" time="0.003"/>
  <testcase name="multipleWrites()" classname="org.springframework.http.client.HttpComponentsClientHttpRequestFactoryTests" time="0.003"/>
  <testcase name="queryParameters()" classname="org.springframework.http.client.HttpComponentsClientHttpRequestFactoryTests" time="0.002"/>
  <testcase name="createHttpUriRequest()" classname="org.springframework.http.client.HttpComponentsClientHttpRequestFactoryTests" time="0.001"/>
  <testcase name="mergeBasedOnCurrentHttpClient()" classname="org.springframework.http.client.HttpComponentsClientHttpRequestFactoryTests" time="0.051"/>
  <testcase name="assertCustomConfig()" classname="org.springframework.http.client.HttpComponentsClientHttpRequestFactoryTests" time="0.003"/>
  <testcase name="localSettingsOverrideClientDefaultSettings()" classname="org.springframework.http.client.HttpComponentsClientHttpRequestFactoryTests" time="0.002"/>
  <testcase name="httpMethods()" classname="org.springframework.http.client.HttpComponentsClientHttpRequestFactoryTests" time="0.008"/>
  <testcase name="defaultSettingsOfHttpClientMergedOnExecutorCustomization()" classname="org.springframework.http.client.HttpComponentsClientHttpRequestFactoryTests" time="0.002"/>
  <system-out><![CDATA[]]></system-out>
  <system-err><![CDATA[Sep 21, 2023 4:31:17 PM okhttp3.mockwebserver.MockWebServer$3 execute
INFO: MockWebServer[56702] starting to accept connections
Sep 21, 2023 4:31:17 PM okhttp3.mockwebserver.MockWebServer$4 processOneRequest
INFO: MockWebServer[56702] received request: POST /status/ok HTTP/1.1 and responded: HTTP/1.1 200 OK
Sep 21, 2023 4:31:17 PM okhttp3.mockwebserver.MockWebServer$3 acceptConnections
INFO: MockWebServer[56702] done accepting connections: socket closed
Sep 21, 2023 4:31:17 PM okhttp3.mockwebserver.MockWebServer$3 execute
INFO: MockWebServer[56704] starting to accept connections
Sep 21, 2023 4:31:17 PM okhttp3.mockwebserver.MockWebServer$4 processOneRequest
INFO: MockWebServer[56704] received request: GET /status/notfound HTTP/1.1 and responded: HTTP/1.1 404 Client Error
Sep 21, 2023 4:31:17 PM okhttp3.mockwebserver.MockWebServer$3 acceptConnections
INFO: MockWebServer[56704] done accepting connections: socket closed
Sep 21, 2023 4:31:17 PM okhttp3.mockwebserver.MockWebServer$3 execute
INFO: MockWebServer[56706] starting to accept connections
Sep 21, 2023 4:31:17 PM okhttp3.mockwebserver.MockWebServer$4 processOneRequest
INFO: MockWebServer[56706] received request: PUT /echo HTTP/1.1 and responded: HTTP/1.1 200 OK
Sep 21, 2023 4:31:17 PM okhttp3.mockwebserver.MockWebServer$3 acceptConnections
INFO: MockWebServer[56706] done accepting connections: socket closed
Sep 21, 2023 4:31:17 PM okhttp3.mockwebserver.MockWebServer$3 execute
INFO: MockWebServer[56708] starting to accept connections
Sep 21, 2023 4:31:17 PM okhttp3.mockwebserver.MockWebServer$4 processOneRequest
INFO: MockWebServer[56708] received request: POST /echo HTTP/1.1 and responded: HTTP/1.1 200 OK
Sep 21, 2023 4:31:17 PM okhttp3.mockwebserver.MockWebServer$3 acceptConnections
INFO: MockWebServer[56708] done accepting connections: socket closed
Sep 21, 2023 4:31:17 PM okhttp3.mockwebserver.MockWebServer$3 execute
INFO: MockWebServer[56710] starting to accept connections
Sep 21, 2023 4:31:17 PM okhttp3.mockwebserver.MockWebServer$4 processOneRequest
INFO: MockWebServer[56710] received request: GET /params?param1=value&param2=value1&param2=value2 HTTP/1.1 and responded: HTTP/1.1 200 OK
Sep 21, 2023 4:31:17 PM okhttp3.mockwebserver.MockWebServer$3 acceptConnections
INFO: MockWebServer[56710] done accepting connections: socket closed
Sep 21, 2023 4:31:17 PM okhttp3.mockwebserver.MockWebServer$3 execute
INFO: MockWebServer[56712] starting to accept connections
Sep 21, 2023 4:31:17 PM okhttp3.mockwebserver.MockWebServer$3 acceptConnections
INFO: MockWebServer[56712] done accepting connections: socket closed
Sep 21, 2023 4:31:17 PM okhttp3.mockwebserver.MockWebServer$3 execute
INFO: MockWebServer[56713] starting to accept connections
Sep 21, 2023 4:31:17 PM okhttp3.mockwebserver.MockWebServer$3 acceptConnections
INFO: MockWebServer[56713] done accepting connections: socket closed
Sep 21, 2023 4:31:17 PM okhttp3.mockwebserver.MockWebServer$3 execute
INFO: MockWebServer[56714] starting to accept connections
Sep 21, 2023 4:31:17 PM okhttp3.mockwebserver.MockWebServer$3 acceptConnections
INFO: MockWebServer[56714] done accepting connections: socket closed
Sep 21, 2023 4:31:17 PM okhttp3.mockwebserver.MockWebServer$3 execute
INFO: MockWebServer[56715] starting to accept connections
Sep 21, 2023 4:31:17 PM okhttp3.mockwebserver.MockWebServer$3 acceptConnections
INFO: MockWebServer[56715] done accepting connections: socket closed
Sep 21, 2023 4:31:17 PM okhttp3.mockwebserver.MockWebServer$3 execute
INFO: MockWebServer[56716] starting to accept connections
Sep 21, 2023 4:31:17 PM okhttp3.mockwebserver.MockWebServer$4 processOneRequest
INFO: MockWebServer[56716] received request: GET /methods/get HTTP/1.1 and responded: HTTP/1.1 200 OK
Sep 21, 2023 4:31:17 PM okhttp3.mockwebserver.MockWebServer$4 processOneRequest
INFO: MockWebServer[56716] received request: HEAD /methods/head HTTP/1.1 and responded: HTTP/1.1 200 OK
Sep 21, 2023 4:31:17 PM okhttp3.mockwebserver.MockWebServer$4 processOneRequest
INFO: MockWebServer[56716] received request: POST /methods/post HTTP/1.1 and responded: HTTP/1.1 200 OK
Sep 21, 2023 4:31:17 PM okhttp3.mockwebserver.MockWebServer$4 processOneRequest
INFO: MockWebServer[56716] received request: PUT /methods/put HTTP/1.1 and responded: HTTP/1.1 200 OK
Sep 21, 2023 4:31:17 PM okhttp3.mockwebserver.MockWebServer$4 processOneRequest
INFO: MockWebServer[56716] received request: OPTIONS /methods/options HTTP/1.1 and responded: HTTP/1.1 200 OK
Sep 21, 2023 4:31:17 PM okhttp3.mockwebserver.MockWebServer$4 processOneRequest
INFO: MockWebServer[56716] received request: DELETE /methods/delete HTTP/1.1 and responded: HTTP/1.1 200 OK
Sep 21, 2023 4:31:17 PM okhttp3.mockwebserver.MockWebServer$4 processOneRequest
INFO: MockWebServer[56716] received request: PATCH /methods/patch HTTP/1.1 and responded: HTTP/1.1 200 OK
Sep 21, 2023 4:31:17 PM okhttp3.mockwebserver.MockWebServer$3 acceptConnections
INFO: MockWebServer[56716] done accepting connections: socket closed
Sep 21, 2023 4:31:17 PM okhttp3.mockwebserver.MockWebServer$3 execute
INFO: MockWebServer[56718] starting to accept connections
Sep 21, 2023 4:31:17 PM okhttp3.mockwebserver.MockWebServer$3 acceptConnections
INFO: MockWebServer[56718] done accepting connections: socket closed
]]></system-err>
</testsuite>
