<?xml version="1.0" encoding="UTF-8"?>
<testsuite name="org.springframework.http.codec.multipart.PartHttpMessageWriterTests" tests="2" skipped="0" failures="0" errors="0" timestamp="2023-09-21T20:31:29" hostname="DESKTOP" time="0.008">
  <properties/>
  <testcase name="canWrite()" classname="org.springframework.http.codec.multipart.PartHttpMessageWriterTests" time="0.0"/>
  <testcase name="write()" classname="org.springframework.http.codec.multipart.PartHttpMessageWriterTests" time="0.008"/>
  <system-out><![CDATA[]]></system-out>
  <system-err><![CDATA[]]></system-err>
</testsuite>
