<?xml version="1.0" encoding="UTF-8"?>
<testsuite name="org.springframework.web.server.handler.ResponseStatusExceptionHandlerTests" tests="6" skipped="0" failures="0" errors="0" timestamp="2023-09-21T20:31:59" hostname="DESKTOP" time="0.003">
  <properties/>
  <testcase name="handleNestedResponseStatusException()" classname="org.springframework.web.server.handler.ResponseStatusExceptionHandlerTests" time="0.001"/>
  <testcase name="unresolvedException()" classname="org.springframework.web.server.handler.ResponseStatusExceptionHandlerTests" time="0.0"/>
  <testcase name="handleResponseStatusExceptionWithHeaders()" classname="org.springframework.web.server.handler.ResponseStatusExceptionHandlerTests" time="0.001"/>
  <testcase name="handleMethodNotAllowed()" classname="org.springframework.web.server.handler.ResponseStatusExceptionHandlerTests" time="0.0"/>
  <testcase name="responseCommitted()" classname="org.springframework.web.server.handler.ResponseStatusExceptionHandlerTests" time="0.0"/>
  <testcase name="handleResponseStatusException()" classname="org.springframework.web.server.handler.ResponseStatusExceptionHandlerTests" time="0.0"/>
  <system-out><![CDATA[]]></system-out>
  <system-err><![CDATA[]]></system-err>
</testsuite>
