<?xml version="1.0" encoding="UTF-8"?>
<testsuite name="org.springframework.web.client.ExtractingResponseErrorHandlerTests" tests="6" skipped="0" failures="0" errors="0" timestamp="2023-09-21T20:31:54" hostname="DESKTOP" time="0.009">
  <properties/>
  <testcase name="handleNoMatch()" classname="org.springframework.web.client.ExtractingResponseErrorHandlerTests" time="0.002"/>
  <testcase name="hasError()" classname="org.springframework.web.client.ExtractingResponseErrorHandlerTests" time="0.0"/>
  <testcase name="handleErrorSeriesMatch()" classname="org.springframework.web.client.ExtractingResponseErrorHandlerTests" time="0.004"/>
  <testcase name="hasErrorOverride()" classname="org.springframework.web.client.ExtractingResponseErrorHandlerTests" time="0.001"/>
  <testcase name="handleNoMatchOverride()" classname="org.springframework.web.client.ExtractingResponseErrorHandlerTests" time="0.0"/>
  <testcase name="handleErrorStatusMatch()" classname="org.springframework.web.client.ExtractingResponseErrorHandlerTests" time="0.002"/>
  <system-out><![CDATA[]]></system-out>
  <system-err><![CDATA[]]></system-err>
</testsuite>
