<?xml version="1.0" encoding="UTF-8"?>
<testsuite name="org.springframework.http.client.support.InterceptingHttpAccessorTests" tests="1" skipped="0" failures="0" errors="0" timestamp="2023-09-21T20:31:26" hostname="DESKTOP" time="0.093">
  <properties/>
  <testcase name="getInterceptors()" classname="org.springframework.http.client.support.InterceptingHttpAccessorTests" time="0.093"/>
  <system-out><![CDATA[]]></system-out>
  <system-err><![CDATA[]]></system-err>
</testsuite>
