<?xml version="1.0" encoding="UTF-8"?>
<testsuite name="org.springframework.web.cors.reactive.UrlBasedCorsConfigurationSourceTests" tests="2" skipped="0" failures="0" errors="0" timestamp="2023-09-21T20:31:58" hostname="DESKTOP" time="0.001">
  <properties/>
  <testcase name="registerAndMatch()" classname="org.springframework.web.cors.reactive.UrlBasedCorsConfigurationSourceTests" time="0.001"/>
  <testcase name="empty()" classname="org.springframework.web.cors.reactive.UrlBasedCorsConfigurationSourceTests" time="0.0"/>
  <system-out><![CDATA[]]></system-out>
  <system-err><![CDATA[]]></system-err>
</testsuite>
