<?xml version="1.0" encoding="UTF-8"?>
<testsuite name="org.springframework.http.server.reactive.WriteOnlyHandlerIntegrationTests" tests="4" skipped="0" failures="0" errors="0" timestamp="2023-09-21T20:31:41" hostname="DESKTOP" time="1.606">
  <properties/>
  <testcase name="[1] Jetty" classname="org.springframework.http.server.reactive.WriteOnlyHandlerIntegrationTests" time="0.032"/>
  <testcase name="[2] Reactor Netty" classname="org.springframework.http.server.reactive.WriteOnlyHandlerIntegrationTests" time="0.01"/>
  <testcase name="[3] Tomcat" classname="org.springframework.http.server.reactive.WriteOnlyHandlerIntegrationTests" time="0.531"/>
  <testcase name="[4] Undertow" classname="org.springframework.http.server.reactive.WriteOnlyHandlerIntegrationTests" time="1.033"/>
  <system-out><![CDATA[]]></system-out>
  <system-err><![CDATA[Sep 21, 2023 4:31:41 PM org.apache.catalina.core.StandardService startInternal
INFO: Starting service [Tomcat]
Sep 21, 2023 4:31:41 PM org.apache.catalina.core.StandardEngine startInternal
INFO: Starting Servlet engine: [Apache Tomcat/9.0.78]
Sep 21, 2023 4:31:41 PM org.apache.coyote.AbstractProtocol init
INFO: Initializing ProtocolHandler ["http-nio-auto-10"]
Sep 21, 2023 4:31:41 PM org.apache.coyote.AbstractProtocol start
INFO: Starting ProtocolHandler ["http-nio-auto-10-58509"]
Sep 21, 2023 4:31:41 PM org.apache.coyote.AbstractProtocol pause
INFO: Pausing ProtocolHandler ["http-nio-auto-10-58509"]
Sep 21, 2023 4:31:42 PM org.apache.catalina.core.StandardService stopInternal
INFO: Stopping service [Tomcat]
Sep 21, 2023 4:31:42 PM org.apache.coyote.AbstractProtocol stop
INFO: Stopping ProtocolHandler ["http-nio-auto-10-58509"]
Sep 21, 2023 4:31:42 PM org.apache.coyote.AbstractProtocol destroy
INFO: Destroying ProtocolHandler ["http-nio-auto-10-58509"]
]]></system-err>
</testsuite>
