<?xml version="1.0" encoding="UTF-8"?>
<testsuite name="org.springframework.web.client.MessageBodyClientHttpResponseWrapperTests" tests="2" skipped="0" failures="0" errors="0" timestamp="2023-09-21T20:31:54" hostname="DESKTOP" time="0.0">
  <properties/>
  <testcase name="messageBodyExists()" classname="org.springframework.web.client.MessageBodyClientHttpResponseWrapperTests" time="0.0"/>
  <testcase name="messageBodyDoesNotExist()" classname="org.springframework.web.client.MessageBodyClientHttpResponseWrapperTests" time="0.0"/>
  <system-out><![CDATA[]]></system-out>
  <system-err><![CDATA[]]></system-err>
</testsuite>
