<?xml version="1.0" encoding="UTF-8"?>
<testsuite name="org.springframework.http.codec.multipart.MultipartHttpMessageWriterTests" tests="6" skipped="0" failures="0" errors="0" timestamp="2023-09-21T20:31:29" hostname="DESKTOP" time="0.095">
  <properties/>
  <testcase name="singleSubscriberWithStrings()" classname="org.springframework.http.codec.multipart.MultipartHttpMessageWriterTests" time="0.004"/>
  <testcase name="canWrite()" classname="org.springframework.http.codec.multipart.MultipartHttpMessageWriterTests" time="0.0"/>
  <testcase name="writeMultipartRelated()" classname="org.springframework.http.codec.multipart.MultipartHttpMessageWriterTests" time="0.016"/>
  <testcase name="customContentDisposition()" classname="org.springframework.http.codec.multipart.MultipartHttpMessageWriterTests" time="0.02"/>
  <testcase name="writeMultipartFormData()" classname="org.springframework.http.codec.multipart.MultipartHttpMessageWriterTests" time="0.043"/>
  <testcase name="singleSubscriberWithResource()" classname="org.springframework.http.codec.multipart.MultipartHttpMessageWriterTests" time="0.007"/>
  <system-out><![CDATA[]]></system-out>
  <system-err><![CDATA[]]></system-err>
</testsuite>
