<?xml version="1.0" encoding="UTF-8"?>
<testsuite name="org.springframework.web.method.support.HandlerMethodArgumentResolverCompositeTests" tests="4" skipped="0" failures="0" errors="0" timestamp="2023-09-21T20:31:59" hostname="DESKTOP" time="0.001">
  <properties/>
  <testcase name="noSuitableArgumentResolver()" classname="org.springframework.web.method.support.HandlerMethodArgumentResolverCompositeTests" time="0.001"/>
  <testcase name="resolveArgument()" classname="org.springframework.web.method.support.HandlerMethodArgumentResolverCompositeTests" time="0.0"/>
  <testcase name="checkArgumentResolverOrder()" classname="org.springframework.web.method.support.HandlerMethodArgumentResolverCompositeTests" time="0.0"/>
  <testcase name="supportsParameter()" classname="org.springframework.web.method.support.HandlerMethodArgumentResolverCompositeTests" time="0.0"/>
  <system-out><![CDATA[]]></system-out>
  <system-err><![CDATA[]]></system-err>
</testsuite>
