<?xml version="1.0" encoding="UTF-8"?>
<testsuite name="org.springframework.web.bind.support.WebRequestDataBinderIntegrationTests" tests="2" skipped="0" failures="0" errors="0" timestamp="2023-09-21T20:31:52" hostname="DESKTOP" time="0.043">
  <properties/>
  <testcase name="partsBinding()" classname="org.springframework.web.bind.support.WebRequestDataBinderIntegrationTests" time="0.034"/>
  <testcase name="partListBinding()" classname="org.springframework.web.bind.support.WebRequestDataBinderIntegrationTests" time="0.009"/>
  <system-out><![CDATA[]]></system-out>
  <system-err><![CDATA[]]></system-err>
</testsuite>
