<?xml version="1.0" encoding="UTF-8"?>
<testsuite name="org.springframework.web.cors.reactive.CorsUtilsTests" tests="7" skipped="0" failures="0" errors="0" timestamp="2023-09-21T20:31:58" hostname="DESKTOP" time="0.009">
  <properties/>
  <testcase name="isCorsRequest()" classname="org.springframework.web.cors.reactive.CorsUtilsTests" time="0.001"/>
  <testcase name="isSameOriginWithDifferentSchemes()" classname="org.springframework.web.cors.reactive.CorsUtilsTests" time="0.0"/>
  <testcase name="isNotCorsRequest()" classname="org.springframework.web.cors.reactive.CorsUtilsTests" time="0.0"/>
  <testcase name="isNotPreFlightRequest()" classname="org.springframework.web.cors.reactive.CorsUtilsTests" time="0.0"/>
  <testcase name="isSameOriginWithForwardedHeader()" classname="org.springframework.web.cors.reactive.CorsUtilsTests" time="0.006"/>
  <testcase name="isSameOriginWithXForwardedHeaders()" classname="org.springframework.web.cors.reactive.CorsUtilsTests" time="0.002"/>
  <testcase name="isPreFlightRequest()" classname="org.springframework.web.cors.reactive.CorsUtilsTests" time="0.0"/>
  <system-out><![CDATA[]]></system-out>
  <system-err><![CDATA[]]></system-err>
</testsuite>
