<?xml version="1.0" encoding="UTF-8"?>
<testsuite name="org.springframework.http.client.BufferedSimpleAsyncHttpRequestFactoryTests" tests="7" skipped="0" failures="0" errors="0" timestamp="2023-09-21T20:31:11" hostname="DESKTOP" time="1.427">
  <properties/>
  <testcase name="cancel()" classname="org.springframework.http.client.BufferedSimpleAsyncHttpRequestFactoryTests" time="1.332"/>
  <testcase name="headersAfterExecute()" classname="org.springframework.http.client.BufferedSimpleAsyncHttpRequestFactoryTests" time="0.025"/>
  <testcase name="status()" classname="org.springframework.http.client.BufferedSimpleAsyncHttpRequestFactoryTests" time="0.005"/>
  <testcase name="echo()" classname="org.springframework.http.client.BufferedSimpleAsyncHttpRequestFactoryTests" time="0.007"/>
  <testcase name="statusCallback()" classname="org.springframework.http.client.BufferedSimpleAsyncHttpRequestFactoryTests" time="0.02"/>
  <testcase name="multipleWrites()" classname="org.springframework.http.client.BufferedSimpleAsyncHttpRequestFactoryTests" time="0.005"/>
  <testcase name="httpMethods()" classname="org.springframework.http.client.BufferedSimpleAsyncHttpRequestFactoryTests" time="0.032"/>
  <system-out><![CDATA[]]></system-out>
  <system-err><![CDATA[Sep 21, 2023 4:31:12 PM okhttp3.mockwebserver.MockWebServer$3 execute
INFO: MockWebServer[55939] starting to accept connections
Sep 21, 2023 4:31:12 PM okhttp3.mockwebserver.MockWebServer$3 acceptConnections
INFO: MockWebServer[55939] done accepting connections: socket closed
Sep 21, 2023 4:31:12 PM okhttp3.mockwebserver.MockWebServer$3 execute
INFO: MockWebServer[55990] starting to accept connections
Sep 21, 2023 4:31:12 PM okhttp3.mockwebserver.MockWebServer$4 processOneRequest
INFO: MockWebServer[55990] received request: POST /echo HTTP/1.1 and responded: HTTP/1.1 200 OK
Sep 21, 2023 4:31:12 PM okhttp3.mockwebserver.MockWebServer$3 acceptConnections
INFO: MockWebServer[55990] done accepting connections: socket closed
Sep 21, 2023 4:31:12 PM okhttp3.mockwebserver.MockWebServer$3 execute
INFO: MockWebServer[55992] starting to accept connections
Sep 21, 2023 4:31:12 PM okhttp3.mockwebserver.MockWebServer$4 processOneRequest
INFO: MockWebServer[55992] received request: GET /status/notfound HTTP/1.1 and responded: HTTP/1.1 404 Client Error
Sep 21, 2023 4:31:12 PM okhttp3.mockwebserver.MockWebServer$3 acceptConnections
INFO: MockWebServer[55992] done accepting connections: socket closed
Sep 21, 2023 4:31:12 PM okhttp3.mockwebserver.MockWebServer$3 execute
INFO: MockWebServer[55994] starting to accept connections
Sep 21, 2023 4:31:12 PM okhttp3.mockwebserver.MockWebServer$4 processOneRequest
INFO: MockWebServer[55994] received request: PUT /echo HTTP/1.1 and responded: HTTP/1.1 200 OK
Sep 21, 2023 4:31:12 PM okhttp3.mockwebserver.MockWebServer$3 acceptConnections
INFO: MockWebServer[55994] done accepting connections: socket closed
Sep 21, 2023 4:31:12 PM okhttp3.mockwebserver.MockWebServer$3 execute
INFO: MockWebServer[55996] starting to accept connections
Sep 21, 2023 4:31:12 PM okhttp3.mockwebserver.MockWebServer$4 processOneRequest
INFO: MockWebServer[55996] received request: GET /status/notfound HTTP/1.1 and responded: HTTP/1.1 404 Client Error
Sep 21, 2023 4:31:12 PM okhttp3.mockwebserver.MockWebServer$3 acceptConnections
INFO: MockWebServer[55996] done accepting connections: socket closed
Sep 21, 2023 4:31:12 PM okhttp3.mockwebserver.MockWebServer$3 execute
INFO: MockWebServer[55998] starting to accept connections
Sep 21, 2023 4:31:12 PM okhttp3.mockwebserver.MockWebServer$4 processOneRequest
INFO: MockWebServer[55998] received request: POST /echo HTTP/1.1 and responded: HTTP/1.1 200 OK
Sep 21, 2023 4:31:12 PM okhttp3.mockwebserver.MockWebServer$3 acceptConnections
INFO: MockWebServer[55998] done accepting connections: socket closed
Sep 21, 2023 4:31:12 PM okhttp3.mockwebserver.MockWebServer$3 execute
INFO: MockWebServer[56000] starting to accept connections
Sep 21, 2023 4:31:12 PM okhttp3.mockwebserver.MockWebServer$4 processOneRequest
INFO: MockWebServer[56000] received request: GET /methods/get HTTP/1.1 and responded: HTTP/1.1 200 OK
Sep 21, 2023 4:31:12 PM okhttp3.mockwebserver.MockWebServer$4 processOneRequest
INFO: MockWebServer[56000] received request: HEAD /methods/head HTTP/1.1 and responded: HTTP/1.1 200 OK
Sep 21, 2023 4:31:12 PM okhttp3.mockwebserver.MockWebServer$4 processOneRequest
INFO: MockWebServer[56000] received request: POST /methods/post HTTP/1.1 and responded: HTTP/1.1 200 OK
Sep 21, 2023 4:31:12 PM okhttp3.mockwebserver.MockWebServer$4 processOneRequest
INFO: MockWebServer[56000] received request: PUT /methods/put HTTP/1.1 and responded: HTTP/1.1 200 OK
Sep 21, 2023 4:31:12 PM okhttp3.mockwebserver.MockWebServer$4 processOneRequest
INFO: MockWebServer[56000] received request: OPTIONS /methods/options HTTP/1.1 and responded: HTTP/1.1 200 OK
Sep 21, 2023 4:31:12 PM okhttp3.mockwebserver.MockWebServer$4 processOneRequest
INFO: MockWebServer[56000] received request: DELETE /methods/delete HTTP/1.1 and responded: HTTP/1.1 200 OK
Sep 21, 2023 4:31:12 PM okhttp3.mockwebserver.MockWebServer$3 acceptConnections
INFO: MockWebServer[56000] done accepting connections: socket closed
]]></system-err>
</testsuite>
