<?xml version="1.0" encoding="UTF-8"?>
<testsuite name="org.springframework.web.server.adapter.DefaultServerWebExchangeTests" tests="3" skipped="0" failures="0" errors="0" timestamp="2023-09-21T20:31:59" hostname="DESKTOP" time="0.001">
  <properties/>
  <testcase name="transformUrlDefault()" classname="org.springframework.web.server.adapter.DefaultServerWebExchangeTests" time="0.0"/>
  <testcase name="transformUrlWithEncoder()" classname="org.springframework.web.server.adapter.DefaultServerWebExchangeTests" time="0.001"/>
  <testcase name="transformUrlWithMultipleEncoders()" classname="org.springframework.web.server.adapter.DefaultServerWebExchangeTests" time="0.0"/>
  <system-out><![CDATA[]]></system-out>
  <system-err><![CDATA[]]></system-err>
</testsuite>
