<?xml version="1.0" encoding="UTF-8"?>
<testsuite name="org.springframework.web.server.session.CookieWebSessionIdResolverTests" tests="2" skipped="0" failures="0" errors="0" timestamp="2023-09-21T20:31:59" hostname="DESKTOP" time="0.013">
  <properties/>
  <testcase name="cookieInitializer()" classname="org.springframework.web.server.session.CookieWebSessionIdResolverTests" time="0.001"/>
  <testcase name="setSessionId()" classname="org.springframework.web.server.session.CookieWebSessionIdResolverTests" time="0.011"/>
  <system-out><![CDATA[]]></system-out>
  <system-err><![CDATA[]]></system-err>
</testsuite>
