<?xml version="1.0" encoding="UTF-8"?>
<testsuite name="org.springframework.http.client.SimpleClientHttpRequestFactoryTests" tests="1" skipped="0" failures="0" errors="0" timestamp="2023-09-21T20:31:23" hostname="DESKTOP" time="0.043">
  <properties/>
  <testcase name="headerWithNullValue()" classname="org.springframework.http.client.SimpleClientHttpRequestFactoryTests" time="0.043"/>
  <system-out><![CDATA[]]></system-out>
  <system-err><![CDATA[]]></system-err>
</testsuite>
