<?xml version="1.0" encoding="UTF-8"?>
<testsuite name="org.springframework.http.client.BufferingClientHttpRequestFactoryTests" tests="7" skipped="0" failures="0" errors="0" timestamp="2023-09-21T20:31:12" hostname="DESKTOP" time="0.149">
  <properties/>
  <testcase name="headersAfterExecute()" classname="org.springframework.http.client.BufferingClientHttpRequestFactoryTests" time="0.121"/>
  <testcase name="status()" classname="org.springframework.http.client.BufferingClientHttpRequestFactoryTests" time="0.004"/>
  <testcase name="echo()" classname="org.springframework.http.client.BufferingClientHttpRequestFactoryTests" time="0.005"/>
  <testcase name="multipleWrites()" classname="org.springframework.http.client.BufferingClientHttpRequestFactoryTests" time="0.003"/>
  <testcase name="queryParameters()" classname="org.springframework.http.client.BufferingClientHttpRequestFactoryTests" time="0.004"/>
  <testcase name="httpMethods()" classname="org.springframework.http.client.BufferingClientHttpRequestFactoryTests" time="0.008"/>
  <testcase name="repeatableRead()" classname="org.springframework.http.client.BufferingClientHttpRequestFactoryTests" time="0.003"/>
  <system-out><![CDATA[]]></system-out>
  <system-err><![CDATA[Sep 21, 2023 4:31:12 PM okhttp3.mockwebserver.MockWebServer$3 execute
INFO: MockWebServer[56015] starting to accept connections
Sep 21, 2023 4:31:12 PM okhttp3.mockwebserver.MockWebServer$4 processOneRequest
INFO: MockWebServer[56015] received request: POST /status/ok HTTP/1.1 and responded: HTTP/1.1 200 OK
Sep 21, 2023 4:31:12 PM okhttp3.mockwebserver.MockWebServer$3 acceptConnections
INFO: MockWebServer[56015] done accepting connections: socket closed
Sep 21, 2023 4:31:12 PM okhttp3.mockwebserver.MockWebServer$3 execute
INFO: MockWebServer[56017] starting to accept connections
Sep 21, 2023 4:31:12 PM okhttp3.mockwebserver.MockWebServer$4 processOneRequest
INFO: MockWebServer[56017] received request: GET /status/notfound HTTP/1.1 and responded: HTTP/1.1 404 Client Error
Sep 21, 2023 4:31:12 PM okhttp3.mockwebserver.MockWebServer$3 acceptConnections
INFO: MockWebServer[56017] done accepting connections: socket closed
Sep 21, 2023 4:31:12 PM okhttp3.mockwebserver.MockWebServer$3 execute
INFO: MockWebServer[56019] starting to accept connections
Sep 21, 2023 4:31:12 PM okhttp3.mockwebserver.MockWebServer$4 processOneRequest
INFO: MockWebServer[56019] received request: PUT /echo HTTP/1.1 and responded: HTTP/1.1 200 OK
Sep 21, 2023 4:31:12 PM okhttp3.mockwebserver.MockWebServer$3 acceptConnections
INFO: MockWebServer[56019] done accepting connections: socket closed
Sep 21, 2023 4:31:12 PM okhttp3.mockwebserver.MockWebServer$3 execute
INFO: MockWebServer[56021] starting to accept connections
Sep 21, 2023 4:31:12 PM okhttp3.mockwebserver.MockWebServer$4 processOneRequest
INFO: MockWebServer[56021] received request: POST /echo HTTP/1.1 and responded: HTTP/1.1 200 OK
Sep 21, 2023 4:31:12 PM okhttp3.mockwebserver.MockWebServer$3 acceptConnections
INFO: MockWebServer[56021] done accepting connections: socket closed
Sep 21, 2023 4:31:12 PM okhttp3.mockwebserver.MockWebServer$3 execute
INFO: MockWebServer[56023] starting to accept connections
Sep 21, 2023 4:31:12 PM okhttp3.mockwebserver.MockWebServer$4 processOneRequest
INFO: MockWebServer[56023] received request: GET /params?param1=value&param2=value1&param2=value2 HTTP/1.1 and responded: HTTP/1.1 200 OK
Sep 21, 2023 4:31:12 PM okhttp3.mockwebserver.MockWebServer$3 acceptConnections
INFO: MockWebServer[56023] done accepting connections: socket closed
Sep 21, 2023 4:31:12 PM okhttp3.mockwebserver.MockWebServer$3 execute
INFO: MockWebServer[56025] starting to accept connections
Sep 21, 2023 4:31:12 PM okhttp3.mockwebserver.MockWebServer$4 processOneRequest
INFO: MockWebServer[56025] received request: GET /methods/get HTTP/1.1 and responded: HTTP/1.1 200 OK
Sep 21, 2023 4:31:12 PM okhttp3.mockwebserver.MockWebServer$4 processOneRequest
INFO: MockWebServer[56025] received request: HEAD /methods/head HTTP/1.1 and responded: HTTP/1.1 200 OK
Sep 21, 2023 4:31:12 PM okhttp3.mockwebserver.MockWebServer$4 processOneRequest
INFO: MockWebServer[56025] received request: POST /methods/post HTTP/1.1 and responded: HTTP/1.1 200 OK
Sep 21, 2023 4:31:12 PM okhttp3.mockwebserver.MockWebServer$4 processOneRequest
INFO: MockWebServer[56025] received request: PUT /methods/put HTTP/1.1 and responded: HTTP/1.1 200 OK
Sep 21, 2023 4:31:12 PM okhttp3.mockwebserver.MockWebServer$4 processOneRequest
INFO: MockWebServer[56025] received request: OPTIONS /methods/options HTTP/1.1 and responded: HTTP/1.1 200 OK
Sep 21, 2023 4:31:12 PM okhttp3.mockwebserver.MockWebServer$4 processOneRequest
INFO: MockWebServer[56025] received request: DELETE /methods/delete HTTP/1.1 and responded: HTTP/1.1 200 OK
Sep 21, 2023 4:31:12 PM okhttp3.mockwebserver.MockWebServer$3 acceptConnections
INFO: MockWebServer[56025] done accepting connections: socket closed
Sep 21, 2023 4:31:12 PM okhttp3.mockwebserver.MockWebServer$3 execute
INFO: MockWebServer[56027] starting to accept connections
Sep 21, 2023 4:31:12 PM okhttp3.mockwebserver.MockWebServer$4 processOneRequest
INFO: MockWebServer[56027] received request: PUT /echo HTTP/1.1 and responded: HTTP/1.1 200 OK
Sep 21, 2023 4:31:12 PM okhttp3.mockwebserver.MockWebServer$3 acceptConnections
INFO: MockWebServer[56027] done accepting connections: socket closed
]]></system-err>
</testsuite>
