<?xml version="1.0" encoding="UTF-8"?>
<testsuite name="org.springframework.web.util.HtmlUtilsTests" tests="5" skipped="0" failures="0" errors="0" timestamp="2023-09-21T20:32:04" hostname="DESKTOP" time="0.001">
  <properties/>
  <testcase name="testDecodeFromHtmlCharacterSet()" classname="org.springframework.web.util.HtmlUtilsTests" time="0.0"/>
  <testcase name="testEncodeIntoHtmlCharacterSetFromUtf8()" classname="org.springframework.web.util.HtmlUtilsTests" time="0.0"/>
  <testcase name="testHtmlEscape()" classname="org.springframework.web.util.HtmlUtilsTests" time="0.0"/>
  <testcase name="testHtmlUnescape()" classname="org.springframework.web.util.HtmlUtilsTests" time="0.0"/>
  <testcase name="testEncodeIntoHtmlCharacterSet()" classname="org.springframework.web.util.HtmlUtilsTests" time="0.0"/>
  <system-out><![CDATA[]]></system-out>
  <system-err><![CDATA[]]></system-err>
</testsuite>
