<?xml version="1.0" encoding="UTF-8"?>
<testsuite name="org.springframework.http.codec.cbor.Jackson2CborEncoderTests" tests="4" skipped="0" failures="0" errors="0" timestamp="2023-09-21T20:31:28" hostname="DESKTOP" time="0.007">
  <properties/>
  <testcase name="encode()" classname="org.springframework.http.codec.cbor.Jackson2CborEncoderTests" time="0.002"/>
  <testcase name="encodeStream()" classname="org.springframework.http.codec.cbor.Jackson2CborEncoderTests" time="0.0"/>
  <testcase name="canEncode()" classname="org.springframework.http.codec.cbor.Jackson2CborEncoderTests" time="0.001"/>
  <testcase name="canNotEncode()" classname="org.springframework.http.codec.cbor.Jackson2CborEncoderTests" time="0.002"/>
  <system-out><![CDATA[]]></system-out>
  <system-err><![CDATA[]]></system-err>
</testsuite>
