<?xml version="1.0" encoding="UTF-8"?>
<testsuite name="org.springframework.http.server.DefaultPathContainerTests" tests="6" skipped="0" failures="0" errors="0" timestamp="2023-09-21T20:31:32" hostname="DESKTOP" time="0.004">
  <properties/>
  <testcase name="subPath()" classname="org.springframework.http.server.DefaultPathContainerTests" time="0.001"/>
  <testcase name="pathWithCustomSeparator()" classname="org.springframework.http.server.DefaultPathContainerTests" time="0.001"/>
  <testcase name="pathSegment()" classname="org.springframework.http.server.DefaultPathContainerTests" time="0.0"/>
  <testcase name="path()" classname="org.springframework.http.server.DefaultPathContainerTests" time="0.001"/>
  <testcase name="pathSegmentParams()" classname="org.springframework.http.server.DefaultPathContainerTests" time="0.0"/>
  <testcase name="pathSegmentParamsAreImmutable()" classname="org.springframework.http.server.DefaultPathContainerTests" time="0.001"/>
  <system-out><![CDATA[]]></system-out>
  <system-err><![CDATA[]]></system-err>
</testsuite>
