<?xml version="1.0" encoding="UTF-8"?>
<testsuite name="org.springframework.http.client.SimpleClientHttpResponseTests" tests="5" skipped="0" failures="0" errors="0" timestamp="2023-09-21T20:31:23" hostname="DESKTOP" time="0.013">
  <properties/>
  <testcase name="shouldDrainResponseEvenIfResponseNotRead()" classname="org.springframework.http.client.SimpleClientHttpResponseTests" time="0.001"/>
  <testcase name="shouldDrainStreamWhenResponseClosed()" classname="org.springframework.http.client.SimpleClientHttpResponseTests" time="0.0"/>
  <testcase name="shouldDrainErrorStreamWhenResponseClosed()" classname="org.springframework.http.client.SimpleClientHttpResponseTests" time="0.001"/>
  <testcase name="shouldNotDrainWhenErrorStreamClosed()" classname="org.springframework.http.client.SimpleClientHttpResponseTests" time="0.01"/>
  <testcase name="shouldNotCloseConnectionWhenResponseClosed()" classname="org.springframework.http.client.SimpleClientHttpResponseTests" time="0.0"/>
  <system-out><![CDATA[]]></system-out>
  <system-err><![CDATA[]]></system-err>
</testsuite>
