<?xml version="1.0" encoding="UTF-8"?>
<testsuite name="org.springframework.http.server.reactive.HttpHeadResponseDecoratorTests" tests="4" skipped="0" failures="0" errors="0" timestamp="2023-09-21T20:31:39" hostname="DESKTOP" time="0.003">
  <properties/>
  <testcase name="writeWithGivenContentLength()" classname="org.springframework.http.server.reactive.HttpHeadResponseDecoratorTests" time="0.001"/>
  <testcase name="writeWithGivenTransferEncoding()" classname="org.springframework.http.server.reactive.HttpHeadResponseDecoratorTests" time="0.001"/>
  <testcase name="writeWithFlux()" classname="org.springframework.http.server.reactive.HttpHeadResponseDecoratorTests" time="0.0"/>
  <testcase name="writeWithMono()" classname="org.springframework.http.server.reactive.HttpHeadResponseDecoratorTests" time="0.001"/>
  <system-out><![CDATA[]]></system-out>
  <system-err><![CDATA[]]></system-err>
</testsuite>
