<?xml version="1.0" encoding="UTF-8"?>
<testsuite name="org.springframework.http.client.Netty4ClientHttpRequestFactoryTests" tests="6" skipped="0" failures="0" errors="0" timestamp="2023-09-21T20:31:21" hostname="DESKTOP" time="0.032">
  <properties/>
  <testcase name="headersAfterExecute()" classname="org.springframework.http.client.Netty4ClientHttpRequestFactoryTests" time="0.008"/>
  <testcase name="status()" classname="org.springframework.http.client.Netty4ClientHttpRequestFactoryTests" time="0.003"/>
  <testcase name="echo()" classname="org.springframework.http.client.Netty4ClientHttpRequestFactoryTests" time="0.003"/>
  <testcase name="multipleWrites()" classname="org.springframework.http.client.Netty4ClientHttpRequestFactoryTests" time="0.003"/>
  <testcase name="queryParameters()" classname="org.springframework.http.client.Netty4ClientHttpRequestFactoryTests" time="0.002"/>
  <testcase name="httpMethods()" classname="org.springframework.http.client.Netty4ClientHttpRequestFactoryTests" time="0.012"/>
  <system-out><![CDATA[]]></system-out>
  <system-err><![CDATA[Sep 21, 2023 4:31:21 PM okhttp3.mockwebserver.MockWebServer$3 execute
INFO: MockWebServer[56994] starting to accept connections
Sep 21, 2023 4:31:21 PM okhttp3.mockwebserver.MockWebServer$4 processOneRequest
INFO: MockWebServer[56994] received request: POST /status/ok HTTP/1.1 and responded: HTTP/1.1 200 OK
Sep 21, 2023 4:31:21 PM okhttp3.mockwebserver.MockWebServer$3 acceptConnections
INFO: MockWebServer[56994] done accepting connections: socket closed
Sep 21, 2023 4:31:21 PM okhttp3.mockwebserver.MockWebServer$3 execute
INFO: MockWebServer[56996] starting to accept connections
Sep 21, 2023 4:31:21 PM okhttp3.mockwebserver.MockWebServer$4 processOneRequest
INFO: MockWebServer[56996] received request: GET /status/notfound HTTP/1.1 and responded: HTTP/1.1 404 Client Error
Sep 21, 2023 4:31:21 PM okhttp3.mockwebserver.MockWebServer$3 acceptConnections
INFO: MockWebServer[56996] done accepting connections: socket closed
Sep 21, 2023 4:31:21 PM okhttp3.mockwebserver.MockWebServer$3 execute
INFO: MockWebServer[56998] starting to accept connections
Sep 21, 2023 4:31:21 PM okhttp3.mockwebserver.MockWebServer$4 processOneRequest
INFO: MockWebServer[56998] received request: PUT /echo HTTP/1.1 and responded: HTTP/1.1 200 OK
Sep 21, 2023 4:31:21 PM okhttp3.mockwebserver.MockWebServer$3 acceptConnections
INFO: MockWebServer[56998] done accepting connections: socket closed
Sep 21, 2023 4:31:21 PM okhttp3.mockwebserver.MockWebServer$3 execute
INFO: MockWebServer[57000] starting to accept connections
Sep 21, 2023 4:31:21 PM okhttp3.mockwebserver.MockWebServer$4 processOneRequest
INFO: MockWebServer[57000] received request: POST /echo HTTP/1.1 and responded: HTTP/1.1 200 OK
Sep 21, 2023 4:31:21 PM okhttp3.mockwebserver.MockWebServer$3 acceptConnections
INFO: MockWebServer[57000] done accepting connections: socket closed
Sep 21, 2023 4:31:21 PM okhttp3.mockwebserver.MockWebServer$3 execute
INFO: MockWebServer[57002] starting to accept connections
Sep 21, 2023 4:31:21 PM okhttp3.mockwebserver.MockWebServer$4 processOneRequest
INFO: MockWebServer[57002] received request: GET /params?param1=value&param2=value1&param2=value2 HTTP/1.1 and responded: HTTP/1.1 200 OK
Sep 21, 2023 4:31:21 PM okhttp3.mockwebserver.MockWebServer$3 acceptConnections
INFO: MockWebServer[57002] done accepting connections: socket closed
Sep 21, 2023 4:31:21 PM okhttp3.mockwebserver.MockWebServer$3 execute
INFO: MockWebServer[57004] starting to accept connections
Sep 21, 2023 4:31:21 PM okhttp3.mockwebserver.MockWebServer$4 processOneRequest
INFO: MockWebServer[57004] received request: GET /methods/get HTTP/1.1 and responded: HTTP/1.1 200 OK
Sep 21, 2023 4:31:21 PM okhttp3.mockwebserver.MockWebServer$4 processOneRequest
INFO: MockWebServer[57004] received request: HEAD /methods/head HTTP/1.1 and responded: HTTP/1.1 200 OK
Sep 21, 2023 4:31:21 PM okhttp3.mockwebserver.MockWebServer$4 processOneRequest
INFO: MockWebServer[57004] received request: POST /methods/post HTTP/1.1 and responded: HTTP/1.1 200 OK
Sep 21, 2023 4:31:21 PM okhttp3.mockwebserver.MockWebServer$4 processOneRequest
INFO: MockWebServer[57004] received request: PUT /methods/put HTTP/1.1 and responded: HTTP/1.1 200 OK
Sep 21, 2023 4:31:21 PM okhttp3.mockwebserver.MockWebServer$4 processOneRequest
INFO: MockWebServer[57004] received request: OPTIONS /methods/options HTTP/1.1 and responded: HTTP/1.1 200 OK
Sep 21, 2023 4:31:21 PM okhttp3.mockwebserver.MockWebServer$4 processOneRequest
INFO: MockWebServer[57004] received request: DELETE /methods/delete HTTP/1.1 and responded: HTTP/1.1 200 OK
Sep 21, 2023 4:31:21 PM okhttp3.mockwebserver.MockWebServer$4 processOneRequest
INFO: MockWebServer[57004] received request: PATCH /methods/patch HTTP/1.1 and responded: HTTP/1.1 200 OK
Sep 21, 2023 4:31:21 PM okhttp3.mockwebserver.MockWebServer$3 acceptConnections
INFO: MockWebServer[57004] done accepting connections: socket closed
]]></system-err>
</testsuite>
