<?xml version="1.0" encoding="UTF-8"?>
<testsuite name="org.springframework.web.filter.ContentCachingResponseWrapperTests" tests="2" skipped="0" failures="0" errors="0" timestamp="2023-09-21T20:31:58" hostname="DESKTOP" time="0.001">
  <properties/>
  <testcase name="copyBodyToResponse()" classname="org.springframework.web.filter.ContentCachingResponseWrapperTests" time="0.001"/>
  <testcase name="copyBodyToResponseWithTransferEncoding()" classname="org.springframework.web.filter.ContentCachingResponseWrapperTests" time="0.0"/>
  <system-out><![CDATA[]]></system-out>
  <system-err><![CDATA[]]></system-err>
</testsuite>
