<?xml version="1.0" encoding="UTF-8"?>
<testsuite name="org.springframework.http.codec.multipart.DefaultPartHttpMessageReaderTests" tests="47" skipped="0" failures="0" errors="0" timestamp="2023-09-21T20:31:28" hostname="DESKTOP" time="0.302">
  <properties/>
  <testcase name="[1] streaming" classname="org.springframework.http.codec.multipart.DefaultPartHttpMessageReaderTests" time="0.014"/>
  <testcase name="[2] in-memory" classname="org.springframework.http.codec.multipart.DefaultPartHttpMessageReaderTests" time="0.001"/>
  <testcase name="[3] on-disk" classname="org.springframework.http.codec.multipart.DefaultPartHttpMessageReaderTests" time="0.001"/>
  <testcase name="[1] streaming" classname="org.springframework.http.codec.multipart.DefaultPartHttpMessageReaderTests" time="0.03"/>
  <testcase name="[2] in-memory" classname="org.springframework.http.codec.multipart.DefaultPartHttpMessageReaderTests" time="0.014"/>
  <testcase name="[3] on-disk" classname="org.springframework.http.codec.multipart.DefaultPartHttpMessageReaderTests" time="0.036"/>
  <testcase name="[1] streaming" classname="org.springframework.http.codec.multipart.DefaultPartHttpMessageReaderTests" time="0.002"/>
  <testcase name="[2] in-memory" classname="org.springframework.http.codec.multipart.DefaultPartHttpMessageReaderTests" time="0.001"/>
  <testcase name="[3] on-disk" classname="org.springframework.http.codec.multipart.DefaultPartHttpMessageReaderTests" time="0.001"/>
  <testcase name="[1] streaming" classname="org.springframework.http.codec.multipart.DefaultPartHttpMessageReaderTests" time="0.01"/>
  <testcase name="[2] in-memory" classname="org.springframework.http.codec.multipart.DefaultPartHttpMessageReaderTests" time="0.013"/>
  <testcase name="[3] on-disk" classname="org.springframework.http.codec.multipart.DefaultPartHttpMessageReaderTests" time="0.02"/>
  <testcase name="[1] streaming" classname="org.springframework.http.codec.multipart.DefaultPartHttpMessageReaderTests" time="0.006"/>
  <testcase name="[2] in-memory" classname="org.springframework.http.codec.multipart.DefaultPartHttpMessageReaderTests" time="0.004"/>
  <testcase name="[3] on-disk" classname="org.springframework.http.codec.multipart.DefaultPartHttpMessageReaderTests" time="0.006"/>
  <testcase name="[1] streaming" classname="org.springframework.http.codec.multipart.DefaultPartHttpMessageReaderTests" time="0.011"/>
  <testcase name="[2] in-memory" classname="org.springframework.http.codec.multipart.DefaultPartHttpMessageReaderTests" time="0.014"/>
  <testcase name="[3] on-disk" classname="org.springframework.http.codec.multipart.DefaultPartHttpMessageReaderTests" time="0.019"/>
  <testcase name="[1] streaming" classname="org.springframework.http.codec.multipart.DefaultPartHttpMessageReaderTests" time="0.007"/>
  <testcase name="[2] in-memory" classname="org.springframework.http.codec.multipart.DefaultPartHttpMessageReaderTests" time="0.008"/>
  <testcase name="[3] on-disk" classname="org.springframework.http.codec.multipart.DefaultPartHttpMessageReaderTests" time="0.007"/>
  <testcase name="[1] streaming" classname="org.springframework.http.codec.multipart.DefaultPartHttpMessageReaderTests" time="0.002"/>
  <testcase name="[2] in-memory" classname="org.springframework.http.codec.multipart.DefaultPartHttpMessageReaderTests" time="0.001"/>
  <testcase name="[3] on-disk" classname="org.springframework.http.codec.multipart.DefaultPartHttpMessageReaderTests" time="0.002"/>
  <testcase name="[1] streaming" classname="org.springframework.http.codec.multipart.DefaultPartHttpMessageReaderTests" time="0.0"/>
  <testcase name="[2] in-memory" classname="org.springframework.http.codec.multipart.DefaultPartHttpMessageReaderTests" time="0.0"/>
  <testcase name="[3] on-disk" classname="org.springframework.http.codec.multipart.DefaultPartHttpMessageReaderTests" time="0.0"/>
  <testcase name="exceedHeaderLimit()" classname="org.springframework.http.codec.multipart.DefaultPartHttpMessageReaderTests" time="0.004"/>
  <testcase name="[1] streaming" classname="org.springframework.http.codec.multipart.DefaultPartHttpMessageReaderTests" time="0.004"/>
  <testcase name="[2] in-memory" classname="org.springframework.http.codec.multipart.DefaultPartHttpMessageReaderTests" time="0.003"/>
  <testcase name="[3] on-disk" classname="org.springframework.http.codec.multipart.DefaultPartHttpMessageReaderTests" time="0.003"/>
  <testcase name="[1] streaming" classname="org.springframework.http.codec.multipart.DefaultPartHttpMessageReaderTests" time="0.001"/>
  <testcase name="[2] in-memory" classname="org.springframework.http.codec.multipart.DefaultPartHttpMessageReaderTests" time="0.001"/>
  <testcase name="[3] on-disk" classname="org.springframework.http.codec.multipart.DefaultPartHttpMessageReaderTests" time="0.001"/>
  <testcase name="[1] streaming" classname="org.springframework.http.codec.multipart.DefaultPartHttpMessageReaderTests" time="0.004"/>
  <testcase name="[2] in-memory" classname="org.springframework.http.codec.multipart.DefaultPartHttpMessageReaderTests" time="0.004"/>
  <testcase name="[3] on-disk" classname="org.springframework.http.codec.multipart.DefaultPartHttpMessageReaderTests" time="0.004"/>
  <testcase name="[1] streaming" classname="org.springframework.http.codec.multipart.DefaultPartHttpMessageReaderTests" time="0.001"/>
  <testcase name="[2] in-memory" classname="org.springframework.http.codec.multipart.DefaultPartHttpMessageReaderTests" time="0.001"/>
  <testcase name="[3] on-disk" classname="org.springframework.http.codec.multipart.DefaultPartHttpMessageReaderTests" time="0.001"/>
  <testcase name="[1] streaming" classname="org.springframework.http.codec.multipart.DefaultPartHttpMessageReaderTests" time="0.004"/>
  <testcase name="[2] in-memory" classname="org.springframework.http.codec.multipart.DefaultPartHttpMessageReaderTests" time="0.004"/>
  <testcase name="[3] on-disk" classname="org.springframework.http.codec.multipart.DefaultPartHttpMessageReaderTests" time="0.005"/>
  <testcase name="[1] streaming" classname="org.springframework.http.codec.multipart.DefaultPartHttpMessageReaderTests" time="0.004"/>
  <testcase name="[2] in-memory" classname="org.springframework.http.codec.multipart.DefaultPartHttpMessageReaderTests" time="0.003"/>
  <testcase name="[3] on-disk" classname="org.springframework.http.codec.multipart.DefaultPartHttpMessageReaderTests" time="0.003"/>
  <testcase name="tooManyParts()" classname="org.springframework.http.codec.multipart.DefaultPartHttpMessageReaderTests" time="0.002"/>
  <system-out><![CDATA[]]></system-out>
  <system-err><![CDATA[]]></system-err>
</testsuite>
