<?xml version="1.0" encoding="UTF-8"?>
<testsuite name="org.springframework.web.context.request.RequestScopeTests" tests="7" skipped="0" failures="0" errors="0" timestamp="2023-09-21T20:31:57" hostname="DESKTOP" time="0.26">
  <properties/>
  <testcase name="destructionAtRequestCompletion()" classname="org.springframework.web.context.request.RequestScopeTests" time="0.099"/>
  <testcase name="circleLeadsToException()" classname="org.springframework.web.context.request.RequestScopeTests" time="0.019"/>
  <testcase name="requestScopedInnerBeanDestroyedWhileContainedBySingleton()" classname="org.springframework.web.context.request.RequestScopeTests" time="0.027"/>
  <testcase name="innerBeanInheritsContainingBeanScopeByDefault()" classname="org.springframework.web.context.request.RequestScopeTests" time="0.013"/>
  <testcase name="getFromScope()" classname="org.springframework.web.context.request.RequestScopeTests" time="0.036"/>
  <testcase name="getFromFactoryBeanInScope()" classname="org.springframework.web.context.request.RequestScopeTests" time="0.048"/>
  <testcase name="scopeNotAvailable()" classname="org.springframework.web.context.request.RequestScopeTests" time="0.017"/>
  <system-out><![CDATA[]]></system-out>
  <system-err><![CDATA[]]></system-err>
</testsuite>
