<?xml version="1.0" encoding="UTF-8"?>
<testsuite name="org.springframework.http.converter.ObjectToStringHttpMessageConverterTests" tests="10" skipped="0" failures="0" errors="0" timestamp="2023-09-21T20:31:31" hostname="DESKTOP" time="0.04">
  <properties/>
  <testcase name="writeAcceptCharset()" classname="org.springframework.http.converter.ObjectToStringHttpMessageConverterTests" time="0.03"/>
  <testcase name="defaultCharset()" classname="org.springframework.http.converter.ObjectToStringHttpMessageConverterTests" time="0.001"/>
  <testcase name="writeUtf16()" classname="org.springframework.http.converter.ObjectToStringHttpMessageConverterTests" time="0.0"/>
  <testcase name="canWrite()" classname="org.springframework.http.converter.ObjectToStringHttpMessageConverterTests" time="0.001"/>
  <testcase name="read()" classname="org.springframework.http.converter.ObjectToStringHttpMessageConverterTests" time="0.005"/>
  <testcase name="write()" classname="org.springframework.http.converter.ObjectToStringHttpMessageConverterTests" time="0.0"/>
  <testcase name="testConversionServiceRequired()" classname="org.springframework.http.converter.ObjectToStringHttpMessageConverterTests" time="0.001"/>
  <testcase name="writeAcceptCharsetTurnedOff()" classname="org.springframework.http.converter.ObjectToStringHttpMessageConverterTests" time="0.0"/>
  <testcase name="canRead()" classname="org.springframework.http.converter.ObjectToStringHttpMessageConverterTests" time="0.001"/>
  <testcase name="defaultCharsetModified()" classname="org.springframework.http.converter.ObjectToStringHttpMessageConverterTests" time="0.0"/>
  <system-out><![CDATA[]]></system-out>
  <system-err><![CDATA[]]></system-err>
</testsuite>
