<?xml version="1.0" encoding="UTF-8"?>
<testsuite name="org.springframework.web.method.annotation.ModelFactoryOrderingTests" tests="4" skipped="0" failures="0" errors="0" timestamp="2023-09-21T20:31:58" hostname="DESKTOP" time="0.014">
  <properties/>
  <testcase name="unresolvedDependency()" classname="org.springframework.web.method.annotation.ModelFactoryOrderingTests" time="0.007"/>
  <testcase name="treeDependency()" classname="org.springframework.web.method.annotation.ModelFactoryOrderingTests" time="0.002"/>
  <testcase name="straightLineDependency()" classname="org.springframework.web.method.annotation.ModelFactoryOrderingTests" time="0.003"/>
  <testcase name="InvertedTreeDependency()" classname="org.springframework.web.method.annotation.ModelFactoryOrderingTests" time="0.002"/>
  <system-out><![CDATA[]]></system-out>
  <system-err><![CDATA[]]></system-err>
</testsuite>
