<?xml version="1.0" encoding="UTF-8"?>
<testsuite name="org.springframework.web.bind.ServletRequestUtilsTests" tests="11" skipped="0" failures="0" errors="0" timestamp="2023-09-21T20:31:51" hostname="DESKTOP" time="0.029">
  <properties/>
  <testcase name="testLongParameter()" classname="org.springframework.web.bind.ServletRequestUtilsTests" time="0.009"/>
  <testcase name="testIntParameters()" classname="org.springframework.web.bind.ServletRequestUtilsTests" time="0.003"/>
  <testcase name="testFloatParameter()" classname="org.springframework.web.bind.ServletRequestUtilsTests" time="0.001"/>
  <testcase name="testDoubleParameters()" classname="org.springframework.web.bind.ServletRequestUtilsTests" time="0.007"/>
  <testcase name="testBooleanParameter()" classname="org.springframework.web.bind.ServletRequestUtilsTests" time="0.0"/>
  <testcase name="testBooleanParameters()" classname="org.springframework.web.bind.ServletRequestUtilsTests" time="0.001"/>
  <testcase name="testIntParameter()" classname="org.springframework.web.bind.ServletRequestUtilsTests" time="0.002"/>
  <testcase name="testDoubleParameter()" classname="org.springframework.web.bind.ServletRequestUtilsTests" time="0.001"/>
  <testcase name="testLongParameters()" classname="org.springframework.web.bind.ServletRequestUtilsTests" time="0.002"/>
  <testcase name="testStringParameter()" classname="org.springframework.web.bind.ServletRequestUtilsTests" time="0.0"/>
  <testcase name="testFloatParameters()" classname="org.springframework.web.bind.ServletRequestUtilsTests" time="0.002"/>
  <system-out><![CDATA[]]></system-out>
  <system-err><![CDATA[]]></system-err>
</testsuite>
