<?xml version="1.0" encoding="UTF-8"?>
<testsuite name="org.springframework.web.context.request.ServletWebRequestHttpMethodsTests" tests="42" skipped="0" failures="0" errors="0" timestamp="2023-09-21T20:31:57" hostname="DESKTOP" time="0.044">
  <properties/>
  <testcase name="[1] GET" classname="org.springframework.web.context.request.ServletWebRequestHttpMethodsTests" time="0.003"/>
  <testcase name="[2] HEAD" classname="org.springframework.web.context.request.ServletWebRequestHttpMethodsTests" time="0.001"/>
  <testcase name="[1] GET" classname="org.springframework.web.context.request.ServletWebRequestHttpMethodsTests" time="0.001"/>
  <testcase name="[2] HEAD" classname="org.springframework.web.context.request.ServletWebRequestHttpMethodsTests" time="0.0"/>
  <testcase name="[1] GET" classname="org.springframework.web.context.request.ServletWebRequestHttpMethodsTests" time="0.0"/>
  <testcase name="[2] HEAD" classname="org.springframework.web.context.request.ServletWebRequestHttpMethodsTests" time="0.0"/>
  <testcase name="[1] GET" classname="org.springframework.web.context.request.ServletWebRequestHttpMethodsTests" time="0.0"/>
  <testcase name="[2] HEAD" classname="org.springframework.web.context.request.ServletWebRequestHttpMethodsTests" time="0.0"/>
  <testcase name="[1] GET" classname="org.springframework.web.context.request.ServletWebRequestHttpMethodsTests" time="0.0"/>
  <testcase name="[2] HEAD" classname="org.springframework.web.context.request.ServletWebRequestHttpMethodsTests" time="0.0"/>
  <testcase name="[1] GET" classname="org.springframework.web.context.request.ServletWebRequestHttpMethodsTests" time="0.001"/>
  <testcase name="[2] HEAD" classname="org.springframework.web.context.request.ServletWebRequestHttpMethodsTests" time="0.001"/>
  <testcase name="[1] GET" classname="org.springframework.web.context.request.ServletWebRequestHttpMethodsTests" time="0.0"/>
  <testcase name="[2] HEAD" classname="org.springframework.web.context.request.ServletWebRequestHttpMethodsTests" time="0.0"/>
  <testcase name="[1] GET" classname="org.springframework.web.context.request.ServletWebRequestHttpMethodsTests" time="0.0"/>
  <testcase name="[2] HEAD" classname="org.springframework.web.context.request.ServletWebRequestHttpMethodsTests" time="0.0"/>
  <testcase name="[1] GET" classname="org.springframework.web.context.request.ServletWebRequestHttpMethodsTests" time="0.001"/>
  <testcase name="[2] HEAD" classname="org.springframework.web.context.request.ServletWebRequestHttpMethodsTests" time="0.0"/>
  <testcase name="checkNotModifiedTimestampConditionalPutConflict()" classname="org.springframework.web.context.request.ServletWebRequestHttpMethodsTests" time="0.0"/>
  <testcase name="checkNotModifiedTimestampConditionalPut()" classname="org.springframework.web.context.request.ServletWebRequestHttpMethodsTests" time="0.0"/>
  <testcase name="[1] GET" classname="org.springframework.web.context.request.ServletWebRequestHttpMethodsTests" time="0.0"/>
  <testcase name="[2] HEAD" classname="org.springframework.web.context.request.ServletWebRequestHttpMethodsTests" time="0.011"/>
  <testcase name="[1] GET" classname="org.springframework.web.context.request.ServletWebRequestHttpMethodsTests" time="0.0"/>
  <testcase name="[2] HEAD" classname="org.springframework.web.context.request.ServletWebRequestHttpMethodsTests" time="0.0"/>
  <testcase name="[1] GET" classname="org.springframework.web.context.request.ServletWebRequestHttpMethodsTests" time="0.001"/>
  <testcase name="[2] HEAD" classname="org.springframework.web.context.request.ServletWebRequestHttpMethodsTests" time="0.0"/>
  <testcase name="checkModifiedTimestampWithLengthPart()" classname="org.springframework.web.context.request.ServletWebRequestHttpMethodsTests" time="0.001"/>
  <testcase name="[1] GET" classname="org.springframework.web.context.request.ServletWebRequestHttpMethodsTests" time="0.0"/>
  <testcase name="[2] HEAD" classname="org.springframework.web.context.request.ServletWebRequestHttpMethodsTests" time="0.0"/>
  <testcase name="[1] GET" classname="org.springframework.web.context.request.ServletWebRequestHttpMethodsTests" time="0.0"/>
  <testcase name="[2] HEAD" classname="org.springframework.web.context.request.ServletWebRequestHttpMethodsTests" time="0.001"/>
  <testcase name="[1] GET" classname="org.springframework.web.context.request.ServletWebRequestHttpMethodsTests" time="0.0"/>
  <testcase name="[2] HEAD" classname="org.springframework.web.context.request.ServletWebRequestHttpMethodsTests" time="0.001"/>
  <testcase name="[1] GET" classname="org.springframework.web.context.request.ServletWebRequestHttpMethodsTests" time="0.001"/>
  <testcase name="[2] HEAD" classname="org.springframework.web.context.request.ServletWebRequestHttpMethodsTests" time="0.0"/>
  <testcase name="[1] GET" classname="org.springframework.web.context.request.ServletWebRequestHttpMethodsTests" time="0.0"/>
  <testcase name="[2] HEAD" classname="org.springframework.web.context.request.ServletWebRequestHttpMethodsTests" time="0.0"/>
  <testcase name="[1] GET" classname="org.springframework.web.context.request.ServletWebRequestHttpMethodsTests" time="0.0"/>
  <testcase name="[2] HEAD" classname="org.springframework.web.context.request.ServletWebRequestHttpMethodsTests" time="0.0"/>
  <testcase name="[1] GET" classname="org.springframework.web.context.request.ServletWebRequestHttpMethodsTests" time="0.0"/>
  <testcase name="[2] HEAD" classname="org.springframework.web.context.request.ServletWebRequestHttpMethodsTests" time="0.0"/>
  <testcase name="checkNotModifiedTimestampWithLengthPart()" classname="org.springframework.web.context.request.ServletWebRequestHttpMethodsTests" time="0.001"/>
  <system-out><![CDATA[]]></system-out>
  <system-err><![CDATA[]]></system-err>
</testsuite>
