<?xml version="1.0" encoding="UTF-8"?>
<testsuite name="org.springframework.web.method.annotation.ModelMethodProcessorTests" tests="4" skipped="0" failures="0" errors="0" timestamp="2023-09-21T20:31:58" hostname="DESKTOP" time="0.0">
  <properties/>
  <testcase name="supportsParameter()" classname="org.springframework.web.method.annotation.ModelMethodProcessorTests" time="0.0"/>
  <testcase name="resolveArgumentValue()" classname="org.springframework.web.method.annotation.ModelMethodProcessorTests" time="0.0"/>
  <testcase name="supportsReturnType()" classname="org.springframework.web.method.annotation.ModelMethodProcessorTests" time="0.0"/>
  <testcase name="handleModelReturnValue()" classname="org.springframework.web.method.annotation.ModelMethodProcessorTests" time="0.0"/>
  <system-out><![CDATA[]]></system-out>
  <system-err><![CDATA[]]></system-err>
</testsuite>
