<?xml version="1.0" encoding="UTF-8"?>
<testsuite name="org.springframework.web.util.HtmlCharacterEntityReferencesTests" tests="2" skipped="0" failures="0" errors="0" timestamp="2023-09-21T20:32:04" hostname="DESKTOP" time="0.016">
  <properties/>
  <testcase name="testSupportsAllCharacterEntityReferencesDefinedByHtml()" classname="org.springframework.web.util.HtmlCharacterEntityReferencesTests" time="0.015"/>
  <testcase name="testConvertToReferenceUTF8()" classname="org.springframework.web.util.HtmlCharacterEntityReferencesTests" time="0.0"/>
  <system-out><![CDATA[]]></system-out>
  <system-err><![CDATA[]]></system-err>
</testsuite>
