<?xml version="1.0" encoding="UTF-8"?>
<testsuite name="org.springframework.http.RequestEntityTests" tests="9" skipped="0" failures="0" errors="0" timestamp="2023-09-21T20:31:11" hostname="DESKTOP" time="0.012">
  <properties/>
  <testcase name="normal()" classname="org.springframework.http.RequestEntityTests" time="0.001"/>
  <testcase name="equalityWithUriTemplate()" classname="org.springframework.http.RequestEntityTests" time="0.001"/>
  <testcase name="get()" classname="org.springframework.http.RequestEntityTests" time="0.0"/>
  <testcase name="types()" classname="org.springframework.http.RequestEntityTests" time="0.001"/>
  <testcase name="equalityWithUrl()" classname="org.springframework.http.RequestEntityTests" time="0.0"/>
  <testcase name="headers()" classname="org.springframework.http.RequestEntityTests" time="0.001"/>
  <testcase name="methods()" classname="org.springframework.http.RequestEntityTests" time="0.0"/>
  <testcase name="uriVariablesExpansion()" classname="org.springframework.http.RequestEntityTests" time="0.008"/>
  <testcase name="uriExpansion()" classname="org.springframework.http.RequestEntityTests" time="0.0"/>
  <system-out><![CDATA[]]></system-out>
  <system-err><![CDATA[]]></system-err>
</testsuite>
