<?xml version="1.0" encoding="UTF-8"?>
<testsuite name="org.springframework.web.util.ServletRequestPathUtilsTests" tests="1" skipped="0" failures="0" errors="0" timestamp="2023-09-21T20:32:04" hostname="DESKTOP" time="0.0">
  <properties/>
  <testcase name="parseAndCache()" classname="org.springframework.web.util.ServletRequestPathUtilsTests" time="0.0"/>
  <system-out><![CDATA[]]></system-out>
  <system-err><![CDATA[]]></system-err>
</testsuite>
