<?xml version="1.0" encoding="UTF-8"?>
<testsuite name="org.springframework.http.client.BufferedSimpleHttpRequestFactoryTests" tests="8" skipped="0" failures="0" errors="0" timestamp="2023-09-21T20:31:12" hostname="DESKTOP" time="0.024">
  <properties/>
  <testcase name="headersAfterExecute()" classname="org.springframework.http.client.BufferedSimpleHttpRequestFactoryTests" time="0.004"/>
  <testcase name="status()" classname="org.springframework.http.client.BufferedSimpleHttpRequestFactoryTests" time="0.003"/>
  <testcase name="echo()" classname="org.springframework.http.client.BufferedSimpleHttpRequestFactoryTests" time="0.003"/>
  <testcase name="multipleWrites()" classname="org.springframework.http.client.BufferedSimpleHttpRequestFactoryTests" time="0.003"/>
  <testcase name="queryParameters()" classname="org.springframework.http.client.BufferedSimpleHttpRequestFactoryTests" time="0.002"/>
  <testcase name="prepareConnectionWithRequestBody()" classname="org.springframework.http.client.BufferedSimpleHttpRequestFactoryTests" time="0.002"/>
  <testcase name="deleteWithoutBodyDoesNotRaiseException()" classname="org.springframework.http.client.BufferedSimpleHttpRequestFactoryTests" time="0.002"/>
  <testcase name="httpMethods()" classname="org.springframework.http.client.BufferedSimpleHttpRequestFactoryTests" time="0.001"/>
  <system-out><![CDATA[]]></system-out>
  <system-err><![CDATA[Sep 21, 2023 4:31:12 PM okhttp3.mockwebserver.MockWebServer$3 execute
INFO: MockWebServer[56002] starting to accept connections
Sep 21, 2023 4:31:12 PM okhttp3.mockwebserver.MockWebServer$4 processOneRequest
INFO: MockWebServer[56002] received request: POST /status/ok HTTP/1.1 and responded: HTTP/1.1 200 OK
Sep 21, 2023 4:31:12 PM okhttp3.mockwebserver.MockWebServer$3 acceptConnections
INFO: MockWebServer[56002] done accepting connections: socket closed
Sep 21, 2023 4:31:12 PM okhttp3.mockwebserver.MockWebServer$3 execute
INFO: MockWebServer[56004] starting to accept connections
Sep 21, 2023 4:31:12 PM okhttp3.mockwebserver.MockWebServer$4 processOneRequest
INFO: MockWebServer[56004] received request: GET /status/notfound HTTP/1.1 and responded: HTTP/1.1 404 Client Error
Sep 21, 2023 4:31:12 PM okhttp3.mockwebserver.MockWebServer$3 acceptConnections
INFO: MockWebServer[56004] done accepting connections: socket closed
Sep 21, 2023 4:31:12 PM okhttp3.mockwebserver.MockWebServer$3 execute
INFO: MockWebServer[56006] starting to accept connections
Sep 21, 2023 4:31:12 PM okhttp3.mockwebserver.MockWebServer$4 processOneRequest
INFO: MockWebServer[56006] received request: PUT /echo HTTP/1.1 and responded: HTTP/1.1 200 OK
Sep 21, 2023 4:31:12 PM okhttp3.mockwebserver.MockWebServer$3 acceptConnections
INFO: MockWebServer[56006] done accepting connections: socket closed
Sep 21, 2023 4:31:12 PM okhttp3.mockwebserver.MockWebServer$3 execute
INFO: MockWebServer[56008] starting to accept connections
Sep 21, 2023 4:31:12 PM okhttp3.mockwebserver.MockWebServer$3 acceptConnections
INFO: MockWebServer[56008] done accepting connections: socket closed
Sep 21, 2023 4:31:12 PM okhttp3.mockwebserver.MockWebServer$4 processOneRequest
INFO: MockWebServer[56008] received request: POST /echo HTTP/1.1 and responded: HTTP/1.1 200 OK
Sep 21, 2023 4:31:12 PM okhttp3.mockwebserver.MockWebServer$3 execute
INFO: MockWebServer[56010] starting to accept connections
Sep 21, 2023 4:31:12 PM okhttp3.mockwebserver.MockWebServer$4 processOneRequest
INFO: MockWebServer[56010] received request: GET /params?param1=value&param2=value1&param2=value2 HTTP/1.1 and responded: HTTP/1.1 200 OK
Sep 21, 2023 4:31:12 PM okhttp3.mockwebserver.MockWebServer$3 acceptConnections
INFO: MockWebServer[56010] done accepting connections: socket closed
Sep 21, 2023 4:31:12 PM okhttp3.mockwebserver.MockWebServer$3 execute
INFO: MockWebServer[56012] starting to accept connections
Sep 21, 2023 4:31:12 PM okhttp3.mockwebserver.MockWebServer$3 acceptConnections
INFO: MockWebServer[56012] done accepting connections: socket closed
Sep 21, 2023 4:31:12 PM okhttp3.mockwebserver.MockWebServer$3 execute
INFO: MockWebServer[56013] starting to accept connections
Sep 21, 2023 4:31:12 PM okhttp3.mockwebserver.MockWebServer$3 acceptConnections
INFO: MockWebServer[56013] done accepting connections: Socket is closed
Sep 21, 2023 4:31:12 PM okhttp3.mockwebserver.MockWebServer$3 execute
INFO: MockWebServer[56014] starting to accept connections
Sep 21, 2023 4:31:12 PM okhttp3.mockwebserver.MockWebServer$3 acceptConnections
INFO: MockWebServer[56014] done accepting connections: Socket is closed
]]></system-err>
</testsuite>
