<?xml version="1.0" encoding="UTF-8"?>
<testsuite name="org.springframework.web.server.adapter.WebHttpHandlerBuilderTests" tests="7" skipped="0" failures="0" errors="0" timestamp="2023-09-21T20:31:59" hostname="DESKTOP" time="0.048">
  <properties/>
  <testcase name="configWithoutFilters()" classname="org.springframework.web.server.adapter.WebHttpHandlerBuilderTests" time="0.007"/>
  <testcase name="orderedWebExceptionHandlerBeans()" classname="org.springframework.web.server.adapter.WebHttpHandlerBuilderTests" time="0.012"/>
  <testcase name="httpHandlerDecorator()" classname="org.springframework.web.server.adapter.WebHttpHandlerBuilderTests" time="0.002"/>
  <testcase name="httpHandlerDecoratorFactoryBeans()" classname="org.springframework.web.server.adapter.WebHttpHandlerBuilderTests" time="0.012"/>
  <testcase name="cloneWithApplicationContext()" classname="org.springframework.web.server.adapter.WebHttpHandlerBuilderTests" time="0.003"/>
  <testcase name="forwardedHeaderTransformer()" classname="org.springframework.web.server.adapter.WebHttpHandlerBuilderTests" time="0.005"/>
  <testcase name="orderedWebFilterBeans()" classname="org.springframework.web.server.adapter.WebHttpHandlerBuilderTests" time="0.007"/>
  <system-out><![CDATA[]]></system-out>
  <system-err><![CDATA[]]></system-err>
</testsuite>
