<?xml version="1.0" encoding="UTF-8"?>
<testsuite name="org.springframework.web.client.RestTemplateTests" tests="40" skipped="0" failures="0" errors="0" timestamp="2023-09-21T20:31:56" hostname="DESKTOP" time="0.08">
  <properties/>
  <testcase name="ioExceptionWithEmptyQueryString()" classname="org.springframework.web.client.RestTemplateTests" time="0.003"/>
  <testcase name="setMessageConvertersPreconditions()" classname="org.springframework.web.client.RestTemplateTests" time="0.001"/>
  <testcase name="delete()" classname="org.springframework.web.client.RestTemplateTests" time="0.001"/>
  <testcase name="uriTemplateWithTrailingSlash()" classname="org.springframework.web.client.RestTemplateTests" time="0.003"/>
  <testcase name="keepGivenAcceptHeaderOnPut()" classname="org.springframework.web.client.RestTemplateTests" time="0.006"/>
  <testcase name="postForLocationEntityContentType()" classname="org.springframework.web.client.RestTemplateTests" time="0.002"/>
  <testcase name="postForEntityNull()" classname="org.springframework.web.client.RestTemplateTests" time="0.003"/>
  <testcase name="errorHandling()" classname="org.springframework.web.client.RestTemplateTests" time="0.001"/>
  <testcase name="ioException()" classname="org.springframework.web.client.RestTemplateTests" time="0.001"/>
  <testcase name="getUnsupportedMediaType()" classname="org.springframework.web.client.RestTemplateTests" time="0.002"/>
  <testcase name="headForHeaders()" classname="org.springframework.web.client.RestTemplateTests" time="0.0"/>
  <testcase name="patchForObjectNull()" classname="org.springframework.web.client.RestTemplateTests" time="0.0"/>
  <testcase name="varArgsNullTemplateVariable()" classname="org.springframework.web.client.RestTemplateTests" time="0.0"/>
  <testcase name="postForEntity()" classname="org.springframework.web.client.RestTemplateTests" time="0.002"/>
  <testcase name="getForObjectWithCustomUriTemplateHandler()" classname="org.springframework.web.client.RestTemplateTests" time="0.002"/>
  <testcase name="constructorPreconditions()" classname="org.springframework.web.client.RestTemplateTests" time="0.0"/>
  <testcase name="mapTemplateVariables()" classname="org.springframework.web.client.RestTemplateTests" time="0.0"/>
  <testcase name="requestAvoidsDuplicateAcceptHeaderValues()" classname="org.springframework.web.client.RestTemplateTests" time="0.001"/>
  <testcase name="varArgsTemplateVariables()" classname="org.springframework.web.client.RestTemplateTests" time="0.0"/>
  <testcase name="putNull()" classname="org.springframework.web.client.RestTemplateTests" time="0.001"/>
  <testcase name="postForObject()" classname="org.springframework.web.client.RestTemplateTests" time="0.001"/>
  <testcase name="postForLocation()" classname="org.springframework.web.client.RestTemplateTests" time="0.001"/>
  <testcase name="put()" classname="org.springframework.web.client.RestTemplateTests" time="0.001"/>
  <testcase name="headerAcceptAllOnPut()" classname="org.springframework.web.client.RestTemplateTests" time="0.002"/>
  <testcase name="defaultMessageConvertersWithKotlinSerialization()" classname="org.springframework.web.client.RestTemplateTests" time="0.009"/>
  <testcase name="clientHttpRequestInitializerAndRequestInterceptorAreBothApplied()" classname="org.springframework.web.client.RestTemplateTests" time="0.002"/>
  <testcase name="postForLocationNoLocation()" classname="org.springframework.web.client.RestTemplateTests" time="0.001"/>
  <testcase name="getForEntity()" classname="org.springframework.web.client.RestTemplateTests" time="0.002"/>
  <testcase name="mapNullTemplateVariable()" classname="org.springframework.web.client.RestTemplateTests" time="0.001"/>
  <testcase name="patchForObject()" classname="org.springframework.web.client.RestTemplateTests" time="0.002"/>
  <testcase name="requestInterceptorCanAddExistingHeaderValueWithoutBody()" classname="org.springframework.web.client.RestTemplateTests" time="0.001"/>
  <testcase name="getForObject()" classname="org.springframework.web.client.RestTemplateTests" time="0.002"/>
  <testcase name="headerAcceptAllOnDelete()" classname="org.springframework.web.client.RestTemplateTests" time="0.003"/>
  <testcase name="requestInterceptorCanAddExistingHeaderValueWithBody()" classname="org.springframework.web.client.RestTemplateTests" time="0.002"/>
  <testcase name="postForLocationEntityCustomHeader()" classname="org.springframework.web.client.RestTemplateTests" time="0.001"/>
  <testcase name="optionsForAllow()" classname="org.springframework.web.client.RestTemplateTests" time="0.001"/>
  <testcase name="postForObjectNull()" classname="org.springframework.web.client.RestTemplateTests" time="0.002"/>
  <testcase name="postForLocationNull()" classname="org.springframework.web.client.RestTemplateTests" time="0.0"/>
  <testcase name="exchange()" classname="org.springframework.web.client.RestTemplateTests" time="0.001"/>
  <testcase name="exchangeParameterizedType()" classname="org.springframework.web.client.RestTemplateTests" time="0.002"/>
  <system-out><![CDATA[]]></system-out>
  <system-err><![CDATA[Sep 21, 2023 4:31:56 PM okhttp3.mockwebserver.MockWebServer$3 execute
INFO: MockWebServer[49392] starting to accept connections
Sep 21, 2023 4:31:56 PM okhttp3.mockwebserver.MockWebServer$4 processOneRequest
INFO: MockWebServer[49392] received request: PUT /internal/server/error HTTP/1.1 and responded: HTTP/1.1 500 Server Error
Sep 21, 2023 4:31:56 PM okhttp3.mockwebserver.MockWebServer$3 acceptConnections
INFO: MockWebServer[49392] done accepting connections: socket closed
Sep 21, 2023 4:31:56 PM okhttp3.mockwebserver.MockWebServer$3 execute
INFO: MockWebServer[49422] starting to accept connections
Sep 21, 2023 4:31:56 PM okhttp3.mockwebserver.MockWebServer$4 processOneRequest
INFO: MockWebServer[49422] received request: PUT /internal/server/error HTTP/1.1 and responded: HTTP/1.1 500 Server Error
Sep 21, 2023 4:31:56 PM okhttp3.mockwebserver.MockWebServer$3 acceptConnections
INFO: MockWebServer[49422] done accepting connections: socket closed
Sep 21, 2023 4:31:56 PM okhttp3.mockwebserver.MockWebServer$3 execute
INFO: MockWebServer[49450] starting to accept connections
Sep 21, 2023 4:31:56 PM okhttp3.mockwebserver.MockWebServer$4 processOneRequest
INFO: MockWebServer[49450] received request: DELETE /internal/server/error HTTP/1.1 and responded: HTTP/1.1 500 Server Error
Sep 21, 2023 4:31:56 PM okhttp3.mockwebserver.MockWebServer$3 acceptConnections
INFO: MockWebServer[49450] done accepting connections: socket closed
]]></system-err>
</testsuite>
