<?xml version="1.0" encoding="UTF-8"?>
<testsuite name="org.springframework.http.converter.ResourceRegionHttpMessageConverterTests" tests="8" skipped="0" failures="0" errors="0" timestamp="2023-09-21T20:31:31" hostname="DESKTOP" time="0.038">
  <properties/>
  <testcase name="partialContentMultipleByteRanges()" classname="org.springframework.http.converter.ResourceRegionHttpMessageConverterTests" time="0.004"/>
  <testcase name="canWriteResourceCollection()" classname="org.springframework.http.converter.ResourceRegionHttpMessageConverterTests" time="0.001"/>
  <testcase name="partialContentMultipleByteRangesInRandomOrderAndOverlapping()" classname="org.springframework.http.converter.ResourceRegionHttpMessageConverterTests" time="0.012"/>
  <testcase name="canWriteResource()" classname="org.springframework.http.converter.ResourceRegionHttpMessageConverterTests" time="0.0"/>
  <testcase name="shouldWritePartialContentByteRangeNoEnd()" classname="org.springframework.http.converter.ResourceRegionHttpMessageConverterTests" time="0.004"/>
  <testcase name="applicationOctetStreamDefaultContentType()" classname="org.springframework.http.converter.ResourceRegionHttpMessageConverterTests" time="0.013"/>
  <testcase name="canReadResource()" classname="org.springframework.http.converter.ResourceRegionHttpMessageConverterTests" time="0.0"/>
  <testcase name="shouldWritePartialContentByteRange()" classname="org.springframework.http.converter.ResourceRegionHttpMessageConverterTests" time="0.004"/>
  <system-out><![CDATA[]]></system-out>
  <system-err><![CDATA[]]></system-err>
</testsuite>
