<?xml version="1.0" encoding="UTF-8"?>
<testsuite name="org.springframework.http.server.reactive.ZeroCopyIntegrationTests" tests="4" skipped="2" failures="0" errors="0" timestamp="2023-09-21T20:31:43" hostname="DESKTOP" time="0.044">
  <properties/>
  <testcase name="[1] Jetty" classname="org.springframework.http.server.reactive.ZeroCopyIntegrationTests" time="0.002">
    <skipped/>
  </testcase>
  <testcase name="[2] Reactor Netty" classname="org.springframework.http.server.reactive.ZeroCopyIntegrationTests" time="0.012"/>
  <testcase name="[3] Tomcat" classname="org.springframework.http.server.reactive.ZeroCopyIntegrationTests" time="0.0">
    <skipped/>
  </testcase>
  <testcase name="[4] Undertow" classname="org.springframework.http.server.reactive.ZeroCopyIntegrationTests" time="0.029"/>
  <system-out><![CDATA[]]></system-out>
  <system-err><![CDATA[]]></system-err>
</testsuite>
