<?xml version="1.0" encoding="UTF-8"?>
<testsuite name="org.springframework.http.client.Netty4AsyncClientHttpRequestFactoryTests" tests="7" skipped="0" failures="0" errors="0" timestamp="2023-09-21T20:31:17" hostname="DESKTOP" time="0.58">
  <properties/>
  <testcase name="cancel()" classname="org.springframework.http.client.Netty4AsyncClientHttpRequestFactoryTests" time="0.464"/>
  <testcase name="headersAfterExecute()" classname="org.springframework.http.client.Netty4AsyncClientHttpRequestFactoryTests" time="0.077"/>
  <testcase name="status()" classname="org.springframework.http.client.Netty4AsyncClientHttpRequestFactoryTests" time="0.005"/>
  <testcase name="echo()" classname="org.springframework.http.client.Netty4AsyncClientHttpRequestFactoryTests" time="0.009"/>
  <testcase name="statusCallback()" classname="org.springframework.http.client.Netty4AsyncClientHttpRequestFactoryTests" time="0.004"/>
  <testcase name="multipleWrites()" classname="org.springframework.http.client.Netty4AsyncClientHttpRequestFactoryTests" time="0.004"/>
  <testcase name="httpMethods()" classname="org.springframework.http.client.Netty4AsyncClientHttpRequestFactoryTests" time="0.015"/>
  <system-out><![CDATA[]]></system-out>
  <system-err><![CDATA[Sep 21, 2023 4:31:17 PM okhttp3.mockwebserver.MockWebServer$3 execute
INFO: MockWebServer[56827] starting to accept connections
Sep 21, 2023 4:31:18 PM okhttp3.mockwebserver.MockWebServer$3 acceptConnections
INFO: MockWebServer[56827] done accepting connections: socket closed
Sep 21, 2023 4:31:18 PM okhttp3.mockwebserver.MockWebServer$3 execute
INFO: MockWebServer[56878] starting to accept connections
Sep 21, 2023 4:31:18 PM okhttp3.mockwebserver.MockWebServer$4 processOneRequest
INFO: MockWebServer[56878] received request: POST /echo HTTP/1.1 and responded: HTTP/1.1 200 OK
Sep 21, 2023 4:31:18 PM okhttp3.mockwebserver.MockWebServer$3 acceptConnections
INFO: MockWebServer[56878] done accepting connections: socket closed
Sep 21, 2023 4:31:18 PM okhttp3.mockwebserver.MockWebServer$3 execute
INFO: MockWebServer[56881] starting to accept connections
Sep 21, 2023 4:31:18 PM okhttp3.mockwebserver.MockWebServer$4 processOneRequest
INFO: MockWebServer[56881] received request: GET /status/notfound HTTP/1.1 and responded: HTTP/1.1 404 Client Error
Sep 21, 2023 4:31:18 PM okhttp3.mockwebserver.MockWebServer$3 acceptConnections
INFO: MockWebServer[56881] done accepting connections: socket closed
Sep 21, 2023 4:31:18 PM okhttp3.mockwebserver.MockWebServer$3 execute
INFO: MockWebServer[56883] starting to accept connections
Sep 21, 2023 4:31:18 PM okhttp3.mockwebserver.MockWebServer$4 processOneRequest
INFO: MockWebServer[56883] received request: PUT /echo HTTP/1.1 and responded: HTTP/1.1 200 OK
Sep 21, 2023 4:31:18 PM okhttp3.mockwebserver.MockWebServer$3 acceptConnections
INFO: MockWebServer[56883] done accepting connections: socket closed
Sep 21, 2023 4:31:18 PM okhttp3.mockwebserver.MockWebServer$3 execute
INFO: MockWebServer[56885] starting to accept connections
Sep 21, 2023 4:31:18 PM okhttp3.mockwebserver.MockWebServer$4 processOneRequest
INFO: MockWebServer[56885] received request: GET /status/notfound HTTP/1.1 and responded: HTTP/1.1 404 Client Error
Sep 21, 2023 4:31:18 PM okhttp3.mockwebserver.MockWebServer$3 acceptConnections
INFO: MockWebServer[56885] done accepting connections: socket closed
Sep 21, 2023 4:31:18 PM okhttp3.mockwebserver.MockWebServer$3 execute
INFO: MockWebServer[56887] starting to accept connections
Sep 21, 2023 4:31:18 PM okhttp3.mockwebserver.MockWebServer$4 processOneRequest
INFO: MockWebServer[56887] received request: POST /echo HTTP/1.1 and responded: HTTP/1.1 200 OK
Sep 21, 2023 4:31:18 PM okhttp3.mockwebserver.MockWebServer$3 acceptConnections
INFO: MockWebServer[56887] done accepting connections: socket closed
Sep 21, 2023 4:31:18 PM okhttp3.mockwebserver.MockWebServer$3 execute
INFO: MockWebServer[56889] starting to accept connections
Sep 21, 2023 4:31:18 PM okhttp3.mockwebserver.MockWebServer$4 processOneRequest
INFO: MockWebServer[56889] received request: GET /methods/get HTTP/1.1 and responded: HTTP/1.1 200 OK
Sep 21, 2023 4:31:18 PM okhttp3.mockwebserver.MockWebServer$4 processOneRequest
INFO: MockWebServer[56889] received request: HEAD /methods/head HTTP/1.1 and responded: HTTP/1.1 200 OK
Sep 21, 2023 4:31:18 PM okhttp3.mockwebserver.MockWebServer$4 processOneRequest
INFO: MockWebServer[56889] received request: POST /methods/post HTTP/1.1 and responded: HTTP/1.1 200 OK
Sep 21, 2023 4:31:18 PM okhttp3.mockwebserver.MockWebServer$4 processOneRequest
INFO: MockWebServer[56889] received request: PUT /methods/put HTTP/1.1 and responded: HTTP/1.1 200 OK
Sep 21, 2023 4:31:18 PM okhttp3.mockwebserver.MockWebServer$4 processOneRequest
INFO: MockWebServer[56889] received request: OPTIONS /methods/options HTTP/1.1 and responded: HTTP/1.1 200 OK
Sep 21, 2023 4:31:18 PM okhttp3.mockwebserver.MockWebServer$4 processOneRequest
INFO: MockWebServer[56889] received request: DELETE /methods/delete HTTP/1.1 and responded: HTTP/1.1 200 OK
Sep 21, 2023 4:31:18 PM okhttp3.mockwebserver.MockWebServer$4 processOneRequest
INFO: MockWebServer[56889] received request: PATCH /methods/patch HTTP/1.1 and responded: HTTP/1.1 200 OK
Sep 21, 2023 4:31:18 PM okhttp3.mockwebserver.MockWebServer$3 acceptConnections
INFO: MockWebServer[56889] done accepting connections: socket closed
]]></system-err>
</testsuite>
