<?xml version="1.0" encoding="UTF-8"?>
<testsuite name="org.springframework.http.converter.feed.AtomFeedHttpMessageConverterTests" tests="6" skipped="0" failures="0" errors="0" timestamp="2023-09-21T20:31:31" hostname="DESKTOP" time="0.065">
  <properties/>
  <testcase name="writeOtherCharset()" classname="org.springframework.http.converter.feed.AtomFeedHttpMessageConverterTests" time="0.036"/>
  <testcase name="writeOtherContentTypeParameters()" classname="org.springframework.http.converter.feed.AtomFeedHttpMessageConverterTests" time="0.0"/>
  <testcase name="canWrite()" classname="org.springframework.http.converter.feed.AtomFeedHttpMessageConverterTests" time="0.0"/>
  <testcase name="read()" classname="org.springframework.http.converter.feed.AtomFeedHttpMessageConverterTests" time="0.019"/>
  <testcase name="write()" classname="org.springframework.http.converter.feed.AtomFeedHttpMessageConverterTests" time="0.01"/>
  <testcase name="canRead()" classname="org.springframework.http.converter.feed.AtomFeedHttpMessageConverterTests" time="0.0"/>
  <system-out><![CDATA[]]></system-out>
  <system-err><![CDATA[]]></system-err>
</testsuite>
