<?xml version="1.0" encoding="UTF-8"?>
<testsuite name="org.springframework.http.codec.ServerSentEventHttpMessageReaderTests" tests="12" skipped="0" failures="0" errors="0" timestamp="2023-09-21T20:31:27" hostname="DESKTOP" time="1.345">
  <properties/>
  <testcase name="readServerSentEvents()" classname="org.springframework.http.codec.ServerSentEventHttpMessageReaderTests" time="0.008"/>
  <testcase name="readServerSentEventsWithMultipleChunks()" classname="org.springframework.http.codec.ServerSentEventHttpMessageReaderTests" time="0.003"/>
  <testcase name="trimWhitespace()" classname="org.springframework.http.codec.ServerSentEventHttpMessageReaderTests" time="0.001"/>
  <testcase name="decodeFullContentAsString()" classname="org.springframework.http.codec.ServerSentEventHttpMessageReaderTests" time="0.001"/>
  <testcase name="readError()" classname="org.springframework.http.codec.ServerSentEventHttpMessageReaderTests" time="0.002"/>
  <testcase name="readPojo()" classname="org.springframework.http.codec.ServerSentEventHttpMessageReaderTests" time="0.062"/>
  <testcase name="readString()" classname="org.springframework.http.codec.ServerSentEventHttpMessageReaderTests" time="0.001"/>
  <testcase name="cantRead()" classname="org.springframework.http.codec.ServerSentEventHttpMessageReaderTests" time="0.0"/>
  <testcase name="maxInMemoryLimit()" classname="org.springframework.http.codec.ServerSentEventHttpMessageReaderTests" time="0.001"/>
  <testcase name="canRead()" classname="org.springframework.http.codec.ServerSentEventHttpMessageReaderTests" time="0.0"/>
  <testcase name="readPojoWithCommentOnly()" classname="org.springframework.http.codec.ServerSentEventHttpMessageReaderTests" time="0.001"/>
  <testcase name="maxInMemoryLimitAllowsReadingPojoLargerThanDefaultSize()" classname="org.springframework.http.codec.ServerSentEventHttpMessageReaderTests" time="1.261"/>
  <system-out><![CDATA[]]></system-out>
  <system-err><![CDATA[]]></system-err>
</testsuite>
