<?xml version="1.0" encoding="UTF-8"?>
<testsuite name="org.springframework.http.server.reactive.ServerHttpRequestIntegrationTests" tests="4" skipped="0" failures="0" errors="0" timestamp="2023-09-21T20:31:40" hostname="DESKTOP" time="0.424">
  <properties/>
  <testcase name="[1] Jetty" classname="org.springframework.http.server.reactive.ServerHttpRequestIntegrationTests" time="0.018"/>
  <testcase name="[2] Reactor Netty" classname="org.springframework.http.server.reactive.ServerHttpRequestIntegrationTests" time="0.005"/>
  <testcase name="[3] Tomcat" classname="org.springframework.http.server.reactive.ServerHttpRequestIntegrationTests" time="0.364"/>
  <testcase name="[4] Undertow" classname="org.springframework.http.server.reactive.ServerHttpRequestIntegrationTests" time="0.034"/>
  <system-out><![CDATA[]]></system-out>
  <system-err><![CDATA[Sep 21, 2023 4:31:40 PM org.apache.catalina.core.StandardService startInternal
INFO: Starting service [Tomcat]
Sep 21, 2023 4:31:40 PM org.apache.catalina.core.StandardEngine startInternal
INFO: Starting Servlet engine: [Apache Tomcat/9.0.78]
Sep 21, 2023 4:31:40 PM org.apache.coyote.AbstractProtocol init
INFO: Initializing ProtocolHandler ["http-nio-auto-9"]
Sep 21, 2023 4:31:40 PM org.apache.coyote.AbstractProtocol start
INFO: Starting ProtocolHandler ["http-nio-auto-9-58344"]
Sep 21, 2023 4:31:40 PM org.apache.coyote.AbstractProtocol pause
INFO: Pausing ProtocolHandler ["http-nio-auto-9-58344"]
Sep 21, 2023 4:31:40 PM org.apache.catalina.core.StandardService stopInternal
INFO: Stopping service [Tomcat]
Sep 21, 2023 4:31:40 PM org.apache.coyote.AbstractProtocol stop
INFO: Stopping ProtocolHandler ["http-nio-auto-9-58344"]
Sep 21, 2023 4:31:40 PM org.apache.coyote.AbstractProtocol destroy
INFO: Destroying ProtocolHandler ["http-nio-auto-9-58344"]
]]></system-err>
</testsuite>
