<?xml version="1.0" encoding="UTF-8"?>
<testsuite name="org.springframework.http.client.OkHttp3AsyncClientHttpRequestFactoryTests" tests="7" skipped="0" failures="0" errors="0" timestamp="2023-09-21T20:31:23" hostname="DESKTOP" time="0.128">
  <properties/>
  <testcase name="cancel()" classname="org.springframework.http.client.OkHttp3AsyncClientHttpRequestFactoryTests" time="0.005"/>
  <testcase name="headersAfterExecute()" classname="org.springframework.http.client.OkHttp3AsyncClientHttpRequestFactoryTests" time="0.014"/>
  <testcase name="status()" classname="org.springframework.http.client.OkHttp3AsyncClientHttpRequestFactoryTests" time="0.003"/>
  <testcase name="echo()" classname="org.springframework.http.client.OkHttp3AsyncClientHttpRequestFactoryTests" time="0.004"/>
  <testcase name="statusCallback()" classname="org.springframework.http.client.OkHttp3AsyncClientHttpRequestFactoryTests" time="0.003"/>
  <testcase name="multipleWrites()" classname="org.springframework.http.client.OkHttp3AsyncClientHttpRequestFactoryTests" time="0.003"/>
  <testcase name="httpMethods()" classname="org.springframework.http.client.OkHttp3AsyncClientHttpRequestFactoryTests" time="0.094"/>
  <system-out><![CDATA[]]></system-out>
  <system-err><![CDATA[Sep 21, 2023 4:31:23 PM okhttp3.mockwebserver.MockWebServer$3 execute
INFO: MockWebServer[57037] starting to accept connections
Sep 21, 2023 4:31:23 PM okhttp3.mockwebserver.MockWebServer$3 acceptConnections
INFO: MockWebServer[57037] done accepting connections: socket closed
Sep 21, 2023 4:31:23 PM okhttp3.mockwebserver.MockWebServer$3 execute
INFO: MockWebServer[57038] starting to accept connections
Sep 21, 2023 4:31:23 PM okhttp3.mockwebserver.MockWebServer$4 processOneRequest
INFO: MockWebServer[57038] received request: POST /echo HTTP/1.1 and responded: HTTP/1.1 200 OK
Sep 21, 2023 4:31:23 PM okhttp3.mockwebserver.MockWebServer$3 acceptConnections
INFO: MockWebServer[57038] done accepting connections: socket closed
Sep 21, 2023 4:31:23 PM okhttp3.mockwebserver.MockWebServer$3 execute
INFO: MockWebServer[57040] starting to accept connections
Sep 21, 2023 4:31:23 PM okhttp3.mockwebserver.MockWebServer$4 processOneRequest
INFO: MockWebServer[57040] received request: GET /status/notfound HTTP/1.1 and responded: HTTP/1.1 404 Client Error
Sep 21, 2023 4:31:23 PM okhttp3.mockwebserver.MockWebServer$3 acceptConnections
INFO: MockWebServer[57040] done accepting connections: socket closed
Sep 21, 2023 4:31:23 PM okhttp3.mockwebserver.MockWebServer$3 execute
INFO: MockWebServer[57042] starting to accept connections
Sep 21, 2023 4:31:23 PM okhttp3.mockwebserver.MockWebServer$4 processOneRequest
INFO: MockWebServer[57042] received request: PUT /echo HTTP/1.1 and responded: HTTP/1.1 200 OK
Sep 21, 2023 4:31:23 PM okhttp3.mockwebserver.MockWebServer$3 acceptConnections
INFO: MockWebServer[57042] done accepting connections: socket closed
Sep 21, 2023 4:31:23 PM okhttp3.mockwebserver.MockWebServer$3 execute
INFO: MockWebServer[57044] starting to accept connections
Sep 21, 2023 4:31:23 PM okhttp3.mockwebserver.MockWebServer$4 processOneRequest
INFO: MockWebServer[57044] received request: GET /status/notfound HTTP/1.1 and responded: HTTP/1.1 404 Client Error
Sep 21, 2023 4:31:23 PM okhttp3.mockwebserver.MockWebServer$3 acceptConnections
INFO: MockWebServer[57044] done accepting connections: socket closed
Sep 21, 2023 4:31:23 PM okhttp3.mockwebserver.MockWebServer$3 execute
INFO: MockWebServer[57046] starting to accept connections
Sep 21, 2023 4:31:23 PM okhttp3.mockwebserver.MockWebServer$4 processOneRequest
INFO: MockWebServer[57046] received request: POST /echo HTTP/1.1 and responded: HTTP/1.1 200 OK
Sep 21, 2023 4:31:23 PM okhttp3.mockwebserver.MockWebServer$3 acceptConnections
INFO: MockWebServer[57046] done accepting connections: socket closed
Sep 21, 2023 4:31:23 PM okhttp3.mockwebserver.MockWebServer$3 execute
INFO: MockWebServer[57048] starting to accept connections
Sep 21, 2023 4:31:23 PM okhttp3.mockwebserver.MockWebServer$4 processOneRequest
INFO: MockWebServer[57048] received request: GET /methods/get HTTP/1.1 and responded: HTTP/1.1 200 OK
Sep 21, 2023 4:31:23 PM okhttp3.mockwebserver.MockWebServer$4 processOneRequest
INFO: MockWebServer[57048] received request: HEAD /methods/head HTTP/1.1 and responded: HTTP/1.1 200 OK
Sep 21, 2023 4:31:23 PM okhttp3.mockwebserver.MockWebServer$4 processOneRequest
INFO: MockWebServer[57048] received request: POST /methods/post HTTP/1.1 and responded: HTTP/1.1 200 OK
Sep 21, 2023 4:31:23 PM okhttp3.mockwebserver.MockWebServer$4 processOneRequest
INFO: MockWebServer[57048] received request: PUT /methods/put HTTP/1.1 and responded: HTTP/1.1 200 OK
Sep 21, 2023 4:31:23 PM okhttp3.mockwebserver.MockWebServer$4 processOneRequest
INFO: MockWebServer[57048] received request: OPTIONS /methods/options HTTP/1.1 and responded: HTTP/1.1 200 OK
Sep 21, 2023 4:31:23 PM okhttp3.mockwebserver.MockWebServer$4 processOneRequest
INFO: MockWebServer[57048] received request: DELETE /methods/delete HTTP/1.1 and responded: HTTP/1.1 200 OK
Sep 21, 2023 4:31:23 PM okhttp3.mockwebserver.MockWebServer$4 processOneRequest
INFO: MockWebServer[57048] received request: PATCH /methods/patch HTTP/1.1 and responded: HTTP/1.1 200 OK
Sep 21, 2023 4:31:23 PM okhttp3.mockwebserver.MockWebServer$3 acceptConnections
INFO: MockWebServer[57048] done accepting connections: socket closed
]]></system-err>
</testsuite>
