<?xml version="1.0" encoding="UTF-8"?>
<testsuite name="org.springframework.web.method.support.CompositeUriComponentsContributorTests" tests="2" skipped="0" failures="0" errors="0" timestamp="2023-09-21T20:31:59" hostname="DESKTOP" time="0.003">
  <properties/>
  <testcase name="hasContributors()" classname="org.springframework.web.method.support.CompositeUriComponentsContributorTests" time="0.002"/>
  <testcase name="supportsParameter()" classname="org.springframework.web.method.support.CompositeUriComponentsContributorTests" time="0.001"/>
  <system-out><![CDATA[]]></system-out>
  <system-err><![CDATA[]]></system-err>
</testsuite>
