<?xml version="1.0" encoding="UTF-8"?>
<testsuite name="org.springframework.http.client.NoOutputStreamingBufferedSimpleHttpRequestFactoryTests" tests="6" skipped="0" failures="0" errors="0" timestamp="2023-09-21T20:31:23" hostname="DESKTOP" time="0.011">
  <properties/>
  <testcase name="headersAfterExecute()" classname="org.springframework.http.client.NoOutputStreamingBufferedSimpleHttpRequestFactoryTests" time="0.001"/>
  <testcase name="status()" classname="org.springframework.http.client.NoOutputStreamingBufferedSimpleHttpRequestFactoryTests" time="0.001"/>
  <testcase name="echo()" classname="org.springframework.http.client.NoOutputStreamingBufferedSimpleHttpRequestFactoryTests" time="0.002"/>
  <testcase name="multipleWrites()" classname="org.springframework.http.client.NoOutputStreamingBufferedSimpleHttpRequestFactoryTests" time="0.001"/>
  <testcase name="queryParameters()" classname="org.springframework.http.client.NoOutputStreamingBufferedSimpleHttpRequestFactoryTests" time="0.001"/>
  <testcase name="httpMethods()" classname="org.springframework.http.client.NoOutputStreamingBufferedSimpleHttpRequestFactoryTests" time="0.003"/>
  <system-out><![CDATA[]]></system-out>
  <system-err><![CDATA[Sep 21, 2023 4:31:23 PM okhttp3.mockwebserver.MockWebServer$3 execute
INFO: MockWebServer[57013] starting to accept connections
Sep 21, 2023 4:31:23 PM okhttp3.mockwebserver.MockWebServer$4 processOneRequest
INFO: MockWebServer[57013] received request: POST /status/ok HTTP/1.1 and responded: HTTP/1.1 200 OK
Sep 21, 2023 4:31:23 PM okhttp3.mockwebserver.MockWebServer$3 acceptConnections
INFO: MockWebServer[57013] done accepting connections: socket closed
Sep 21, 2023 4:31:23 PM okhttp3.mockwebserver.MockWebServer$3 execute
INFO: MockWebServer[57015] starting to accept connections
Sep 21, 2023 4:31:23 PM okhttp3.mockwebserver.MockWebServer$4 processOneRequest
INFO: MockWebServer[57015] received request: GET /status/notfound HTTP/1.1 and responded: HTTP/1.1 404 Client Error
Sep 21, 2023 4:31:23 PM okhttp3.mockwebserver.MockWebServer$3 acceptConnections
INFO: MockWebServer[57015] done accepting connections: socket closed
Sep 21, 2023 4:31:23 PM okhttp3.mockwebserver.MockWebServer$3 execute
INFO: MockWebServer[57017] starting to accept connections
Sep 21, 2023 4:31:23 PM okhttp3.mockwebserver.MockWebServer$4 processOneRequest
INFO: MockWebServer[57017] received request: PUT /echo HTTP/1.1 and responded: HTTP/1.1 200 OK
Sep 21, 2023 4:31:23 PM okhttp3.mockwebserver.MockWebServer$3 acceptConnections
INFO: MockWebServer[57017] done accepting connections: socket closed
Sep 21, 2023 4:31:23 PM okhttp3.mockwebserver.MockWebServer$3 execute
INFO: MockWebServer[57019] starting to accept connections
Sep 21, 2023 4:31:23 PM okhttp3.mockwebserver.MockWebServer$3 acceptConnections
INFO: MockWebServer[57019] done accepting connections: Socket is closed
Sep 21, 2023 4:31:23 PM okhttp3.mockwebserver.MockWebServer$4 execute
INFO: MockWebServer[57019] connection from /127.0.0.1 failed: java.net.SocketException: Socket is closed
Sep 21, 2023 4:31:23 PM okhttp3.mockwebserver.MockWebServer$3 execute
INFO: MockWebServer[57021] starting to accept connections
Sep 21, 2023 4:31:23 PM okhttp3.mockwebserver.MockWebServer$4 processOneRequest
INFO: MockWebServer[57021] received request: GET /params?param1=value&param2=value1&param2=value2 HTTP/1.1 and responded: HTTP/1.1 200 OK
Sep 21, 2023 4:31:23 PM okhttp3.mockwebserver.MockWebServer$3 acceptConnections
INFO: MockWebServer[57021] done accepting connections: socket closed
Sep 21, 2023 4:31:23 PM okhttp3.mockwebserver.MockWebServer$3 execute
INFO: MockWebServer[57023] starting to accept connections
Sep 21, 2023 4:31:23 PM okhttp3.mockwebserver.MockWebServer$4 processOneRequest
INFO: MockWebServer[57023] received request: GET /methods/get HTTP/1.1 and responded: HTTP/1.1 200 OK
Sep 21, 2023 4:31:23 PM okhttp3.mockwebserver.MockWebServer$4 processOneRequest
INFO: MockWebServer[57023] received request: HEAD /methods/head HTTP/1.1 and responded: HTTP/1.1 200 OK
Sep 21, 2023 4:31:23 PM okhttp3.mockwebserver.MockWebServer$4 processOneRequest
INFO: MockWebServer[57023] received request: POST /methods/post HTTP/1.1 and responded: HTTP/1.1 200 OK
Sep 21, 2023 4:31:23 PM okhttp3.mockwebserver.MockWebServer$4 processOneRequest
INFO: MockWebServer[57023] received request: PUT /methods/put HTTP/1.1 and responded: HTTP/1.1 200 OK
Sep 21, 2023 4:31:23 PM okhttp3.mockwebserver.MockWebServer$4 processOneRequest
INFO: MockWebServer[57023] received request: OPTIONS /methods/options HTTP/1.1 and responded: HTTP/1.1 200 OK
Sep 21, 2023 4:31:23 PM okhttp3.mockwebserver.MockWebServer$4 processOneRequest
INFO: MockWebServer[57023] received request: DELETE /methods/delete HTTP/1.1 and responded: HTTP/1.1 200 OK
Sep 21, 2023 4:31:23 PM okhttp3.mockwebserver.MockWebServer$3 acceptConnections
INFO: MockWebServer[57023] done accepting connections: socket closed
]]></system-err>
</testsuite>
