<?xml version="1.0" encoding="UTF-8"?>
<testsuite name="org.springframework.web.util.WebUtilsTests" tests="6" skipped="0" failures="0" errors="0" timestamp="2023-09-21T20:32:04" hostname="DESKTOP" time="0.003">
  <properties/>
  <testcase name="parseMatrixVariablesString()" classname="org.springframework.web.util.WebUtilsTests" time="0.001"/>
  <testcase name="isSameOrigin()" classname="org.springframework.web.util.WebUtilsTests" time="0.0"/>
  <testcase name="isSameOriginWithForwardedHeader()" classname="org.springframework.web.util.WebUtilsTests" time="0.001"/>
  <testcase name="isSameOriginWithXForwardedHeaders()" classname="org.springframework.web.util.WebUtilsTests" time="0.001"/>
  <testcase name="isValidOrigin()" classname="org.springframework.web.util.WebUtilsTests" time="0.0"/>
  <testcase name="findParameterValue()" classname="org.springframework.web.util.WebUtilsTests" time="0.0"/>
  <system-out><![CDATA[]]></system-out>
  <system-err><![CDATA[]]></system-err>
</testsuite>
