<?xml version="1.0" encoding="UTF-8"?>
<testsuite name="org.springframework.http.codec.json.KotlinSerializationJsonEncoderTests" tests="4" skipped="0" failures="0" errors="0" timestamp="2023-09-21T20:32:04" hostname="DESKTOP" time="0.018">
  <properties/>
  <testcase name="encode()" classname="org.springframework.http.codec.json.KotlinSerializationJsonEncoderTests" time="0.015"/>
  <testcase name="encodeMono()" classname="org.springframework.http.codec.json.KotlinSerializationJsonEncoderTests" time="0.002"/>
  <testcase name="canEncode()" classname="org.springframework.http.codec.json.KotlinSerializationJsonEncoderTests" time="0.0"/>
  <testcase name="canNotEncode()" classname="org.springframework.http.codec.json.KotlinSerializationJsonEncoderTests" time="0.001"/>
  <system-out><![CDATA[]]></system-out>
  <system-err><![CDATA[]]></system-err>
</testsuite>
