<?xml version="1.0" encoding="UTF-8"?>
<testsuite name="org.springframework.web.filter.ForwardedHeaderFilterTests" tests="7" skipped="0" failures="0" errors="0" timestamp="2023-09-21T20:31:58" hostname="DESKTOP" time="0.006">
  <properties/>
  <testcase name="shouldFilter()" classname="org.springframework.web.filter.ForwardedHeaderFilterTests" time="0.0"/>
  <testcase name="[1] protocol=https" classname="org.springframework.web.filter.ForwardedHeaderFilterTests" time="0.003"/>
  <testcase name="[2] protocol=wss" classname="org.springframework.web.filter.ForwardedHeaderFilterTests" time="0.0"/>
  <testcase name="forwardedRequestWithSsl()" classname="org.springframework.web.filter.ForwardedHeaderFilterTests" time="0.001"/>
  <testcase name="shouldNotFilter()" classname="org.springframework.web.filter.ForwardedHeaderFilterTests" time="0.0"/>
  <testcase name="forwardedRequestInRemoveOnlyMode()" classname="org.springframework.web.filter.ForwardedHeaderFilterTests" time="0.0"/>
  <testcase name="forwardedRequestWithServletForward()" classname="org.springframework.web.filter.ForwardedHeaderFilterTests" time="0.001"/>
  <system-out><![CDATA[]]></system-out>
  <system-err><![CDATA[]]></system-err>
</testsuite>
