<?xml version="1.0" encoding="UTF-8"?>
<testsuite name="org.springframework.core.convert.support.IntegerToEnumConverterFactoryTests" tests="4" skipped="0" failures="0" errors="0" timestamp="2023-09-21T20:31:10" hostname="DESKTOP" time="0.089">
  <properties/>
  <testcase name="[1] index=0, color=RED" classname="org.springframework.core.convert.support.IntegerToEnumConverterFactoryTests" time="0.083"/>
  <testcase name="[2] index=1, color=BLUE" classname="org.springframework.core.convert.support.IntegerToEnumConverterFactoryTests" time="0.0"/>
  <testcase name="[3] index=2, color=GREEN" classname="org.springframework.core.convert.support.IntegerToEnumConverterFactoryTests" time="0.0"/>
  <testcase name="throwsArrayIndexOutOfBoundsExceptionIfInvalidEnumInteger()" classname="org.springframework.core.convert.support.IntegerToEnumConverterFactoryTests" time="0.002"/>
  <system-out><![CDATA[]]></system-out>
  <system-err><![CDATA[]]></system-err>
</testsuite>
