<?xml version="1.0" encoding="UTF-8"?>
<testsuite name="org.springframework.web.context.support.StandardServletEnvironmentTests" tests="1" skipped="0" failures="0" errors="0" timestamp="2023-09-21T20:31:58" hostname="DESKTOP" time="0.002">
  <properties/>
  <testcase name="propertySourceOrder()" classname="org.springframework.web.context.support.StandardServletEnvironmentTests" time="0.002"/>
  <system-out><![CDATA[]]></system-out>
  <system-err><![CDATA[]]></system-err>
</testsuite>
