<?xml version="1.0" encoding="UTF-8"?>
<testsuite name="org.springframework.http.codec.protobuf.ProtobufDecoderTests" tests="9" skipped="0" failures="0" errors="0" timestamp="2023-09-21T20:31:29" hostname="DESKTOP" time="0.054">
  <properties/>
  <testcase name="decodeToMono()" classname="org.springframework.http.codec.protobuf.ProtobufDecoderTests" time="0.036"/>
  <testcase name="decode()" classname="org.springframework.http.codec.protobuf.ProtobufDecoderTests" time="0.003"/>
  <testcase name="decodeMergedChunks()" classname="org.springframework.http.codec.protobuf.ProtobufDecoderTests" time="0.0"/>
  <testcase name="decodeChunksToMono()" classname="org.springframework.http.codec.protobuf.ProtobufDecoderTests" time="0.002"/>
  <testcase name="canDecode()" classname="org.springframework.http.codec.protobuf.ProtobufDecoderTests" time="0.0"/>
  <testcase name="decodeSplitMessageSize()" classname="org.springframework.http.codec.protobuf.ProtobufDecoderTests" time="0.011"/>
  <testcase name="decodeSplitChunks()" classname="org.springframework.http.codec.protobuf.ProtobufDecoderTests" time="0.002"/>
  <testcase name="extensionRegistryNull()" classname="org.springframework.http.codec.protobuf.ProtobufDecoderTests" time="0.0"/>
  <testcase name="exceedMaxSize()" classname="org.springframework.http.codec.protobuf.ProtobufDecoderTests" time="0.0"/>
  <system-out><![CDATA[]]></system-out>
  <system-err><![CDATA[]]></system-err>
</testsuite>
