<?xml version="1.0" encoding="UTF-8"?>
<testsuite name="org.springframework.web.client.RestTemplateIntegrationTests" tests="104" skipped="1" failures="0" errors="0" timestamp="2023-09-21T20:31:54" hostname="DESKTOP" time="2.481">
  <properties/>
  <testcase name="[1] JDK" classname="org.springframework.web.client.RestTemplateIntegrationTests" time="0.008"/>
  <testcase name="[2] HttpComponents" classname="org.springframework.web.client.RestTemplateIntegrationTests" time="0.009"/>
  <testcase name="[3] Netty" classname="org.springframework.web.client.RestTemplateIntegrationTests" time="0.011"/>
  <testcase name="[4] OkHttp" classname="org.springframework.web.client.RestTemplateIntegrationTests" time="0.005"/>
  <testcase name="[1] JDK" classname="org.springframework.web.client.RestTemplateIntegrationTests" time="0.013"/>
  <testcase name="[2] HttpComponents" classname="org.springframework.web.client.RestTemplateIntegrationTests" time="0.009"/>
  <testcase name="[3] Netty" classname="org.springframework.web.client.RestTemplateIntegrationTests" time="0.013"/>
  <testcase name="[4] OkHttp" classname="org.springframework.web.client.RestTemplateIntegrationTests" time="0.008"/>
  <testcase name="[1] JDK" classname="org.springframework.web.client.RestTemplateIntegrationTests" time="0.006"/>
  <testcase name="[2] HttpComponents" classname="org.springframework.web.client.RestTemplateIntegrationTests" time="0.007"/>
  <testcase name="[3] Netty" classname="org.springframework.web.client.RestTemplateIntegrationTests" time="0.011"/>
  <testcase name="[4] OkHttp" classname="org.springframework.web.client.RestTemplateIntegrationTests" time="0.005"/>
  <testcase name="[1] JDK" classname="org.springframework.web.client.RestTemplateIntegrationTests" time="0.012"/>
  <testcase name="[2] HttpComponents" classname="org.springframework.web.client.RestTemplateIntegrationTests" time="0.018"/>
  <testcase name="[3] Netty" classname="org.springframework.web.client.RestTemplateIntegrationTests" time="0.016"/>
  <testcase name="[4] OkHttp" classname="org.springframework.web.client.RestTemplateIntegrationTests" time="0.034"/>
  <testcase name="[1] JDK" classname="org.springframework.web.client.RestTemplateIntegrationTests" time="0.009"/>
  <testcase name="[2] HttpComponents" classname="org.springframework.web.client.RestTemplateIntegrationTests" time="0.007"/>
  <testcase name="[3] Netty" classname="org.springframework.web.client.RestTemplateIntegrationTests" time="0.013"/>
  <testcase name="[4] OkHttp" classname="org.springframework.web.client.RestTemplateIntegrationTests" time="0.014"/>
  <testcase name="[1] JDK" classname="org.springframework.web.client.RestTemplateIntegrationTests" time="0.035"/>
  <testcase name="[2] HttpComponents" classname="org.springframework.web.client.RestTemplateIntegrationTests" time="0.009"/>
  <testcase name="[3] Netty" classname="org.springframework.web.client.RestTemplateIntegrationTests" time="0.028"/>
  <testcase name="[4] OkHttp" classname="org.springframework.web.client.RestTemplateIntegrationTests" time="0.008"/>
  <testcase name="[1] JDK" classname="org.springframework.web.client.RestTemplateIntegrationTests" time="0.011"/>
  <testcase name="[2] HttpComponents" classname="org.springframework.web.client.RestTemplateIntegrationTests" time="0.01"/>
  <testcase name="[3] Netty" classname="org.springframework.web.client.RestTemplateIntegrationTests" time="0.06"/>
  <testcase name="[4] OkHttp" classname="org.springframework.web.client.RestTemplateIntegrationTests" time="0.029"/>
  <testcase name="[1] JDK" classname="org.springframework.web.client.RestTemplateIntegrationTests" time="0.02"/>
  <testcase name="[2] HttpComponents" classname="org.springframework.web.client.RestTemplateIntegrationTests" time="0.009"/>
  <testcase name="[3] Netty" classname="org.springframework.web.client.RestTemplateIntegrationTests" time="0.017"/>
  <testcase name="[4] OkHttp" classname="org.springframework.web.client.RestTemplateIntegrationTests" time="0.013"/>
  <testcase name="[1] JDK" classname="org.springframework.web.client.RestTemplateIntegrationTests" time="0.008"/>
  <testcase name="[2] HttpComponents" classname="org.springframework.web.client.RestTemplateIntegrationTests" time="0.009"/>
  <testcase name="[3] Netty" classname="org.springframework.web.client.RestTemplateIntegrationTests" time="0.014"/>
  <testcase name="[4] OkHttp" classname="org.springframework.web.client.RestTemplateIntegrationTests" time="0.011"/>
  <testcase name="[1] JDK" classname="org.springframework.web.client.RestTemplateIntegrationTests" time="0.009"/>
  <testcase name="[2] HttpComponents" classname="org.springframework.web.client.RestTemplateIntegrationTests" time="0.017"/>
  <testcase name="[3] Netty" classname="org.springframework.web.client.RestTemplateIntegrationTests" time="0.021"/>
  <testcase name="[4] OkHttp" classname="org.springframework.web.client.RestTemplateIntegrationTests" time="0.015"/>
  <testcase name="[1] JDK" classname="org.springframework.web.client.RestTemplateIntegrationTests" time="0.005"/>
  <testcase name="[2] HttpComponents" classname="org.springframework.web.client.RestTemplateIntegrationTests" time="0.005"/>
  <testcase name="[3] Netty" classname="org.springframework.web.client.RestTemplateIntegrationTests" time="0.01"/>
  <testcase name="[4] OkHttp" classname="org.springframework.web.client.RestTemplateIntegrationTests" time="0.006"/>
  <testcase name="[1] JDK" classname="org.springframework.web.client.RestTemplateIntegrationTests" time="0.005"/>
  <testcase name="[2] HttpComponents" classname="org.springframework.web.client.RestTemplateIntegrationTests" time="0.008"/>
  <testcase name="[3] Netty" classname="org.springframework.web.client.RestTemplateIntegrationTests" time="0.013"/>
  <testcase name="[4] OkHttp" classname="org.springframework.web.client.RestTemplateIntegrationTests" time="0.006"/>
  <testcase name="[1] JDK" classname="org.springframework.web.client.RestTemplateIntegrationTests" time="0.004"/>
  <testcase name="[2] HttpComponents" classname="org.springframework.web.client.RestTemplateIntegrationTests" time="0.005"/>
  <testcase name="[3] Netty" classname="org.springframework.web.client.RestTemplateIntegrationTests" time="0.01"/>
  <testcase name="[4] OkHttp" classname="org.springframework.web.client.RestTemplateIntegrationTests" time="0.006"/>
  <testcase name="[1] JDK" classname="org.springframework.web.client.RestTemplateIntegrationTests" time="0.009"/>
  <testcase name="[2] HttpComponents" classname="org.springframework.web.client.RestTemplateIntegrationTests" time="0.011"/>
  <testcase name="[3] Netty" classname="org.springframework.web.client.RestTemplateIntegrationTests" time="0.023"/>
  <testcase name="[4] OkHttp" classname="org.springframework.web.client.RestTemplateIntegrationTests" time="0.008"/>
  <testcase name="[1] JDK" classname="org.springframework.web.client.RestTemplateIntegrationTests" time="0.006"/>
  <testcase name="[2] HttpComponents" classname="org.springframework.web.client.RestTemplateIntegrationTests" time="0.012"/>
  <testcase name="[3] Netty" classname="org.springframework.web.client.RestTemplateIntegrationTests" time="0.011"/>
  <testcase name="[4] OkHttp" classname="org.springframework.web.client.RestTemplateIntegrationTests" time="0.008"/>
  <testcase name="[1] JDK" classname="org.springframework.web.client.RestTemplateIntegrationTests" time="0.014"/>
  <testcase name="[2] HttpComponents" classname="org.springframework.web.client.RestTemplateIntegrationTests" time="0.012"/>
  <testcase name="[3] Netty" classname="org.springframework.web.client.RestTemplateIntegrationTests" time="0.018"/>
  <testcase name="[4] OkHttp" classname="org.springframework.web.client.RestTemplateIntegrationTests" time="0.007"/>
  <testcase name="[1] JDK" classname="org.springframework.web.client.RestTemplateIntegrationTests" time="0.005"/>
  <testcase name="[2] HttpComponents" classname="org.springframework.web.client.RestTemplateIntegrationTests" time="0.005"/>
  <testcase name="[3] Netty" classname="org.springframework.web.client.RestTemplateIntegrationTests" time="0.026"/>
  <testcase name="[4] OkHttp" classname="org.springframework.web.client.RestTemplateIntegrationTests" time="0.006"/>
  <testcase name="[1] JDK" classname="org.springframework.web.client.RestTemplateIntegrationTests" time="0.005"/>
  <testcase name="[2] HttpComponents" classname="org.springframework.web.client.RestTemplateIntegrationTests" time="0.005"/>
  <testcase name="[3] Netty" classname="org.springframework.web.client.RestTemplateIntegrationTests" time="0.009"/>
  <testcase name="[4] OkHttp" classname="org.springframework.web.client.RestTemplateIntegrationTests" time="0.005"/>
  <testcase name="[1] JDK" classname="org.springframework.web.client.RestTemplateIntegrationTests" time="0.002">
    <skipped/>
  </testcase>
  <testcase name="[2] HttpComponents" classname="org.springframework.web.client.RestTemplateIntegrationTests" time="0.008"/>
  <testcase name="[3] Netty" classname="org.springframework.web.client.RestTemplateIntegrationTests" time="0.013"/>
  <testcase name="[4] OkHttp" classname="org.springframework.web.client.RestTemplateIntegrationTests" time="0.007"/>
  <testcase name="[1] JDK" classname="org.springframework.web.client.RestTemplateIntegrationTests" time="0.006"/>
  <testcase name="[2] HttpComponents" classname="org.springframework.web.client.RestTemplateIntegrationTests" time="0.005"/>
  <testcase name="[3] Netty" classname="org.springframework.web.client.RestTemplateIntegrationTests" time="0.013"/>
  <testcase name="[4] OkHttp" classname="org.springframework.web.client.RestTemplateIntegrationTests" time="0.005"/>
  <testcase name="[1] JDK" classname="org.springframework.web.client.RestTemplateIntegrationTests" time="0.006"/>
  <testcase name="[2] HttpComponents" classname="org.springframework.web.client.RestTemplateIntegrationTests" time="0.009"/>
  <testcase name="[3] Netty" classname="org.springframework.web.client.RestTemplateIntegrationTests" time="0.009"/>
  <testcase name="[4] OkHttp" classname="org.springframework.web.client.RestTemplateIntegrationTests" time="0.01"/>
  <testcase name="[1] JDK" classname="org.springframework.web.client.RestTemplateIntegrationTests" time="0.007"/>
  <testcase name="[2] HttpComponents" classname="org.springframework.web.client.RestTemplateIntegrationTests" time="0.007"/>
  <testcase name="[3] Netty" classname="org.springframework.web.client.RestTemplateIntegrationTests" time="0.021"/>
  <testcase name="[4] OkHttp" classname="org.springframework.web.client.RestTemplateIntegrationTests" time="0.01"/>
  <testcase name="[1] JDK" classname="org.springframework.web.client.RestTemplateIntegrationTests" time="0.012"/>
  <testcase name="[2] HttpComponents" classname="org.springframework.web.client.RestTemplateIntegrationTests" time="0.023"/>
  <testcase name="[3] Netty" classname="org.springframework.web.client.RestTemplateIntegrationTests" time="0.017"/>
  <testcase name="[4] OkHttp" classname="org.springframework.web.client.RestTemplateIntegrationTests" time="0.009"/>
  <testcase name="[1] JDK" classname="org.springframework.web.client.RestTemplateIntegrationTests" time="0.034"/>
  <testcase name="[2] HttpComponents" classname="org.springframework.web.client.RestTemplateIntegrationTests" time="0.009"/>
  <testcase name="[3] Netty" classname="org.springframework.web.client.RestTemplateIntegrationTests" time="0.017"/>
  <testcase name="[4] OkHttp" classname="org.springframework.web.client.RestTemplateIntegrationTests" time="0.006"/>
  <testcase name="[1] JDK" classname="org.springframework.web.client.RestTemplateIntegrationTests" time="0.011"/>
  <testcase name="[2] HttpComponents" classname="org.springframework.web.client.RestTemplateIntegrationTests" time="0.006"/>
  <testcase name="[3] Netty" classname="org.springframework.web.client.RestTemplateIntegrationTests" time="0.011"/>
  <testcase name="[4] OkHttp" classname="org.springframework.web.client.RestTemplateIntegrationTests" time="0.007"/>
  <testcase name="[1] JDK" classname="org.springframework.web.client.RestTemplateIntegrationTests" time="0.006"/>
  <testcase name="[2] HttpComponents" classname="org.springframework.web.client.RestTemplateIntegrationTests" time="0.007"/>
  <testcase name="[3] Netty" classname="org.springframework.web.client.RestTemplateIntegrationTests" time="0.015"/>
  <testcase name="[4] OkHttp" classname="org.springframework.web.client.RestTemplateIntegrationTests" time="0.006"/>
  <system-out><![CDATA[]]></system-out>
  <system-err><![CDATA[Sep 21, 2023 4:31:54 PM okhttp3.mockwebserver.MockWebServer$3 execute
INFO: MockWebServer[61842] starting to accept connections
Sep 21, 2023 4:31:54 PM okhttp3.mockwebserver.MockWebServer$4 processOneRequest
INFO: MockWebServer[61842] received request: GET /get HTTP/1.1 and responded: HTTP/1.1 200 OK
Sep 21, 2023 4:31:54 PM okhttp3.mockwebserver.MockWebServer$3 acceptConnections
INFO: MockWebServer[61842] done accepting connections: socket closed
Sep 21, 2023 4:31:54 PM okhttp3.mockwebserver.MockWebServer$3 execute
INFO: MockWebServer[61866] starting to accept connections
Sep 21, 2023 4:31:54 PM okhttp3.mockwebserver.MockWebServer$4 processOneRequest
INFO: MockWebServer[61866] received request: GET /get HTTP/1.1 and responded: HTTP/1.1 200 OK
Sep 21, 2023 4:31:54 PM okhttp3.mockwebserver.MockWebServer$3 acceptConnections
INFO: MockWebServer[61866] done accepting connections: socket closed
Sep 21, 2023 4:31:54 PM okhttp3.mockwebserver.MockWebServer$3 execute
INFO: MockWebServer[61868] starting to accept connections
Sep 21, 2023 4:31:54 PM okhttp3.mockwebserver.MockWebServer$4 processOneRequest
INFO: MockWebServer[61868] received request: GET /get HTTP/1.1 and responded: HTTP/1.1 200 OK
Sep 21, 2023 4:31:54 PM okhttp3.mockwebserver.MockWebServer$3 acceptConnections
INFO: MockWebServer[61868] done accepting connections: socket closed
Sep 21, 2023 4:31:54 PM okhttp3.mockwebserver.MockWebServer$3 execute
INFO: MockWebServer[61872] starting to accept connections
Sep 21, 2023 4:31:54 PM okhttp3.mockwebserver.MockWebServer$4 processOneRequest
INFO: MockWebServer[61872] received request: GET /get HTTP/1.1 and responded: HTTP/1.1 200 OK
Sep 21, 2023 4:31:54 PM okhttp3.mockwebserver.MockWebServer$3 acceptConnections
INFO: MockWebServer[61872] done accepting connections: socket closed
Sep 21, 2023 4:31:54 PM okhttp3.mockwebserver.MockWebServer$3 execute
INFO: MockWebServer[62026] starting to accept connections
Sep 21, 2023 4:31:54 PM okhttp3.mockwebserver.MockWebServer$4 processOneRequest
INFO: MockWebServer[62026] received request: POST /jsonpost HTTP/1.1 and responded: HTTP/1.1 201 OK
Sep 21, 2023 4:31:54 PM okhttp3.mockwebserver.MockWebServer$3 acceptConnections
INFO: MockWebServer[62026] done accepting connections: socket closed
Sep 21, 2023 4:31:54 PM okhttp3.mockwebserver.MockWebServer$3 execute
INFO: MockWebServer[62040] starting to accept connections
Sep 21, 2023 4:31:54 PM okhttp3.mockwebserver.MockWebServer$4 processOneRequest
INFO: MockWebServer[62040] received request: POST /jsonpost HTTP/1.1 and responded: HTTP/1.1 201 OK
Sep 21, 2023 4:31:54 PM okhttp3.mockwebserver.MockWebServer$3 acceptConnections
INFO: MockWebServer[62040] done accepting connections: socket closed
Sep 21, 2023 4:31:54 PM okhttp3.mockwebserver.MockWebServer$3 execute
INFO: MockWebServer[62044] starting to accept connections
Sep 21, 2023 4:31:54 PM okhttp3.mockwebserver.MockWebServer$4 processOneRequest
INFO: MockWebServer[62044] received request: POST /jsonpost HTTP/1.1 and responded: HTTP/1.1 201 OK
Sep 21, 2023 4:31:54 PM okhttp3.mockwebserver.MockWebServer$3 acceptConnections
INFO: MockWebServer[62044] done accepting connections: socket closed
Sep 21, 2023 4:31:54 PM okhttp3.mockwebserver.MockWebServer$3 execute
INFO: MockWebServer[62048] starting to accept connections
Sep 21, 2023 4:31:54 PM okhttp3.mockwebserver.MockWebServer$4 processOneRequest
INFO: MockWebServer[62048] received request: POST /jsonpost HTTP/1.1 and responded: HTTP/1.1 201 OK
Sep 21, 2023 4:31:54 PM okhttp3.mockwebserver.MockWebServer$3 acceptConnections
INFO: MockWebServer[62048] done accepting connections: socket closed
Sep 21, 2023 4:31:54 PM okhttp3.mockwebserver.MockWebServer$3 execute
INFO: MockWebServer[62164] starting to accept connections
Sep 21, 2023 4:31:54 PM okhttp3.mockwebserver.MockWebServer$4 processOneRequest
INFO: MockWebServer[62164] received request: GET /get HTTP/1.1 and responded: HTTP/1.1 200 OK
Sep 21, 2023 4:31:54 PM okhttp3.mockwebserver.MockWebServer$3 acceptConnections
INFO: MockWebServer[62164] done accepting connections: socket closed
Sep 21, 2023 4:31:54 PM okhttp3.mockwebserver.MockWebServer$3 execute
INFO: MockWebServer[62182] starting to accept connections
Sep 21, 2023 4:31:54 PM okhttp3.mockwebserver.MockWebServer$4 processOneRequest
INFO: MockWebServer[62182] received request: GET /get HTTP/1.1 and responded: HTTP/1.1 200 OK
Sep 21, 2023 4:31:54 PM okhttp3.mockwebserver.MockWebServer$3 acceptConnections
INFO: MockWebServer[62182] done accepting connections: socket closed
Sep 21, 2023 4:31:54 PM okhttp3.mockwebserver.MockWebServer$3 execute
INFO: MockWebServer[62192] starting to accept connections
Sep 21, 2023 4:31:54 PM okhttp3.mockwebserver.MockWebServer$4 processOneRequest
INFO: MockWebServer[62192] received request: GET /get HTTP/1.1 and responded: HTTP/1.1 200 OK
Sep 21, 2023 4:31:54 PM okhttp3.mockwebserver.MockWebServer$3 acceptConnections
INFO: MockWebServer[62192] done accepting connections: socket closed
Sep 21, 2023 4:31:54 PM okhttp3.mockwebserver.MockWebServer$3 execute
INFO: MockWebServer[62196] starting to accept connections
Sep 21, 2023 4:31:54 PM okhttp3.mockwebserver.MockWebServer$4 processOneRequest
INFO: MockWebServer[62196] received request: GET /get HTTP/1.1 and responded: HTTP/1.1 200 OK
Sep 21, 2023 4:31:54 PM okhttp3.mockwebserver.MockWebServer$3 acceptConnections
INFO: MockWebServer[62196] done accepting connections: socket closed
Sep 21, 2023 4:31:54 PM okhttp3.mockwebserver.MockWebServer$3 execute
INFO: MockWebServer[62295] starting to accept connections
Sep 21, 2023 4:31:54 PM okhttp3.mockwebserver.MockWebServer$4 processOneRequest
INFO: MockWebServer[62295] received request: POST /multipartMixed HTTP/1.1 and responded: HTTP/1.1 200 OK
Sep 21, 2023 4:31:54 PM okhttp3.mockwebserver.MockWebServer$3 acceptConnections
INFO: MockWebServer[62295] done accepting connections: socket closed
Sep 21, 2023 4:31:54 PM okhttp3.mockwebserver.MockWebServer$3 execute
INFO: MockWebServer[62322] starting to accept connections
Sep 21, 2023 4:31:54 PM okhttp3.mockwebserver.MockWebServer$4 processOneRequest
INFO: MockWebServer[62322] received request: POST /multipartMixed HTTP/1.1 and responded: HTTP/1.1 200 OK
Sep 21, 2023 4:31:54 PM okhttp3.mockwebserver.MockWebServer$3 acceptConnections
INFO: MockWebServer[62322] done accepting connections: socket closed
Sep 21, 2023 4:31:54 PM okhttp3.mockwebserver.MockWebServer$3 execute
INFO: MockWebServer[62324] starting to accept connections
Sep 21, 2023 4:31:54 PM okhttp3.mockwebserver.MockWebServer$4 processOneRequest
INFO: MockWebServer[62324] received request: POST /multipartMixed HTTP/1.1 and responded: HTTP/1.1 200 OK
Sep 21, 2023 4:31:54 PM okhttp3.mockwebserver.MockWebServer$3 acceptConnections
INFO: MockWebServer[62324] done accepting connections: socket closed
Sep 21, 2023 4:31:54 PM okhttp3.mockwebserver.MockWebServer$3 execute
INFO: MockWebServer[62332] starting to accept connections
Sep 21, 2023 4:31:54 PM okhttp3.mockwebserver.MockWebServer$4 processOneRequest
INFO: MockWebServer[62332] received request: POST /multipartMixed HTTP/1.1 and responded: HTTP/1.1 200 OK
Sep 21, 2023 4:31:54 PM okhttp3.mockwebserver.MockWebServer$3 acceptConnections
INFO: MockWebServer[62332] done accepting connections: socket closed
Sep 21, 2023 4:31:54 PM okhttp3.mockwebserver.MockWebServer$3 execute
INFO: MockWebServer[62475] starting to accept connections
Sep 21, 2023 4:31:54 PM okhttp3.mockwebserver.MockWebServer$4 processOneRequest
INFO: MockWebServer[62475] received request: GET /get/nocontenttype HTTP/1.1 and responded: HTTP/1.1 200 OK
Sep 21, 2023 4:31:54 PM okhttp3.mockwebserver.MockWebServer$3 acceptConnections
INFO: MockWebServer[62475] done accepting connections: socket closed
Sep 21, 2023 4:31:54 PM okhttp3.mockwebserver.MockWebServer$3 execute
INFO: MockWebServer[62478] starting to accept connections
Sep 21, 2023 4:31:54 PM okhttp3.mockwebserver.MockWebServer$4 processOneRequest
INFO: MockWebServer[62478] received request: GET /get/nocontenttype HTTP/1.1 and responded: HTTP/1.1 200 OK
Sep 21, 2023 4:31:54 PM okhttp3.mockwebserver.MockWebServer$3 acceptConnections
INFO: MockWebServer[62478] done accepting connections: socket closed
Sep 21, 2023 4:31:54 PM okhttp3.mockwebserver.MockWebServer$3 execute
INFO: MockWebServer[62481] starting to accept connections
Sep 21, 2023 4:31:54 PM okhttp3.mockwebserver.MockWebServer$4 processOneRequest
INFO: MockWebServer[62481] received request: GET /get/nocontenttype HTTP/1.1 and responded: HTTP/1.1 200 OK
Sep 21, 2023 4:31:54 PM okhttp3.mockwebserver.MockWebServer$3 acceptConnections
INFO: MockWebServer[62481] done accepting connections: socket closed
Sep 21, 2023 4:31:54 PM okhttp3.mockwebserver.MockWebServer$3 execute
INFO: MockWebServer[62486] starting to accept connections
Sep 21, 2023 4:31:54 PM okhttp3.mockwebserver.MockWebServer$4 processOneRequest
INFO: MockWebServer[62486] received request: GET /get/nocontenttype HTTP/1.1 and responded: HTTP/1.1 200 OK
Sep 21, 2023 4:31:54 PM okhttp3.mockwebserver.MockWebServer$3 acceptConnections
INFO: MockWebServer[62486] done accepting connections: socket closed
Sep 21, 2023 4:31:54 PM okhttp3.mockwebserver.MockWebServer$3 execute
INFO: MockWebServer[62596] starting to accept connections
Sep 21, 2023 4:31:54 PM okhttp3.mockwebserver.MockWebServer$4 processOneRequest
INFO: MockWebServer[62596] received request: POST /jsonpost HTTP/1.1 and responded: HTTP/1.1 201 OK
Sep 21, 2023 4:31:54 PM okhttp3.mockwebserver.MockWebServer$3 acceptConnections
INFO: MockWebServer[62596] done accepting connections: socket closed
Sep 21, 2023 4:31:54 PM okhttp3.mockwebserver.MockWebServer$3 execute
INFO: MockWebServer[62602] starting to accept connections
Sep 21, 2023 4:31:54 PM okhttp3.mockwebserver.MockWebServer$4 processOneRequest
INFO: MockWebServer[62602] received request: POST /jsonpost HTTP/1.1 and responded: HTTP/1.1 201 OK
Sep 21, 2023 4:31:54 PM okhttp3.mockwebserver.MockWebServer$3 acceptConnections
INFO: MockWebServer[62602] done accepting connections: socket closed
Sep 21, 2023 4:31:54 PM okhttp3.mockwebserver.MockWebServer$3 execute
INFO: MockWebServer[62605] starting to accept connections
Sep 21, 2023 4:31:54 PM okhttp3.mockwebserver.MockWebServer$4 processOneRequest
INFO: MockWebServer[62605] received request: POST /jsonpost HTTP/1.1 and responded: HTTP/1.1 201 OK
Sep 21, 2023 4:31:54 PM okhttp3.mockwebserver.MockWebServer$3 acceptConnections
INFO: MockWebServer[62605] done accepting connections: socket closed
Sep 21, 2023 4:31:54 PM okhttp3.mockwebserver.MockWebServer$3 execute
INFO: MockWebServer[62607] starting to accept connections
Sep 21, 2023 4:31:54 PM okhttp3.mockwebserver.MockWebServer$4 processOneRequest
INFO: MockWebServer[62607] received request: POST /jsonpost HTTP/1.1 and responded: HTTP/1.1 201 OK
Sep 21, 2023 4:31:54 PM okhttp3.mockwebserver.MockWebServer$3 acceptConnections
INFO: MockWebServer[62607] done accepting connections: socket closed
Sep 21, 2023 4:31:55 PM okhttp3.mockwebserver.MockWebServer$3 execute
INFO: MockWebServer[62711] starting to accept connections
Sep 21, 2023 4:31:55 PM okhttp3.mockwebserver.MockWebServer$4 processOneRequest
INFO: MockWebServer[62711] received request: GET /status/notmodified HTTP/1.1 and responded: HTTP/1.1 304 Redirection
Sep 21, 2023 4:31:55 PM okhttp3.mockwebserver.MockWebServer$4 processOneRequest
INFO: MockWebServer[62711] received request: GET /status/notmodified HTTP/1.1 and responded: HTTP/1.1 304 Redirection
Sep 21, 2023 4:31:55 PM okhttp3.mockwebserver.MockWebServer$3 acceptConnections
INFO: MockWebServer[62711] done accepting connections: socket closed
Sep 21, 2023 4:31:55 PM okhttp3.mockwebserver.MockWebServer$3 execute
INFO: MockWebServer[62715] starting to accept connections
Sep 21, 2023 4:31:55 PM okhttp3.mockwebserver.MockWebServer$4 processOneRequest
INFO: MockWebServer[62715] received request: GET /status/notmodified HTTP/1.1 and responded: HTTP/1.1 304 Redirection
Sep 21, 2023 4:31:55 PM okhttp3.mockwebserver.MockWebServer$4 processOneRequest
INFO: MockWebServer[62715] received request: GET /status/notmodified HTTP/1.1 and responded: HTTP/1.1 304 Redirection
Sep 21, 2023 4:31:55 PM okhttp3.mockwebserver.MockWebServer$3 acceptConnections
INFO: MockWebServer[62715] done accepting connections: socket closed
Sep 21, 2023 4:31:55 PM okhttp3.mockwebserver.MockWebServer$3 execute
INFO: MockWebServer[62719] starting to accept connections
Sep 21, 2023 4:31:55 PM okhttp3.mockwebserver.MockWebServer$4 processOneRequest
INFO: MockWebServer[62719] received request: GET /status/notmodified HTTP/1.1 and responded: HTTP/1.1 304 Redirection
Sep 21, 2023 4:31:55 PM okhttp3.mockwebserver.MockWebServer$4 processOneRequest
INFO: MockWebServer[62719] received request: GET /status/notmodified HTTP/1.1 and responded: HTTP/1.1 304 Redirection
Sep 21, 2023 4:31:55 PM okhttp3.mockwebserver.MockWebServer$3 acceptConnections
INFO: MockWebServer[62719] done accepting connections: socket closed
Sep 21, 2023 4:31:55 PM okhttp3.mockwebserver.MockWebServer$3 execute
INFO: MockWebServer[62730] starting to accept connections
Sep 21, 2023 4:31:55 PM okhttp3.mockwebserver.MockWebServer$4 processOneRequest
INFO: MockWebServer[62730] received request: GET /status/notmodified HTTP/1.1 and responded: HTTP/1.1 304 Redirection
Sep 21, 2023 4:31:55 PM okhttp3.mockwebserver.MockWebServer$4 processOneRequest
INFO: MockWebServer[62730] received request: GET /status/notmodified HTTP/1.1 and responded: HTTP/1.1 304 Redirection
Sep 21, 2023 4:31:55 PM okhttp3.mockwebserver.MockWebServer$3 acceptConnections
INFO: MockWebServer[62730] done accepting connections: socket closed
Sep 21, 2023 4:31:55 PM okhttp3.mockwebserver.MockWebServer$3 execute
INFO: MockWebServer[62829] starting to accept connections
Sep 21, 2023 4:31:55 PM okhttp3.mockwebserver.MockWebServer$4 processOneRequest
INFO: MockWebServer[62829] received request: GET /status/server HTTP/1.1 and responded: HTTP/1.1 500 Server Error
Sep 21, 2023 4:31:55 PM okhttp3.mockwebserver.MockWebServer$3 acceptConnections
INFO: MockWebServer[62829] done accepting connections: socket closed
Sep 21, 2023 4:31:55 PM okhttp3.mockwebserver.MockWebServer$3 execute
INFO: MockWebServer[62833] starting to accept connections
Sep 21, 2023 4:31:55 PM okhttp3.mockwebserver.MockWebServer$4 processOneRequest
INFO: MockWebServer[62833] received request: GET /status/server HTTP/1.1 and responded: HTTP/1.1 500 Server Error
Sep 21, 2023 4:31:55 PM okhttp3.mockwebserver.MockWebServer$3 acceptConnections
INFO: MockWebServer[62833] done accepting connections: socket closed
Sep 21, 2023 4:31:55 PM okhttp3.mockwebserver.MockWebServer$3 execute
INFO: MockWebServer[62835] starting to accept connections
Sep 21, 2023 4:31:55 PM okhttp3.mockwebserver.MockWebServer$4 processOneRequest
INFO: MockWebServer[62835] received request: GET /status/server HTTP/1.1 and responded: HTTP/1.1 500 Server Error
Sep 21, 2023 4:31:55 PM okhttp3.mockwebserver.MockWebServer$3 acceptConnections
INFO: MockWebServer[62835] done accepting connections: socket closed
Sep 21, 2023 4:31:55 PM okhttp3.mockwebserver.MockWebServer$3 execute
INFO: MockWebServer[62837] starting to accept connections
Sep 21, 2023 4:31:55 PM okhttp3.mockwebserver.MockWebServer$4 processOneRequest
INFO: MockWebServer[62837] received request: GET /status/server HTTP/1.1 and responded: HTTP/1.1 500 Server Error
Sep 21, 2023 4:31:55 PM okhttp3.mockwebserver.MockWebServer$3 acceptConnections
INFO: MockWebServer[62837] done accepting connections: socket closed
Sep 21, 2023 4:31:55 PM okhttp3.mockwebserver.MockWebServer$3 execute
INFO: MockWebServer[63041] starting to accept connections
Sep 21, 2023 4:31:55 PM okhttp3.mockwebserver.MockWebServer$4 processOneRequest
INFO: MockWebServer[63041] received request: POST /jsonpost HTTP/1.1 and responded: HTTP/1.1 201 OK
Sep 21, 2023 4:31:55 PM okhttp3.mockwebserver.MockWebServer$3 acceptConnections
INFO: MockWebServer[63041] done accepting connections: socket closed
Sep 21, 2023 4:31:55 PM okhttp3.mockwebserver.MockWebServer$3 execute
INFO: MockWebServer[63044] starting to accept connections
Sep 21, 2023 4:31:55 PM okhttp3.mockwebserver.MockWebServer$4 processOneRequest
INFO: MockWebServer[63044] received request: POST /jsonpost HTTP/1.1 and responded: HTTP/1.1 201 OK
Sep 21, 2023 4:31:55 PM okhttp3.mockwebserver.MockWebServer$3 acceptConnections
INFO: MockWebServer[63044] done accepting connections: socket closed
Sep 21, 2023 4:31:55 PM okhttp3.mockwebserver.MockWebServer$3 execute
INFO: MockWebServer[63051] starting to accept connections
Sep 21, 2023 4:31:55 PM okhttp3.mockwebserver.MockWebServer$4 processOneRequest
INFO: MockWebServer[63051] received request: POST /jsonpost HTTP/1.1 and responded: HTTP/1.1 201 OK
Sep 21, 2023 4:31:55 PM okhttp3.mockwebserver.MockWebServer$3 acceptConnections
INFO: MockWebServer[63051] done accepting connections: socket closed
Sep 21, 2023 4:31:55 PM okhttp3.mockwebserver.MockWebServer$3 execute
INFO: MockWebServer[63055] starting to accept connections
Sep 21, 2023 4:31:55 PM okhttp3.mockwebserver.MockWebServer$4 processOneRequest
INFO: MockWebServer[63055] received request: POST /jsonpost HTTP/1.1 and responded: HTTP/1.1 201 OK
Sep 21, 2023 4:31:55 PM okhttp3.mockwebserver.MockWebServer$3 acceptConnections
INFO: MockWebServer[63055] done accepting connections: socket closed
Sep 21, 2023 4:31:55 PM okhttp3.mockwebserver.MockWebServer$3 execute
INFO: MockWebServer[63155] starting to accept connections
Sep 21, 2023 4:31:55 PM okhttp3.mockwebserver.MockWebServer$4 processOneRequest
INFO: MockWebServer[63155] received request: POST /post HTTP/1.1 and responded: HTTP/1.1 201 OK
Sep 21, 2023 4:31:55 PM okhttp3.mockwebserver.MockWebServer$3 acceptConnections
INFO: MockWebServer[63155] done accepting connections: socket closed
Sep 21, 2023 4:31:55 PM okhttp3.mockwebserver.MockWebServer$3 execute
INFO: MockWebServer[63157] starting to accept connections
Sep 21, 2023 4:31:55 PM okhttp3.mockwebserver.MockWebServer$4 processOneRequest
INFO: MockWebServer[63157] received request: POST /post HTTP/1.1 and responded: HTTP/1.1 201 OK
Sep 21, 2023 4:31:55 PM okhttp3.mockwebserver.MockWebServer$3 acceptConnections
INFO: MockWebServer[63157] done accepting connections: socket closed
Sep 21, 2023 4:31:55 PM okhttp3.mockwebserver.MockWebServer$3 execute
INFO: MockWebServer[63160] starting to accept connections
Sep 21, 2023 4:31:55 PM okhttp3.mockwebserver.MockWebServer$4 processOneRequest
INFO: MockWebServer[63160] received request: POST /post HTTP/1.1 and responded: HTTP/1.1 201 OK
Sep 21, 2023 4:31:55 PM okhttp3.mockwebserver.MockWebServer$3 acceptConnections
INFO: MockWebServer[63160] done accepting connections: socket closed
Sep 21, 2023 4:31:55 PM okhttp3.mockwebserver.MockWebServer$3 execute
INFO: MockWebServer[63165] starting to accept connections
Sep 21, 2023 4:31:55 PM okhttp3.mockwebserver.MockWebServer$4 processOneRequest
INFO: MockWebServer[63165] received request: POST /post HTTP/1.1 and responded: HTTP/1.1 201 OK
Sep 21, 2023 4:31:55 PM okhttp3.mockwebserver.MockWebServer$3 acceptConnections
INFO: MockWebServer[63165] done accepting connections: socket closed
Sep 21, 2023 4:31:55 PM okhttp3.mockwebserver.MockWebServer$3 execute
INFO: MockWebServer[63275] starting to accept connections
Sep 21, 2023 4:31:55 PM okhttp3.mockwebserver.MockWebServer$4 processOneRequest
INFO: MockWebServer[63275] received request: GET /status/badrequest HTTP/1.1 and responded: HTTP/1.1 400 Client Error
Sep 21, 2023 4:31:55 PM okhttp3.mockwebserver.MockWebServer$3 acceptConnections
INFO: MockWebServer[63275] done accepting connections: socket closed
Sep 21, 2023 4:31:55 PM okhttp3.mockwebserver.MockWebServer$3 execute
INFO: MockWebServer[63279] starting to accept connections
Sep 21, 2023 4:31:55 PM okhttp3.mockwebserver.MockWebServer$4 processOneRequest
INFO: MockWebServer[63279] received request: GET /status/badrequest HTTP/1.1 and responded: HTTP/1.1 400 Client Error
Sep 21, 2023 4:31:55 PM okhttp3.mockwebserver.MockWebServer$3 acceptConnections
INFO: MockWebServer[63279] done accepting connections: socket closed
Sep 21, 2023 4:31:55 PM okhttp3.mockwebserver.MockWebServer$3 execute
INFO: MockWebServer[63281] starting to accept connections
Sep 21, 2023 4:31:55 PM okhttp3.mockwebserver.MockWebServer$4 processOneRequest
INFO: MockWebServer[63281] received request: GET /status/badrequest HTTP/1.1 and responded: HTTP/1.1 400 Client Error
Sep 21, 2023 4:31:55 PM okhttp3.mockwebserver.MockWebServer$3 acceptConnections
INFO: MockWebServer[63281] done accepting connections: socket closed
Sep 21, 2023 4:31:55 PM okhttp3.mockwebserver.MockWebServer$3 execute
INFO: MockWebServer[63288] starting to accept connections
Sep 21, 2023 4:31:55 PM okhttp3.mockwebserver.MockWebServer$4 processOneRequest
INFO: MockWebServer[63288] received request: GET /status/badrequest HTTP/1.1 and responded: HTTP/1.1 400 Client Error
Sep 21, 2023 4:31:55 PM okhttp3.mockwebserver.MockWebServer$3 acceptConnections
INFO: MockWebServer[63288] done accepting connections: socket closed
Sep 21, 2023 4:31:55 PM okhttp3.mockwebserver.MockWebServer$3 execute
INFO: MockWebServer[63488] starting to accept connections
Sep 21, 2023 4:31:55 PM okhttp3.mockwebserver.MockWebServer$4 processOneRequest
INFO: MockWebServer[63488] received request: POST /post HTTP/1.1 and responded: HTTP/1.1 201 OK
Sep 21, 2023 4:31:55 PM okhttp3.mockwebserver.MockWebServer$3 acceptConnections
INFO: MockWebServer[63488] done accepting connections: socket closed
Sep 21, 2023 4:31:55 PM okhttp3.mockwebserver.MockWebServer$3 execute
INFO: MockWebServer[63490] starting to accept connections
Sep 21, 2023 4:31:55 PM okhttp3.mockwebserver.MockWebServer$4 processOneRequest
INFO: MockWebServer[63490] received request: POST /post HTTP/1.1 and responded: HTTP/1.1 201 OK
Sep 21, 2023 4:31:55 PM okhttp3.mockwebserver.MockWebServer$3 acceptConnections
INFO: MockWebServer[63490] done accepting connections: socket closed
Sep 21, 2023 4:31:55 PM okhttp3.mockwebserver.MockWebServer$3 execute
INFO: MockWebServer[63492] starting to accept connections
Sep 21, 2023 4:31:55 PM okhttp3.mockwebserver.MockWebServer$4 processOneRequest
INFO: MockWebServer[63492] received request: POST /post HTTP/1.1 and responded: HTTP/1.1 201 OK
Sep 21, 2023 4:31:55 PM okhttp3.mockwebserver.MockWebServer$3 acceptConnections
INFO: MockWebServer[63492] done accepting connections: socket closed
Sep 21, 2023 4:31:55 PM okhttp3.mockwebserver.MockWebServer$3 execute
INFO: MockWebServer[63495] starting to accept connections
Sep 21, 2023 4:31:55 PM okhttp3.mockwebserver.MockWebServer$4 processOneRequest
INFO: MockWebServer[63495] received request: POST /post HTTP/1.1 and responded: HTTP/1.1 201 OK
Sep 21, 2023 4:31:55 PM okhttp3.mockwebserver.MockWebServer$3 acceptConnections
INFO: MockWebServer[63495] done accepting connections: socket closed
Sep 21, 2023 4:31:55 PM okhttp3.mockwebserver.MockWebServer$3 execute
INFO: MockWebServer[63637] starting to accept connections
Sep 21, 2023 4:31:55 PM okhttp3.mockwebserver.MockWebServer$4 processOneRequest
INFO: MockWebServer[63637] received request: POST /post HTTP/1.1 and responded: HTTP/1.1 201 OK
Sep 21, 2023 4:31:55 PM okhttp3.mockwebserver.MockWebServer$3 acceptConnections
INFO: MockWebServer[63637] done accepting connections: socket closed
Sep 21, 2023 4:31:55 PM okhttp3.mockwebserver.MockWebServer$3 execute
INFO: MockWebServer[63647] starting to accept connections
Sep 21, 2023 4:31:55 PM okhttp3.mockwebserver.MockWebServer$4 processOneRequest
INFO: MockWebServer[63647] received request: POST /post HTTP/1.1 and responded: HTTP/1.1 201 OK
Sep 21, 2023 4:31:55 PM okhttp3.mockwebserver.MockWebServer$3 acceptConnections
INFO: MockWebServer[63647] done accepting connections: socket closed
Sep 21, 2023 4:31:55 PM okhttp3.mockwebserver.MockWebServer$3 execute
INFO: MockWebServer[63660] starting to accept connections
Sep 21, 2023 4:31:55 PM okhttp3.mockwebserver.MockWebServer$4 processOneRequest
INFO: MockWebServer[63660] received request: POST /post HTTP/1.1 and responded: HTTP/1.1 201 OK
Sep 21, 2023 4:31:55 PM okhttp3.mockwebserver.MockWebServer$3 acceptConnections
INFO: MockWebServer[63660] done accepting connections: socket closed
Sep 21, 2023 4:31:55 PM okhttp3.mockwebserver.MockWebServer$3 execute
INFO: MockWebServer[63683] starting to accept connections
Sep 21, 2023 4:31:55 PM okhttp3.mockwebserver.MockWebServer$4 processOneRequest
INFO: MockWebServer[63683] received request: POST /post HTTP/1.1 and responded: HTTP/1.1 201 OK
Sep 21, 2023 4:31:55 PM okhttp3.mockwebserver.MockWebServer$3 acceptConnections
INFO: MockWebServer[63683] done accepting connections: socket closed
Sep 21, 2023 4:31:55 PM okhttp3.mockwebserver.MockWebServer$3 execute
INFO: MockWebServer[63826] starting to accept connections
Sep 21, 2023 4:31:55 PM okhttp3.mockwebserver.MockWebServer$4 processOneRequest
INFO: MockWebServer[63826] received request: GET /uri/Z%C3%BCrich HTTP/1.1 and responded: HTTP/1.1 200 OK
Sep 21, 2023 4:31:55 PM okhttp3.mockwebserver.MockWebServer$4 processOneRequest
INFO: MockWebServer[63826] received request: GET /uri/query=foo@bar HTTP/1.1 and responded: HTTP/1.1 200 OK
Sep 21, 2023 4:31:55 PM okhttp3.mockwebserver.MockWebServer$4 processOneRequest
INFO: MockWebServer[63826] received request: GET /uri/query=T%C5%8Dky%C5%8D HTTP/1.1 and responded: HTTP/1.1 200 OK
Sep 21, 2023 4:31:55 PM okhttp3.mockwebserver.MockWebServer$3 acceptConnections
INFO: MockWebServer[63826] done accepting connections: socket closed
Sep 21, 2023 4:31:55 PM okhttp3.mockwebserver.MockWebServer$3 execute
INFO: MockWebServer[63828] starting to accept connections
Sep 21, 2023 4:31:55 PM okhttp3.mockwebserver.MockWebServer$4 processOneRequest
INFO: MockWebServer[63828] received request: GET /uri/Z%C3%BCrich HTTP/1.1 and responded: HTTP/1.1 200 OK
Sep 21, 2023 4:31:55 PM okhttp3.mockwebserver.MockWebServer$4 processOneRequest
INFO: MockWebServer[63828] received request: GET /uri/query=foo@bar HTTP/1.1 and responded: HTTP/1.1 200 OK
Sep 21, 2023 4:31:55 PM okhttp3.mockwebserver.MockWebServer$4 processOneRequest
INFO: MockWebServer[63828] received request: GET /uri/query=T%C5%8Dky%C5%8D HTTP/1.1 and responded: HTTP/1.1 200 OK
Sep 21, 2023 4:31:55 PM okhttp3.mockwebserver.MockWebServer$3 acceptConnections
INFO: MockWebServer[63828] done accepting connections: socket closed
Sep 21, 2023 4:31:55 PM okhttp3.mockwebserver.MockWebServer$3 execute
INFO: MockWebServer[63830] starting to accept connections
Sep 21, 2023 4:31:55 PM okhttp3.mockwebserver.MockWebServer$4 processOneRequest
INFO: MockWebServer[63830] received request: GET /uri/Z%C3%BCrich HTTP/1.1 and responded: HTTP/1.1 200 OK
Sep 21, 2023 4:31:55 PM okhttp3.mockwebserver.MockWebServer$4 processOneRequest
INFO: MockWebServer[63830] received request: GET /uri/query=foo@bar HTTP/1.1 and responded: HTTP/1.1 200 OK
Sep 21, 2023 4:31:55 PM okhttp3.mockwebserver.MockWebServer$4 processOneRequest
INFO: MockWebServer[63830] received request: GET /uri/query=T%C5%8Dky%C5%8D HTTP/1.1 and responded: HTTP/1.1 200 OK
Sep 21, 2023 4:31:55 PM okhttp3.mockwebserver.MockWebServer$3 acceptConnections
INFO: MockWebServer[63830] done accepting connections: socket closed
Sep 21, 2023 4:31:55 PM okhttp3.mockwebserver.MockWebServer$3 execute
INFO: MockWebServer[63834] starting to accept connections
Sep 21, 2023 4:31:55 PM okhttp3.mockwebserver.MockWebServer$4 processOneRequest
INFO: MockWebServer[63834] received request: GET /uri/Z%C3%BCrich HTTP/1.1 and responded: HTTP/1.1 200 OK
Sep 21, 2023 4:31:55 PM okhttp3.mockwebserver.MockWebServer$4 processOneRequest
INFO: MockWebServer[63834] received request: GET /uri/query=foo@bar HTTP/1.1 and responded: HTTP/1.1 200 OK
Sep 21, 2023 4:31:55 PM okhttp3.mockwebserver.MockWebServer$4 processOneRequest
INFO: MockWebServer[63834] received request: GET /uri/query=T%C5%8Dky%C5%8D HTTP/1.1 and responded: HTTP/1.1 200 OK
Sep 21, 2023 4:31:55 PM okhttp3.mockwebserver.MockWebServer$3 acceptConnections
INFO: MockWebServer[63834] done accepting connections: socket closed
Sep 21, 2023 4:31:55 PM okhttp3.mockwebserver.MockWebServer$3 execute
INFO: MockWebServer[63936] starting to accept connections
Sep 21, 2023 4:31:55 PM okhttp3.mockwebserver.MockWebServer$4 processOneRequest
INFO: MockWebServer[63936] received request: POST /form HTTP/1.1 and responded: HTTP/1.1 200 OK
Sep 21, 2023 4:31:55 PM okhttp3.mockwebserver.MockWebServer$3 acceptConnections
INFO: MockWebServer[63936] done accepting connections: socket closed
Sep 21, 2023 4:31:55 PM okhttp3.mockwebserver.MockWebServer$3 execute
INFO: MockWebServer[63938] starting to accept connections
Sep 21, 2023 4:31:55 PM okhttp3.mockwebserver.MockWebServer$4 processOneRequest
INFO: MockWebServer[63938] received request: POST /form HTTP/1.1 and responded: HTTP/1.1 200 OK
Sep 21, 2023 4:31:55 PM okhttp3.mockwebserver.MockWebServer$3 acceptConnections
INFO: MockWebServer[63938] done accepting connections: socket closed
Sep 21, 2023 4:31:55 PM okhttp3.mockwebserver.MockWebServer$3 execute
INFO: MockWebServer[63940] starting to accept connections
Sep 21, 2023 4:31:55 PM okhttp3.mockwebserver.MockWebServer$4 processOneRequest
INFO: MockWebServer[63940] received request: POST /form HTTP/1.1 and responded: HTTP/1.1 200 OK
Sep 21, 2023 4:31:55 PM okhttp3.mockwebserver.MockWebServer$3 acceptConnections
INFO: MockWebServer[63940] done accepting connections: socket closed
Sep 21, 2023 4:31:55 PM okhttp3.mockwebserver.MockWebServer$3 execute
INFO: MockWebServer[63943] starting to accept connections
Sep 21, 2023 4:31:55 PM okhttp3.mockwebserver.MockWebServer$4 processOneRequest
INFO: MockWebServer[63943] received request: POST /form HTTP/1.1 and responded: HTTP/1.1 200 OK
Sep 21, 2023 4:31:55 PM okhttp3.mockwebserver.MockWebServer$3 acceptConnections
INFO: MockWebServer[63943] done accepting connections: socket closed
Sep 21, 2023 4:31:55 PM okhttp3.mockwebserver.MockWebServer$3 execute
INFO: MockWebServer[64043] starting to accept connections
Sep 21, 2023 4:31:55 PM okhttp3.mockwebserver.MockWebServer$4 processOneRequest
INFO: MockWebServer[64043] received request: POST /multipartRelated HTTP/1.1 and responded: HTTP/1.1 200 OK
Sep 21, 2023 4:31:55 PM okhttp3.mockwebserver.MockWebServer$3 acceptConnections
INFO: MockWebServer[64043] done accepting connections: socket closed
Sep 21, 2023 4:31:55 PM okhttp3.mockwebserver.MockWebServer$3 execute
INFO: MockWebServer[64045] starting to accept connections
Sep 21, 2023 4:31:55 PM okhttp3.mockwebserver.MockWebServer$4 processOneRequest
INFO: MockWebServer[64045] received request: POST /multipartRelated HTTP/1.1 and responded: HTTP/1.1 200 OK
Sep 21, 2023 4:31:55 PM okhttp3.mockwebserver.MockWebServer$3 acceptConnections
INFO: MockWebServer[64045] done accepting connections: socket closed
Sep 21, 2023 4:31:55 PM okhttp3.mockwebserver.MockWebServer$3 execute
INFO: MockWebServer[64047] starting to accept connections
Sep 21, 2023 4:31:55 PM okhttp3.mockwebserver.MockWebServer$4 processOneRequest
INFO: MockWebServer[64047] received request: POST /multipartRelated HTTP/1.1 and responded: HTTP/1.1 200 OK
Sep 21, 2023 4:31:55 PM okhttp3.mockwebserver.MockWebServer$3 acceptConnections
INFO: MockWebServer[64047] done accepting connections: socket closed
Sep 21, 2023 4:31:55 PM okhttp3.mockwebserver.MockWebServer$3 execute
INFO: MockWebServer[64053] starting to accept connections
Sep 21, 2023 4:31:55 PM okhttp3.mockwebserver.MockWebServer$4 processOneRequest
INFO: MockWebServer[64053] received request: POST /multipartRelated HTTP/1.1 and responded: HTTP/1.1 200 OK
Sep 21, 2023 4:31:55 PM okhttp3.mockwebserver.MockWebServer$3 acceptConnections
INFO: MockWebServer[64053] done accepting connections: socket closed
Sep 21, 2023 4:31:56 PM okhttp3.mockwebserver.MockWebServer$3 execute
INFO: MockWebServer[64179] starting to accept connections
Sep 21, 2023 4:31:56 PM okhttp3.mockwebserver.MockWebServer$4 processOneRequest
INFO: MockWebServer[64179] received request: GET /get HTTP/1.1 and responded: HTTP/1.1 200 OK
Sep 21, 2023 4:31:56 PM okhttp3.mockwebserver.MockWebServer$3 acceptConnections
INFO: MockWebServer[64179] done accepting connections: socket closed
Sep 21, 2023 4:31:56 PM okhttp3.mockwebserver.MockWebServer$3 execute
INFO: MockWebServer[64185] starting to accept connections
Sep 21, 2023 4:31:56 PM okhttp3.mockwebserver.MockWebServer$4 processOneRequest
INFO: MockWebServer[64185] received request: GET /get HTTP/1.1 and responded: HTTP/1.1 200 OK
Sep 21, 2023 4:31:56 PM okhttp3.mockwebserver.MockWebServer$3 acceptConnections
INFO: MockWebServer[64185] done accepting connections: socket closed
Sep 21, 2023 4:31:56 PM okhttp3.mockwebserver.MockWebServer$3 execute
INFO: MockWebServer[64187] starting to accept connections
Sep 21, 2023 4:31:56 PM okhttp3.mockwebserver.MockWebServer$4 processOneRequest
INFO: MockWebServer[64187] received request: GET /get HTTP/1.1 and responded: HTTP/1.1 200 OK
Sep 21, 2023 4:31:56 PM okhttp3.mockwebserver.MockWebServer$3 acceptConnections
INFO: MockWebServer[64187] done accepting connections: socket closed
Sep 21, 2023 4:31:56 PM okhttp3.mockwebserver.MockWebServer$3 execute
INFO: MockWebServer[64191] starting to accept connections
Sep 21, 2023 4:31:56 PM okhttp3.mockwebserver.MockWebServer$4 processOneRequest
INFO: MockWebServer[64191] received request: GET /get HTTP/1.1 and responded: HTTP/1.1 200 OK
Sep 21, 2023 4:31:56 PM okhttp3.mockwebserver.MockWebServer$3 acceptConnections
INFO: MockWebServer[64191] done accepting connections: socket closed
Sep 21, 2023 4:31:56 PM okhttp3.mockwebserver.MockWebServer$3 execute
INFO: MockWebServer[64363] starting to accept connections
Sep 21, 2023 4:31:56 PM okhttp3.mockwebserver.MockWebServer$4 processOneRequest
INFO: MockWebServer[64363] received request: GET /get/nothing HTTP/1.1 and responded: HTTP/1.1 200 OK
Sep 21, 2023 4:31:56 PM okhttp3.mockwebserver.MockWebServer$3 acceptConnections
INFO: MockWebServer[64363] done accepting connections: socket closed
Sep 21, 2023 4:31:56 PM okhttp3.mockwebserver.MockWebServer$3 execute
INFO: MockWebServer[64365] starting to accept connections
Sep 21, 2023 4:31:56 PM okhttp3.mockwebserver.MockWebServer$4 processOneRequest
INFO: MockWebServer[64365] received request: GET /get/nothing HTTP/1.1 and responded: HTTP/1.1 200 OK
Sep 21, 2023 4:31:56 PM okhttp3.mockwebserver.MockWebServer$3 acceptConnections
INFO: MockWebServer[64365] done accepting connections: socket closed
Sep 21, 2023 4:31:56 PM okhttp3.mockwebserver.MockWebServer$3 execute
INFO: MockWebServer[64367] starting to accept connections
Sep 21, 2023 4:31:56 PM okhttp3.mockwebserver.MockWebServer$4 processOneRequest
INFO: MockWebServer[64367] received request: GET /get/nothing HTTP/1.1 and responded: HTTP/1.1 200 OK
Sep 21, 2023 4:31:56 PM okhttp3.mockwebserver.MockWebServer$3 acceptConnections
INFO: MockWebServer[64367] done accepting connections: socket closed
Sep 21, 2023 4:31:56 PM okhttp3.mockwebserver.MockWebServer$3 execute
INFO: MockWebServer[64369] starting to accept connections
Sep 21, 2023 4:31:56 PM okhttp3.mockwebserver.MockWebServer$4 processOneRequest
INFO: MockWebServer[64369] received request: GET /get/nothing HTTP/1.1 and responded: HTTP/1.1 200 OK
Sep 21, 2023 4:31:56 PM okhttp3.mockwebserver.MockWebServer$3 acceptConnections
INFO: MockWebServer[64369] done accepting connections: socket closed
Sep 21, 2023 4:31:56 PM okhttp3.mockwebserver.MockWebServer$3 execute
INFO: MockWebServer[64470] starting to accept connections
Sep 21, 2023 4:31:56 PM okhttp3.mockwebserver.MockWebServer$3 acceptConnections
INFO: MockWebServer[64470] done accepting connections: Socket is closed
Sep 21, 2023 4:31:56 PM okhttp3.mockwebserver.MockWebServer$3 execute
INFO: MockWebServer[64471] starting to accept connections
Sep 21, 2023 4:31:56 PM okhttp3.mockwebserver.MockWebServer$4 processOneRequest
INFO: MockWebServer[64471] received request: PATCH /patch HTTP/1.1 and responded: HTTP/1.1 201 OK
Sep 21, 2023 4:31:56 PM okhttp3.mockwebserver.MockWebServer$3 acceptConnections
INFO: MockWebServer[64471] done accepting connections: socket closed
Sep 21, 2023 4:31:56 PM okhttp3.mockwebserver.MockWebServer$3 execute
INFO: MockWebServer[64473] starting to accept connections
Sep 21, 2023 4:31:56 PM okhttp3.mockwebserver.MockWebServer$4 processOneRequest
INFO: MockWebServer[64473] received request: PATCH /patch HTTP/1.1 and responded: HTTP/1.1 201 OK
Sep 21, 2023 4:31:56 PM okhttp3.mockwebserver.MockWebServer$3 acceptConnections
INFO: MockWebServer[64473] done accepting connections: socket closed
Sep 21, 2023 4:31:56 PM okhttp3.mockwebserver.MockWebServer$3 execute
INFO: MockWebServer[64475] starting to accept connections
Sep 21, 2023 4:31:56 PM okhttp3.mockwebserver.MockWebServer$4 processOneRequest
INFO: MockWebServer[64475] received request: PATCH /patch HTTP/1.1 and responded: HTTP/1.1 201 OK
Sep 21, 2023 4:31:56 PM okhttp3.mockwebserver.MockWebServer$3 acceptConnections
INFO: MockWebServer[64475] done accepting connections: socket closed
Sep 21, 2023 4:31:56 PM okhttp3.mockwebserver.MockWebServer$3 execute
INFO: MockWebServer[64605] starting to accept connections
Sep 21, 2023 4:31:56 PM okhttp3.mockwebserver.MockWebServer$4 processOneRequest
INFO: MockWebServer[64605] received request: GET /get HTTP/1.1 and responded: HTTP/1.1 200 OK
Sep 21, 2023 4:31:56 PM okhttp3.mockwebserver.MockWebServer$3 acceptConnections
INFO: MockWebServer[64605] done accepting connections: socket closed
Sep 21, 2023 4:31:56 PM okhttp3.mockwebserver.MockWebServer$3 execute
INFO: MockWebServer[64621] starting to accept connections
Sep 21, 2023 4:31:56 PM okhttp3.mockwebserver.MockWebServer$4 processOneRequest
INFO: MockWebServer[64621] received request: GET /get HTTP/1.1 and responded: HTTP/1.1 200 OK
Sep 21, 2023 4:31:56 PM okhttp3.mockwebserver.MockWebServer$3 acceptConnections
INFO: MockWebServer[64621] done accepting connections: socket closed
Sep 21, 2023 4:31:56 PM okhttp3.mockwebserver.MockWebServer$3 execute
INFO: MockWebServer[64626] starting to accept connections
Sep 21, 2023 4:31:56 PM okhttp3.mockwebserver.MockWebServer$4 processOneRequest
INFO: MockWebServer[64626] received request: GET /get HTTP/1.1 and responded: HTTP/1.1 200 OK
Sep 21, 2023 4:31:56 PM okhttp3.mockwebserver.MockWebServer$3 acceptConnections
INFO: MockWebServer[64626] done accepting connections: socket closed
Sep 21, 2023 4:31:56 PM okhttp3.mockwebserver.MockWebServer$3 execute
INFO: MockWebServer[64643] starting to accept connections
Sep 21, 2023 4:31:56 PM okhttp3.mockwebserver.MockWebServer$4 processOneRequest
INFO: MockWebServer[64643] received request: GET /get HTTP/1.1 and responded: HTTP/1.1 200 OK
Sep 21, 2023 4:31:56 PM okhttp3.mockwebserver.MockWebServer$3 acceptConnections
INFO: MockWebServer[64643] done accepting connections: socket closed
Sep 21, 2023 4:31:56 PM okhttp3.mockwebserver.MockWebServer$3 execute
INFO: MockWebServer[64756] starting to accept connections
Sep 21, 2023 4:31:56 PM okhttp3.mockwebserver.MockWebServer$4 processOneRequest
INFO: MockWebServer[64756] received request: OPTIONS /get HTTP/1.1 and responded: HTTP/1.1 200 OK
Sep 21, 2023 4:31:56 PM okhttp3.mockwebserver.MockWebServer$3 acceptConnections
INFO: MockWebServer[64756] done accepting connections: socket closed
Sep 21, 2023 4:31:56 PM okhttp3.mockwebserver.MockWebServer$3 execute
INFO: MockWebServer[64758] starting to accept connections
Sep 21, 2023 4:31:56 PM okhttp3.mockwebserver.MockWebServer$4 processOneRequest
INFO: MockWebServer[64758] received request: OPTIONS /get HTTP/1.1 and responded: HTTP/1.1 200 OK
Sep 21, 2023 4:31:56 PM okhttp3.mockwebserver.MockWebServer$3 acceptConnections
INFO: MockWebServer[64758] done accepting connections: socket closed
Sep 21, 2023 4:31:56 PM okhttp3.mockwebserver.MockWebServer$3 execute
INFO: MockWebServer[64760] starting to accept connections
Sep 21, 2023 4:31:56 PM okhttp3.mockwebserver.MockWebServer$4 processOneRequest
INFO: MockWebServer[64760] received request: OPTIONS /get HTTP/1.1 and responded: HTTP/1.1 200 OK
Sep 21, 2023 4:31:56 PM okhttp3.mockwebserver.MockWebServer$3 acceptConnections
INFO: MockWebServer[64760] done accepting connections: socket closed
Sep 21, 2023 4:31:56 PM okhttp3.mockwebserver.MockWebServer$3 execute
INFO: MockWebServer[64783] starting to accept connections
Sep 21, 2023 4:31:56 PM okhttp3.mockwebserver.MockWebServer$4 processOneRequest
INFO: MockWebServer[64783] received request: OPTIONS /get HTTP/1.1 and responded: HTTP/1.1 200 OK
Sep 21, 2023 4:31:56 PM okhttp3.mockwebserver.MockWebServer$3 acceptConnections
INFO: MockWebServer[64783] done accepting connections: socket closed
Sep 21, 2023 4:31:56 PM okhttp3.mockwebserver.MockWebServer$3 execute
INFO: MockWebServer[64951] starting to accept connections
Sep 21, 2023 4:31:56 PM okhttp3.mockwebserver.MockWebServer$4 processOneRequest
INFO: MockWebServer[64951] received request: POST /post HTTP/1.1 and responded: HTTP/1.1 201 OK
Sep 21, 2023 4:31:56 PM okhttp3.mockwebserver.MockWebServer$3 acceptConnections
INFO: MockWebServer[64951] done accepting connections: socket closed
Sep 21, 2023 4:31:56 PM okhttp3.mockwebserver.MockWebServer$3 execute
INFO: MockWebServer[64975] starting to accept connections
Sep 21, 2023 4:31:56 PM okhttp3.mockwebserver.MockWebServer$4 processOneRequest
INFO: MockWebServer[64975] received request: POST /post HTTP/1.1 and responded: HTTP/1.1 201 OK
Sep 21, 2023 4:31:56 PM okhttp3.mockwebserver.MockWebServer$3 acceptConnections
INFO: MockWebServer[64975] done accepting connections: socket closed
Sep 21, 2023 4:31:56 PM okhttp3.mockwebserver.MockWebServer$3 execute
INFO: MockWebServer[64994] starting to accept connections
Sep 21, 2023 4:31:56 PM okhttp3.mockwebserver.MockWebServer$4 processOneRequest
INFO: MockWebServer[64994] received request: POST /post HTTP/1.1 and responded: HTTP/1.1 201 OK
Sep 21, 2023 4:31:56 PM okhttp3.mockwebserver.MockWebServer$3 acceptConnections
INFO: MockWebServer[64994] done accepting connections: socket closed
Sep 21, 2023 4:31:56 PM okhttp3.mockwebserver.MockWebServer$3 execute
INFO: MockWebServer[65005] starting to accept connections
Sep 21, 2023 4:31:56 PM okhttp3.mockwebserver.MockWebServer$4 processOneRequest
INFO: MockWebServer[65005] received request: POST /post HTTP/1.1 and responded: HTTP/1.1 201 OK
Sep 21, 2023 4:31:56 PM okhttp3.mockwebserver.MockWebServer$3 acceptConnections
INFO: MockWebServer[65005] done accepting connections: socket closed
Sep 21, 2023 4:31:56 PM okhttp3.mockwebserver.MockWebServer$3 execute
INFO: MockWebServer[65158] starting to accept connections
Sep 21, 2023 4:31:56 PM okhttp3.mockwebserver.MockWebServer$4 processOneRequest
INFO: MockWebServer[65158] received request: GET /status/nocontent HTTP/1.1 and responded: HTTP/1.1 204 OK
Sep 21, 2023 4:31:56 PM okhttp3.mockwebserver.MockWebServer$4 processOneRequest
INFO: MockWebServer[65158] received request: GET /status/nocontent HTTP/1.1 and responded: HTTP/1.1 204 OK
Sep 21, 2023 4:31:56 PM okhttp3.mockwebserver.MockWebServer$3 acceptConnections
INFO: MockWebServer[65158] done accepting connections: socket closed
Sep 21, 2023 4:31:56 PM okhttp3.mockwebserver.MockWebServer$3 execute
INFO: MockWebServer[65160] starting to accept connections
Sep 21, 2023 4:31:56 PM okhttp3.mockwebserver.MockWebServer$4 processOneRequest
INFO: MockWebServer[65160] received request: GET /status/nocontent HTTP/1.1 and responded: HTTP/1.1 204 OK
Sep 21, 2023 4:31:56 PM okhttp3.mockwebserver.MockWebServer$4 processOneRequest
INFO: MockWebServer[65160] received request: GET /status/nocontent HTTP/1.1 and responded: HTTP/1.1 204 OK
Sep 21, 2023 4:31:56 PM okhttp3.mockwebserver.MockWebServer$3 acceptConnections
INFO: MockWebServer[65160] done accepting connections: socket closed
Sep 21, 2023 4:31:56 PM okhttp3.mockwebserver.MockWebServer$3 execute
INFO: MockWebServer[65162] starting to accept connections
Sep 21, 2023 4:31:56 PM okhttp3.mockwebserver.MockWebServer$4 processOneRequest
INFO: MockWebServer[65162] received request: GET /status/nocontent HTTP/1.1 and responded: HTTP/1.1 204 OK
Sep 21, 2023 4:31:56 PM okhttp3.mockwebserver.MockWebServer$4 processOneRequest
INFO: MockWebServer[65162] received request: GET /status/nocontent HTTP/1.1 and responded: HTTP/1.1 204 OK
Sep 21, 2023 4:31:56 PM okhttp3.mockwebserver.MockWebServer$3 acceptConnections
INFO: MockWebServer[65162] done accepting connections: socket closed
Sep 21, 2023 4:31:56 PM okhttp3.mockwebserver.MockWebServer$3 execute
INFO: MockWebServer[65179] starting to accept connections
Sep 21, 2023 4:31:56 PM okhttp3.mockwebserver.MockWebServer$4 processOneRequest
INFO: MockWebServer[65179] received request: GET /status/nocontent HTTP/1.1 and responded: HTTP/1.1 204 OK
Sep 21, 2023 4:31:56 PM okhttp3.mockwebserver.MockWebServer$4 processOneRequest
INFO: MockWebServer[65179] received request: GET /status/nocontent HTTP/1.1 and responded: HTTP/1.1 204 OK
Sep 21, 2023 4:31:56 PM okhttp3.mockwebserver.MockWebServer$3 acceptConnections
INFO: MockWebServer[65179] done accepting connections: socket closed
Sep 21, 2023 4:31:56 PM okhttp3.mockwebserver.MockWebServer$3 execute
INFO: MockWebServer[65328] starting to accept connections
Sep 21, 2023 4:31:56 PM okhttp3.mockwebserver.MockWebServer$4 processOneRequest
INFO: MockWebServer[65328] received request: GET /status/notfound HTTP/1.1 and responded: HTTP/1.1 404 Client Error
Sep 21, 2023 4:31:56 PM okhttp3.mockwebserver.MockWebServer$3 acceptConnections
INFO: MockWebServer[65328] done accepting connections: socket closed
Sep 21, 2023 4:31:56 PM okhttp3.mockwebserver.MockWebServer$3 execute
INFO: MockWebServer[65388] starting to accept connections
Sep 21, 2023 4:31:56 PM okhttp3.mockwebserver.MockWebServer$4 processOneRequest
INFO: MockWebServer[65388] received request: GET /status/notfound HTTP/1.1 and responded: HTTP/1.1 404 Client Error
Sep 21, 2023 4:31:56 PM okhttp3.mockwebserver.MockWebServer$3 acceptConnections
INFO: MockWebServer[65388] done accepting connections: socket closed
Sep 21, 2023 4:31:56 PM okhttp3.mockwebserver.MockWebServer$3 execute
INFO: MockWebServer[65394] starting to accept connections
Sep 21, 2023 4:31:56 PM okhttp3.mockwebserver.MockWebServer$4 processOneRequest
INFO: MockWebServer[65394] received request: GET /status/notfound HTTP/1.1 and responded: HTTP/1.1 404 Client Error
Sep 21, 2023 4:31:56 PM okhttp3.mockwebserver.MockWebServer$3 acceptConnections
INFO: MockWebServer[65394] done accepting connections: socket closed
Sep 21, 2023 4:31:56 PM okhttp3.mockwebserver.MockWebServer$3 execute
INFO: MockWebServer[65404] starting to accept connections
Sep 21, 2023 4:31:56 PM okhttp3.mockwebserver.MockWebServer$4 processOneRequest
INFO: MockWebServer[65404] received request: GET /status/notfound HTTP/1.1 and responded: HTTP/1.1 404 Client Error
Sep 21, 2023 4:31:56 PM okhttp3.mockwebserver.MockWebServer$3 acceptConnections
INFO: MockWebServer[65404] done accepting connections: socket closed
Sep 21, 2023 4:31:56 PM okhttp3.mockwebserver.MockWebServer$3 execute
INFO: MockWebServer[49153] starting to accept connections
Sep 21, 2023 4:31:56 PM okhttp3.mockwebserver.MockWebServer$4 processOneRequest
INFO: MockWebServer[49153] received request: POST /multipartFormData HTTP/1.1 and responded: HTTP/1.1 200 OK
Sep 21, 2023 4:31:56 PM okhttp3.mockwebserver.MockWebServer$3 acceptConnections
INFO: MockWebServer[49153] done accepting connections: socket closed
Sep 21, 2023 4:31:56 PM okhttp3.mockwebserver.MockWebServer$3 execute
INFO: MockWebServer[49194] starting to accept connections
Sep 21, 2023 4:31:56 PM okhttp3.mockwebserver.MockWebServer$4 processOneRequest
INFO: MockWebServer[49194] received request: POST /multipartFormData HTTP/1.1 and responded: HTTP/1.1 200 OK
Sep 21, 2023 4:31:56 PM okhttp3.mockwebserver.MockWebServer$3 acceptConnections
INFO: MockWebServer[49194] done accepting connections: socket closed
Sep 21, 2023 4:31:56 PM okhttp3.mockwebserver.MockWebServer$3 execute
INFO: MockWebServer[49197] starting to accept connections
Sep 21, 2023 4:31:56 PM okhttp3.mockwebserver.MockWebServer$4 processOneRequest
INFO: MockWebServer[49197] received request: POST /multipartFormData HTTP/1.1 and responded: HTTP/1.1 200 OK
Sep 21, 2023 4:31:56 PM okhttp3.mockwebserver.MockWebServer$3 acceptConnections
INFO: MockWebServer[49197] done accepting connections: socket closed
Sep 21, 2023 4:31:56 PM okhttp3.mockwebserver.MockWebServer$3 execute
INFO: MockWebServer[49199] starting to accept connections
Sep 21, 2023 4:31:56 PM okhttp3.mockwebserver.MockWebServer$4 processOneRequest
INFO: MockWebServer[49199] received request: POST /multipartFormData HTTP/1.1 and responded: HTTP/1.1 200 OK
Sep 21, 2023 4:31:56 PM okhttp3.mockwebserver.MockWebServer$3 acceptConnections
INFO: MockWebServer[49199] done accepting connections: socket closed
Sep 21, 2023 4:31:56 PM okhttp3.mockwebserver.MockWebServer$3 execute
INFO: MockWebServer[49303] starting to accept connections
Sep 21, 2023 4:31:56 PM okhttp3.mockwebserver.MockWebServer$4 processOneRequest
INFO: MockWebServer[49303] received request: POST /jsonpost HTTP/1.1 and responded: HTTP/1.1 201 OK
Sep 21, 2023 4:31:56 PM okhttp3.mockwebserver.MockWebServer$3 acceptConnections
INFO: MockWebServer[49303] done accepting connections: socket closed
Sep 21, 2023 4:31:56 PM okhttp3.mockwebserver.MockWebServer$3 execute
INFO: MockWebServer[49327] starting to accept connections
Sep 21, 2023 4:31:56 PM okhttp3.mockwebserver.MockWebServer$4 processOneRequest
INFO: MockWebServer[49327] received request: POST /jsonpost HTTP/1.1 and responded: HTTP/1.1 201 OK
Sep 21, 2023 4:31:56 PM okhttp3.mockwebserver.MockWebServer$3 acceptConnections
INFO: MockWebServer[49327] done accepting connections: socket closed
Sep 21, 2023 4:31:56 PM okhttp3.mockwebserver.MockWebServer$3 execute
INFO: MockWebServer[49331] starting to accept connections
Sep 21, 2023 4:31:56 PM okhttp3.mockwebserver.MockWebServer$4 processOneRequest
INFO: MockWebServer[49331] received request: POST /jsonpost HTTP/1.1 and responded: HTTP/1.1 201 OK
Sep 21, 2023 4:31:56 PM okhttp3.mockwebserver.MockWebServer$3 acceptConnections
INFO: MockWebServer[49331] done accepting connections: socket closed
Sep 21, 2023 4:31:56 PM okhttp3.mockwebserver.MockWebServer$3 execute
INFO: MockWebServer[49335] starting to accept connections
Sep 21, 2023 4:31:56 PM okhttp3.mockwebserver.MockWebServer$4 processOneRequest
INFO: MockWebServer[49335] received request: POST /jsonpost HTTP/1.1 and responded: HTTP/1.1 201 OK
Sep 21, 2023 4:31:56 PM okhttp3.mockwebserver.MockWebServer$3 acceptConnections
INFO: MockWebServer[49335] done accepting connections: socket closed
]]></system-err>
</testsuite>
