<?xml version="1.0" encoding="UTF-8"?>
<testsuite name="org.springframework.http.server.DefaultRequestPathTests" tests="2" skipped="0" failures="0" errors="0" timestamp="2023-09-21T20:31:32" hostname="DESKTOP" time="0.0">
  <properties/>
  <testcase name="modifyContextPath()" classname="org.springframework.http.server.DefaultRequestPathTests" time="0.0"/>
  <testcase name="parse()" classname="org.springframework.http.server.DefaultRequestPathTests" time="0.0"/>
  <system-out><![CDATA[]]></system-out>
  <system-err><![CDATA[]]></system-err>
</testsuite>
