<?xml version="1.0" encoding="UTF-8"?>
<testsuite name="org.springframework.web.bind.EscapedErrorsTests" tests="1" skipped="0" failures="0" errors="0" timestamp="2023-09-21T20:31:51" hostname="DESKTOP" time="0.024">
  <properties/>
  <testcase name="testEscapedErrors()" classname="org.springframework.web.bind.EscapedErrorsTests" time="0.024"/>
  <system-out><![CDATA[]]></system-out>
  <system-err><![CDATA[]]></system-err>
</testsuite>
