<?xml version="1.0" encoding="UTF-8"?>
<testsuite name="org.springframework.web.client.DefaultResponseErrorHandlerTests" tests="12" skipped="0" failures="0" errors="0" timestamp="2023-09-21T20:31:54" hostname="DESKTOP" time="0.009">
  <properties/>
  <testcase name="bodyAvailableAfterHasErrorForUnknownStatusCode()" classname="org.springframework.web.client.DefaultResponseErrorHandlerTests" time="0.001"/>
  <testcase name="hasErrorFalse()" classname="org.springframework.web.client.DefaultResponseErrorHandlerTests" time="0.0"/>
  <testcase name="handleErrorNullResponse()" classname="org.springframework.web.client.DefaultResponseErrorHandlerTests" time="0.001"/>
  <testcase name="hasErrorTrue()" classname="org.springframework.web.client.DefaultResponseErrorHandlerTests" time="0.0"/>
  <testcase name="handleErrorIOException()" classname="org.springframework.web.client.DefaultResponseErrorHandlerTests" time="0.0"/>
  <testcase name="hasErrorForUnknownStatusCode()" classname="org.springframework.web.client.DefaultResponseErrorHandlerTests" time="0.0"/>
  <testcase name="hasErrorForCustomServerError()" classname="org.springframework.web.client.DefaultResponseErrorHandlerTests" time="0.0"/>
  <testcase name="handleErrorUnknownStatusCode()" classname="org.springframework.web.client.DefaultResponseErrorHandlerTests" time="0.0"/>
  <testcase name="handleErrorForCustomServerError()" classname="org.springframework.web.client.DefaultResponseErrorHandlerTests" time="0.001"/>
  <testcase name="hasErrorForCustomClientError()" classname="org.springframework.web.client.DefaultResponseErrorHandlerTests" time="0.0"/>
  <testcase name="handleErrorForCustomClientError()" classname="org.springframework.web.client.DefaultResponseErrorHandlerTests" time="0.001"/>
  <testcase name="handleError()" classname="org.springframework.web.client.DefaultResponseErrorHandlerTests" time="0.001"/>
  <system-out><![CDATA[]]></system-out>
  <system-err><![CDATA[]]></system-err>
</testsuite>
