<?xml version="1.0" encoding="UTF-8"?>
<testsuite name="org.springframework.http.converter.ResourceHttpMessageConverterTests" tests="10" skipped="0" failures="0" errors="0" timestamp="2023-09-21T20:31:31" hostname="DESKTOP" time="0.031">
  <properties/>
  <testcase name="shouldReadInputStreamResource()" classname="org.springframework.http.converter.ResourceHttpMessageConverterTests" time="0.005"/>
  <testcase name="writeContentNotClosingInputStream()" classname="org.springframework.http.converter.ResourceHttpMessageConverterTests" time="0.007"/>
  <testcase name="shouldWriteImageResource()" classname="org.springframework.http.converter.ResourceHttpMessageConverterTests" time="0.009"/>
  <testcase name="writeByteArrayNullMediaType()" classname="org.springframework.http.converter.ResourceHttpMessageConverterTests" time="0.0"/>
  <testcase name="canWriteResource()" classname="org.springframework.http.converter.ResourceHttpMessageConverterTests" time="0.0"/>
  <testcase name="writeContentInputStreamThrowingNullPointerException()" classname="org.springframework.http.converter.ResourceHttpMessageConverterTests" time="0.0"/>
  <testcase name="shouldNotReadInputStreamResource()" classname="org.springframework.http.converter.ResourceHttpMessageConverterTests" time="0.004"/>
  <testcase name="shouldReadImageResource()" classname="org.springframework.http.converter.ResourceHttpMessageConverterTests" time="0.004"/>
  <testcase name="writeContentNotGettingInputStream()" classname="org.springframework.http.converter.ResourceHttpMessageConverterTests" time="0.001"/>
  <testcase name="canReadResource()" classname="org.springframework.http.converter.ResourceHttpMessageConverterTests" time="0.0"/>
  <system-out><![CDATA[]]></system-out>
  <system-err><![CDATA[]]></system-err>
</testsuite>
