<?xml version="1.0" encoding="UTF-8"?>
<testsuite name="org.springframework.http.MediaTypeFactoryTests" tests="2" skipped="0" failures="0" errors="0" timestamp="2023-09-21T20:31:11" hostname="DESKTOP" time="0.012">
  <properties/>
  <testcase name="nullParameter()" classname="org.springframework.http.MediaTypeFactoryTests" time="0.011"/>
  <testcase name="getMediaType()" classname="org.springframework.http.MediaTypeFactoryTests" time="0.0"/>
  <system-out><![CDATA[]]></system-out>
  <system-err><![CDATA[]]></system-err>
</testsuite>
