<?xml version="1.0" encoding="UTF-8"?>
<testsuite name="org.springframework.http.codec.support.CodecConfigurerTests" tests="11" skipped="0" failures="0" errors="0" timestamp="2023-09-21T20:31:29" hostname="DESKTOP" time="0.032">
  <properties/>
  <testcase name="defaultsOffWithCustomWriters()" classname="org.springframework.http.codec.support.CodecConfigurerTests" time="0.011"/>
  <testcase name="defaultReaders()" classname="org.springframework.http.codec.support.CodecConfigurerTests" time="0.0"/>
  <testcase name="defaultWriters()" classname="org.springframework.http.codec.support.CodecConfigurerTests" time="0.0"/>
  <testcase name="cloneDefaultCodecs()" classname="org.springframework.http.codec.support.CodecConfigurerTests" time="0.001"/>
  <testcase name="cloneEmptyCustomCodecs()" classname="org.springframework.http.codec.support.CodecConfigurerTests" time="0.001"/>
  <testcase name="defaultsOffCustomReaders()" classname="org.springframework.http.codec.support.CodecConfigurerTests" time="0.01"/>
  <testcase name="defaultAndCustomReaders()" classname="org.springframework.http.codec.support.CodecConfigurerTests" time="0.0"/>
  <testcase name="encoderDecoderOverrides()" classname="org.springframework.http.codec.support.CodecConfigurerTests" time="0.001"/>
  <testcase name="defaultAndCustomWriters()" classname="org.springframework.http.codec.support.CodecConfigurerTests" time="0.001"/>
  <testcase name="withDefaultCodecConfig()" classname="org.springframework.http.codec.support.CodecConfigurerTests" time="0.001"/>
  <testcase name="cloneCustomCodecs()" classname="org.springframework.http.codec.support.CodecConfigurerTests" time="0.001"/>
  <system-out><![CDATA[]]></system-out>
  <system-err><![CDATA[]]></system-err>
</testsuite>
