<?xml version="1.0" encoding="UTF-8"?>
<testsuite name="org.springframework.http.codec.xml.XmlEventDecoderTests" tests="5" skipped="0" failures="0" errors="0" timestamp="2023-09-21T20:31:29" hostname="DESKTOP" time="0.006">
  <properties/>
  <testcase name="toXMLEventsWithLimit()" classname="org.springframework.http.codec.xml.XmlEventDecoderTests" time="0.002"/>
  <testcase name="decodeErrorAalto()" classname="org.springframework.http.codec.xml.XmlEventDecoderTests" time="0.0"/>
  <testcase name="toXMLEventsNonAalto()" classname="org.springframework.http.codec.xml.XmlEventDecoderTests" time="0.001"/>
  <testcase name="decodeErrorNonAalto()" classname="org.springframework.http.codec.xml.XmlEventDecoderTests" time="0.001"/>
  <testcase name="toXMLEventsAalto()" classname="org.springframework.http.codec.xml.XmlEventDecoderTests" time="0.001"/>
  <system-out><![CDATA[]]></system-out>
  <system-err><![CDATA[]]></system-err>
</testsuite>
